CRITICAL - 2025-02-26 09:03:47 --> CodeIgniter\View\Exceptions\ViewException: Invalid file: "plantilla/email_base.php"
[Method: POST, Route: registrar_usuario]
in SYSTEMPATH\Exceptions\FrameworkException.php on line 39.
 1 SYSTEMPATH\View\View.php(212): CodeIgniter\Exceptions\FrameworkException::forInvalidFile('plantilla/email_base.php')
 2 SYSTEMPATH\Common.php(1173): CodeIgniter\View\View->render('plantilla/email_base', [], true)
 3 APPPATH\Controllers\Panel\Usuario_nuevo.php(76): view('plantilla/email_base', [...])
 4 APPPATH\Controllers\Panel\Usuario_nuevo.php(118): App\Controllers\Panel\Usuario_nuevo->enviar_registro_usuario('coronakey71@gmail.com', [...], 'Keyla123$')
 5 SYSTEMPATH\CodeIgniter.php(933): App\Controllers\Panel\Usuario_nuevo->registrar()
 6 SYSTEMPATH\CodeIgniter.php(507): CodeIgniter\CodeIgniter->runController(Object(App\Controllers\Panel\Usuario_nuevo))
 7 SYSTEMPATH\CodeIgniter.php(354): CodeIgniter\CodeIgniter->handleRequest(null, Object(Config\Cache), false)
 8 SYSTEMPATH\Boot.php(334): CodeIgniter\CodeIgniter->run()
 9 SYSTEMPATH\Boot.php(67): CodeIgniter\Boot::runCodeIgniter(Object(CodeIgniter\CodeIgniter))
10 FCPATH\index.php(56): CodeIgniter\Boot::bootWeb(Object(Config\Paths))
11 SYSTEMPATH\rewrite.php(44): require_once('C:\\xampp\\htdocs\\Nuevo_Estilo_Naye\\Estilo_Naye_Nails\\public\\index.php')
CRITICAL - 2025-02-26 09:07:05 --> CodeIgniter\View\Exceptions\ViewException: Invalid file: "panel/password.php"
[Method: GET, Route: cambiar_password]
in SYSTEMPATH\Exceptions\FrameworkException.php on line 39.
 1 SYSTEMPATH\View\View.php(212): CodeIgniter\Exceptions\FrameworkException::forInvalidFile('panel/password.php')
 2 SYSTEMPATH\Common.php(1173): CodeIgniter\View\View->render('panel/password', [], true)
 3 APPPATH\Controllers\Panel\Password.php(63): view('panel/password', [...])
 4 APPPATH\Controllers\Panel\Password.php(20): App\Controllers\Panel\Password->crear_vista('panel/password', [...])
 5 SYSTEMPATH\CodeIgniter.php(933): App\Controllers\Panel\Password->index()
 6 SYSTEMPATH\CodeIgniter.php(507): CodeIgniter\CodeIgniter->runController(Object(App\Controllers\Panel\Password))
 7 SYSTEMPATH\CodeIgniter.php(354): CodeIgniter\CodeIgniter->handleRequest(null, Object(Config\Cache), false)
 8 SYSTEMPATH\Boot.php(334): CodeIgniter\CodeIgniter->run()
 9 SYSTEMPATH\Boot.php(67): CodeIgniter\Boot::runCodeIgniter(Object(CodeIgniter\CodeIgniter))
10 FCPATH\index.php(56): CodeIgniter\Boot::bootWeb(Object(Config\Paths))
11 SYSTEMPATH\rewrite.php(44): require_once('C:\\xampp\\htdocs\\Nuevo_Estilo_Naye\\Estilo_Naye_Nails\\public\\index.php')
CRITICAL - 2025-02-26 15:24:45 --> CodeIgniter\HTTP\Exceptions\BadRequestException: The URI you submitted has disallowed characters: "base_url('panel"
[Method: GET, Route: base_url%28%27panel/recuperar_password.php%27%29;]
in SYSTEMPATH\Router\Router.php on line 739.
 1 SYSTEMPATH\Router\Router.php(207): CodeIgniter\Router\Router->checkDisallowedChars('base_url(\'panel/recuperar_password.php\');')
 2 SYSTEMPATH\CodeIgniter.php(832): CodeIgniter\Router\Router->handle('base_url(\'panel/recuperar_password.php\');')
 3 SYSTEMPATH\CodeIgniter.php(455): CodeIgniter\CodeIgniter->tryToRouteIt(Object(CodeIgniter\Router\RouteCollection))
 4 SYSTEMPATH\CodeIgniter.php(354): CodeIgniter\CodeIgniter->handleRequest(null, Object(Config\Cache), false)
 5 SYSTEMPATH\Boot.php(334): CodeIgniter\CodeIgniter->run()
 6 SYSTEMPATH\Boot.php(67): CodeIgniter\Boot::runCodeIgniter(Object(CodeIgniter\CodeIgniter))
 7 FCPATH\index.php(56): CodeIgniter\Boot::bootWeb(Object(Config\Paths))
 8 SYSTEMPATH\rewrite.php(44): require_once('C:\\xampp\\htdocs\\Nuevo_Estilo_Naye\\Estilo_Naye_Nails\\public\\index.php')
CRITICAL - 2025-02-26 15:26:00 --> CodeIgniter\HTTP\Exceptions\BadRequestException: The URI you submitted has disallowed characters: "base_url('panel"
[Method: GET, Route: base_url%28%27panel/recuperar_password.php%27%29;]
in SYSTEMPATH\Router\Router.php on line 739.
 1 SYSTEMPATH\Router\Router.php(207): CodeIgniter\Router\Router->checkDisallowedChars('base_url(\'panel/recuperar_password.php\');')
 2 SYSTEMPATH\CodeIgniter.php(832): CodeIgniter\Router\Router->handle('base_url(\'panel/recuperar_password.php\');')
 3 SYSTEMPATH\CodeIgniter.php(455): CodeIgniter\CodeIgniter->tryToRouteIt(Object(CodeIgniter\Router\RouteCollection))
 4 SYSTEMPATH\CodeIgniter.php(354): CodeIgniter\CodeIgniter->handleRequest(null, Object(Config\Cache), false)
 5 SYSTEMPATH\Boot.php(334): CodeIgniter\CodeIgniter->run()
 6 SYSTEMPATH\Boot.php(67): CodeIgniter\Boot::runCodeIgniter(Object(CodeIgniter\CodeIgniter))
 7 FCPATH\index.php(56): CodeIgniter\Boot::bootWeb(Object(Config\Paths))
 8 SYSTEMPATH\rewrite.php(44): require_once('C:\\xampp\\htdocs\\Nuevo_Estilo_Naye\\Estilo_Naye_Nails\\public\\index.php')
CRITICAL - 2025-02-26 09:55:30 --> ErrorException: Undefined variable $titulo_pag
[Method: GET, Route: recuperar_password]
in APPPATH\Views\usuarios\recuperar_password.php on line 7.
 1 APPPATH\Views\usuarios\recuperar_password.php(7): CodeIgniter\Debug\Exceptions->errorHandler(2, 'Undefined variable $titulo_pag', 'C:\\xampp\\htdocs\\Nuevo_Estilo_Naye\\Estilo_Naye_Nails\\app\\Views\\usuarios\\recuperar_password.php', 7)
 2 SYSTEMPATH\View\View.php(224): include('C:\\xampp\\htdocs\\Nuevo_Estilo_Naye\\Estilo_Naye_Nails\\app\\Views\\usuarios\\recuperar_password.php')
 3 SYSTEMPATH\View\View.php(227): CodeIgniter\View\View->CodeIgniter\View\{closure}()
 4 SYSTEMPATH\Common.php(1173): CodeIgniter\View\View->render('usuarios/recuperar_password', [], true)
 5 APPPATH\Controllers\Usuarios\Login.php(47): view('usuarios/recuperar_password')
 6 SYSTEMPATH\CodeIgniter.php(933): App\Controllers\Usuarios\Login->recuperar_password()
 7 SYSTEMPATH\CodeIgniter.php(507): CodeIgniter\CodeIgniter->runController(Object(App\Controllers\Usuarios\Login))
 8 SYSTEMPATH\CodeIgniter.php(354): CodeIgniter\CodeIgniter->handleRequest(null, Object(Config\Cache), false)
 9 SYSTEMPATH\Boot.php(334): CodeIgniter\CodeIgniter->run()
10 SYSTEMPATH\Boot.php(67): CodeIgniter\Boot::runCodeIgniter(Object(CodeIgniter\CodeIgniter))
11 FCPATH\index.php(56): CodeIgniter\Boot::bootWeb(Object(Config\Paths))
12 SYSTEMPATH\rewrite.php(44): require_once('C:\\xampp\\htdocs\\Nuevo_Estilo_Naye\\Estilo_Naye_Nails\\public\\index.php')
CRITICAL - 2025-02-26 09:55:36 --> ErrorException: Undefined variable $titulo_pag
[Method: GET, Route: recuperar_password]
in APPPATH\Views\usuarios\recuperar_password.php on line 7.
 1 APPPATH\Views\usuarios\recuperar_password.php(7): CodeIgniter\Debug\Exceptions->errorHandler(2, 'Undefined variable $titulo_pag', 'C:\\xampp\\htdocs\\Nuevo_Estilo_Naye\\Estilo_Naye_Nails\\app\\Views\\usuarios\\recuperar_password.php', 7)
 2 SYSTEMPATH\View\View.php(224): include('C:\\xampp\\htdocs\\Nuevo_Estilo_Naye\\Estilo_Naye_Nails\\app\\Views\\usuarios\\recuperar_password.php')
 3 SYSTEMPATH\View\View.php(227): CodeIgniter\View\View->CodeIgniter\View\{closure}()
 4 SYSTEMPATH\Common.php(1173): CodeIgniter\View\View->render('usuarios/recuperar_password', [], true)
 5 APPPATH\Controllers\Usuarios\Login.php(47): view('usuarios/recuperar_password')
 6 SYSTEMPATH\CodeIgniter.php(933): App\Controllers\Usuarios\Login->recuperar_password()
 7 SYSTEMPATH\CodeIgniter.php(507): CodeIgniter\CodeIgniter->runController(Object(App\Controllers\Usuarios\Login))
 8 SYSTEMPATH\CodeIgniter.php(354): CodeIgniter\CodeIgniter->handleRequest(null, Object(Config\Cache), false)
 9 SYSTEMPATH\Boot.php(334): CodeIgniter\CodeIgniter->run()
10 SYSTEMPATH\Boot.php(67): CodeIgniter\Boot::runCodeIgniter(Object(CodeIgniter\CodeIgniter))
11 FCPATH\index.php(56): CodeIgniter\Boot::bootWeb(Object(Config\Paths))
12 SYSTEMPATH\rewrite.php(44): require_once('C:\\xampp\\htdocs\\Nuevo_Estilo_Naye\\Estilo_Naye_Nails\\public\\index.php')
CRITICAL - 2025-02-26 10:02:15 --> ErrorException: Undefined variable $titulo_pag
[Method: GET, Route: recuperar_password]
in APPPATH\Views\usuarios\recuperar_password.php on line 7.
 1 APPPATH\Views\usuarios\recuperar_password.php(7): CodeIgniter\Debug\Exceptions->errorHandler(2, 'Undefined variable $titulo_pag', 'C:\\xampp\\htdocs\\Nuevo_Estilo_Naye\\Estilo_Naye_Nails\\app\\Views\\usuarios\\recuperar_password.php', 7)
 2 SYSTEMPATH\View\View.php(224): include('C:\\xampp\\htdocs\\Nuevo_Estilo_Naye\\Estilo_Naye_Nails\\app\\Views\\usuarios\\recuperar_password.php')
 3 SYSTEMPATH\View\View.php(227): CodeIgniter\View\View->CodeIgniter\View\{closure}()
 4 SYSTEMPATH\Common.php(1173): CodeIgniter\View\View->render('usuarios/recuperar_password', [], true)
 5 APPPATH\Controllers\Usuarios\Login.php(47): view('usuarios/recuperar_password')
 6 SYSTEMPATH\CodeIgniter.php(933): App\Controllers\Usuarios\Login->recuperar_password()
 7 SYSTEMPATH\CodeIgniter.php(507): CodeIgniter\CodeIgniter->runController(Object(App\Controllers\Usuarios\Login))
 8 SYSTEMPATH\CodeIgniter.php(354): CodeIgniter\CodeIgniter->handleRequest(null, Object(Config\Cache), false)
 9 SYSTEMPATH\Boot.php(334): CodeIgniter\CodeIgniter->run()
10 SYSTEMPATH\Boot.php(67): CodeIgniter\Boot::runCodeIgniter(Object(CodeIgniter\CodeIgniter))
11 FCPATH\index.php(56): CodeIgniter\Boot::bootWeb(Object(Config\Paths))
12 SYSTEMPATH\rewrite.php(44): require_once('C:\\xampp\\htdocs\\Nuevo_Estilo_Naye\\Estilo_Naye_Nails\\public\\index.php')
CRITICAL - 2025-02-26 10:03:19 --> ErrorException: Undefined variable $titulo_pag
[Method: GET, Route: recuperar_password]
in APPPATH\Views\usuarios\recuperar_password.php on line 7.
 1 APPPATH\Views\usuarios\recuperar_password.php(7): CodeIgniter\Debug\Exceptions->errorHandler(2, 'Undefined variable $titulo_pag', 'C:\\xampp\\htdocs\\Nuevo_Estilo_Naye\\Estilo_Naye_Nails\\app\\Views\\usuarios\\recuperar_password.php', 7)
 2 SYSTEMPATH\View\View.php(224): include('C:\\xampp\\htdocs\\Nuevo_Estilo_Naye\\Estilo_Naye_Nails\\app\\Views\\usuarios\\recuperar_password.php')
 3 SYSTEMPATH\View\View.php(227): CodeIgniter\View\View->CodeIgniter\View\{closure}()
 4 SYSTEMPATH\Common.php(1173): CodeIgniter\View\View->render('usuarios/recuperar_password', [], true)
 5 APPPATH\Controllers\Usuarios\Login.php(47): view('usuarios/recuperar_password')
 6 SYSTEMPATH\CodeIgniter.php(933): App\Controllers\Usuarios\Login->recuperar_password()
 7 SYSTEMPATH\CodeIgniter.php(507): CodeIgniter\CodeIgniter->runController(Object(App\Controllers\Usuarios\Login))
 8 SYSTEMPATH\CodeIgniter.php(354): CodeIgniter\CodeIgniter->handleRequest(null, Object(Config\Cache), false)
 9 SYSTEMPATH\Boot.php(334): CodeIgniter\CodeIgniter->run()
10 SYSTEMPATH\Boot.php(67): CodeIgniter\Boot::runCodeIgniter(Object(CodeIgniter\CodeIgniter))
11 FCPATH\index.php(56): CodeIgniter\Boot::bootWeb(Object(Config\Paths))
12 SYSTEMPATH\rewrite.php(44): require_once('C:\\xampp\\htdocs\\Nuevo_Estilo_Naye\\Estilo_Naye_Nails\\public\\index.php')
CRITICAL - 2025-02-26 11:04:56 --> ErrorException: Undefined variable $titulo_pag
[Method: GET, Route: recuperar_password]
in APPPATH\Views\usuarios\recuperar_password.php on line 7.
 1 APPPATH\Views\usuarios\recuperar_password.php(7): CodeIgniter\Debug\Exceptions->errorHandler(2, 'Undefined variable $titulo_pag', 'C:\\xampp\\htdocs\\Nuevo_Estilo_Naye\\Estilo_Naye_Nails\\app\\Views\\usuarios\\recuperar_password.php', 7)
 2 SYSTEMPATH\View\View.php(224): include('C:\\xampp\\htdocs\\Nuevo_Estilo_Naye\\Estilo_Naye_Nails\\app\\Views\\usuarios\\recuperar_password.php')
 3 SYSTEMPATH\View\View.php(227): CodeIgniter\View\View->CodeIgniter\View\{closure}()
 4 SYSTEMPATH\Common.php(1173): CodeIgniter\View\View->render('usuarios/recuperar_password', [], true)
 5 APPPATH\Controllers\Usuarios\Login.php(47): view('usuarios/recuperar_password')
 6 SYSTEMPATH\CodeIgniter.php(933): App\Controllers\Usuarios\Login->recuperar_password()
 7 SYSTEMPATH\CodeIgniter.php(507): CodeIgniter\CodeIgniter->runController(Object(App\Controllers\Usuarios\Login))
 8 SYSTEMPATH\CodeIgniter.php(354): CodeIgniter\CodeIgniter->handleRequest(null, Object(Config\Cache), false)
 9 SYSTEMPATH\Boot.php(334): CodeIgniter\CodeIgniter->run()
10 SYSTEMPATH\Boot.php(67): CodeIgniter\Boot::runCodeIgniter(Object(CodeIgniter\CodeIgniter))
11 FCPATH\index.php(56): CodeIgniter\Boot::bootWeb(Object(Config\Paths))
12 SYSTEMPATH\rewrite.php(44): require_once('C:\\xampp\\htdocs\\Nuevo_Estilo_Naye\\Estilo_Naye_Nails\\public\\index.php')
CRITICAL - 2025-02-26 11:10:23 --> ErrorException: Undefined variable $titulo_pag
[Method: GET, Route: recuperar_password]
in APPPATH\Views\usuarios\recuperar_password.php on line 7.
 1 APPPATH\Views\usuarios\recuperar_password.php(7): CodeIgniter\Debug\Exceptions->errorHandler(2, 'Undefined variable $titulo_pag', 'C:\\xampp\\htdocs\\Nuevo_Estilo_Naye\\Estilo_Naye_Nails\\app\\Views\\usuarios\\recuperar_password.php', 7)
 2 SYSTEMPATH\View\View.php(224): include('C:\\xampp\\htdocs\\Nuevo_Estilo_Naye\\Estilo_Naye_Nails\\app\\Views\\usuarios\\recuperar_password.php')
 3 SYSTEMPATH\View\View.php(227): CodeIgniter\View\View->CodeIgniter\View\{closure}()
 4 SYSTEMPATH\Common.php(1173): CodeIgniter\View\View->render('usuarios/recuperar_password', [], true)
 5 APPPATH\Controllers\Usuarios\Login.php(49): view('usuarios/recuperar_password')
 6 SYSTEMPATH\CodeIgniter.php(933): App\Controllers\Usuarios\Login->recuperar_password()
 7 SYSTEMPATH\CodeIgniter.php(507): CodeIgniter\CodeIgniter->runController(Object(App\Controllers\Usuarios\Login))
 8 SYSTEMPATH\CodeIgniter.php(354): CodeIgniter\CodeIgniter->handleRequest(null, Object(Config\Cache), false)
 9 SYSTEMPATH\Boot.php(334): CodeIgniter\CodeIgniter->run()
10 SYSTEMPATH\Boot.php(67): CodeIgniter\Boot::runCodeIgniter(Object(CodeIgniter\CodeIgniter))
11 FCPATH\index.php(56): CodeIgniter\Boot::bootWeb(Object(Config\Paths))
12 SYSTEMPATH\rewrite.php(44): require_once('C:\\xampp\\htdocs\\Nuevo_Estilo_Naye\\Estilo_Naye_Nails\\public\\index.php')
