DEBUG - 2025-03-07 05:06:04 --> Session: Class initialized using 'CodeIgniter\Session\Handlers\FileHandler' driver.
DEBUG - 2025-03-07 05:06:09 --> Session: Class initialized using 'CodeIgniter\Session\Handlers\FileHandler' driver.
DEBUG - 2025-03-07 05:06:14 --> Session: Class initialized using 'CodeIgniter\Session\Handlers\FileHandler' driver.
DEBUG - 2025-03-07 05:06:28 --> Session: Class initialized using 'CodeIgniter\Session\Handlers\FileHandler' driver.
DEBUG - 2025-03-07 05:09:40 --> Session: Class initialized using 'CodeIgniter\Session\Handlers\FileHandler' driver.
DEBUG - 2025-03-07 05:09:53 --> Session: Class initialized using 'CodeIgniter\Session\Handlers\FileHandler' driver.
DEBUG - 2025-03-07 05:09:55 --> Session: Class initialized using 'CodeIgniter\Session\Handlers\FileHandler' driver.
DEBUG - 2025-03-07 05:10:03 --> Session: Class initialized using 'CodeIgniter\Session\Handlers\FileHandler' driver.
DEBUG - 2025-03-07 05:10:11 --> Session: Class initialized using 'CodeIgniter\Session\Handlers\FileHandler' driver.
DEBUG - 2025-03-07 05:10:20 --> Session: Class initialized using 'CodeIgniter\Session\Handlers\FileHandler' driver.
DEBUG - 2025-03-07 05:13:34 --> Session: Class initialized using 'CodeIgniter\Session\Handlers\FileHandler' driver.
DEBUG - 2025-03-07 05:13:39 --> Session: Class initialized using 'CodeIgniter\Session\Handlers\FileHandler' driver.
DEBUG - 2025-03-07 05:13:45 --> Session: Class initialized using 'CodeIgniter\Session\Handlers\FileHandler' driver.
DEBUG - 2025-03-07 05:13:51 --> Session: Class initialized using 'CodeIgniter\Session\Handlers\FileHandler' driver.
DEBUG - 2025-03-07 05:13:55 --> Session: Class initialized using 'CodeIgniter\Session\Handlers\FileHandler' driver.
DEBUG - 2025-03-07 05:14:28 --> Session: Class initialized using 'CodeIgniter\Session\Handlers\FileHandler' driver.
DEBUG - 2025-03-07 05:14:39 --> Session: Class initialized using 'CodeIgniter\Session\Handlers\FileHandler' driver.
DEBUG - 2025-03-07 05:14:42 --> Session: Class initialized using 'CodeIgniter\Session\Handlers\FileHandler' driver.
DEBUG - 2025-03-07 05:33:24 --> Session: Class initialized using 'CodeIgniter\Session\Handlers\FileHandler' driver.
DEBUG - 2025-03-07 05:33:26 --> Session: Class initialized using 'CodeIgniter\Session\Handlers\FileHandler' driver.
DEBUG - 2025-03-07 05:35:16 --> Session: Class initialized using 'CodeIgniter\Session\Handlers\FileHandler' driver.
DEBUG - 2025-03-07 05:35:18 --> Session: Class initialized using 'CodeIgniter\Session\Handlers\FileHandler' driver.
DEBUG - 2025-03-07 05:35:27 --> Session: Class initialized using 'CodeIgniter\Session\Handlers\FileHandler' driver.
DEBUG - 2025-03-07 05:36:23 --> Session: Class initialized using 'CodeIgniter\Session\Handlers\FileHandler' driver.
DEBUG - 2025-03-07 05:36:23 --> Session: Class initialized using 'CodeIgniter\Session\Handlers\FileHandler' driver.
DEBUG - 2025-03-07 05:38:35 --> Session: Class initialized using 'CodeIgniter\Session\Handlers\FileHandler' driver.
DEBUG - 2025-03-07 05:38:39 --> Session: Class initialized using 'CodeIgniter\Session\Handlers\FileHandler' driver.
DEBUG - 2025-03-07 05:38:51 --> Session: Class initialized using 'CodeIgniter\Session\Handlers\FileHandler' driver.
DEBUG - 2025-03-07 06:02:34 --> Session: Class initialized using 'CodeIgniter\Session\Handlers\FileHandler' driver.
DEBUG - 2025-03-07 06:06:19 --> Session: Class initialized using 'CodeIgniter\Session\Handlers\FileHandler' driver.
DEBUG - 2025-03-07 06:06:22 --> Session: Class initialized using 'CodeIgniter\Session\Handlers\FileHandler' driver.
DEBUG - 2025-03-07 06:06:25 --> Session: Class initialized using 'CodeIgniter\Session\Handlers\FileHandler' driver.
DEBUG - 2025-03-07 06:07:43 --> Session: Class initialized using 'CodeIgniter\Session\Handlers\FileHandler' driver.
DEBUG - 2025-03-07 06:08:05 --> Session: Class initialized using 'CodeIgniter\Session\Handlers\FileHandler' driver.
DEBUG - 2025-03-07 06:09:43 --> Session: Class initialized using 'CodeIgniter\Session\Handlers\FileHandler' driver.
CRITICAL - 2025-03-07 06:11:03 --> ParseError: syntax error, unexpected token "else", expecting "function" or "const"
[Method: POST, Route: registrar_producto]
in APPPATH\Controllers\Panel\Producto_nuevo.php on line 126.
 1 SYSTEMPATH\Autoloader\Autoloader.php(295): CodeIgniter\Autoloader\Autoloader->includeFile('C:\\xampp\\htdocs\\Nuevo_Estilo_Naye\\Estilo_Naye_Nails\\app\\Controllers\\Panel\\Producto_nuevo.php')
 2 SYSTEMPATH\Autoloader\Autoloader.php(271): CodeIgniter\Autoloader\Autoloader->loadInNamespace('App\\Controllers\\Panel\\Producto_nuevo')
 3 [internal function]: CodeIgniter\Autoloader\Autoloader->loadClass('App\\Controllers\\Panel\\Producto_nuevo')
 4 SYSTEMPATH\CodeIgniter.php(885): class_exists('\\App\\Controllers\\Panel\\Producto_nuevo', true)
 5 SYSTEMPATH\CodeIgniter.php(494): CodeIgniter\CodeIgniter->startController()
 6 SYSTEMPATH\CodeIgniter.php(354): CodeIgniter\CodeIgniter->handleRequest(null, Object(Config\Cache), false)
 7 SYSTEMPATH\Boot.php(334): CodeIgniter\CodeIgniter->run()
 8 SYSTEMPATH\Boot.php(67): CodeIgniter\Boot::runCodeIgniter(Object(CodeIgniter\CodeIgniter))
 9 FCPATH\index.php(56): CodeIgniter\Boot::bootWeb(Object(Config\Paths))
10 SYSTEMPATH\rewrite.php(44): require_once('C:\\xampp\\htdocs\\Nuevo_Estilo_Naye\\Estilo_Naye_Nails\\public\\index.php')
DEBUG - 2025-03-07 06:11:53 --> Session: Class initialized using 'CodeIgniter\Session\Handlers\FileHandler' driver.
DEBUG - 2025-03-07 06:12:57 --> Session: Class initialized using 'CodeIgniter\Session\Handlers\FileHandler' driver.
CRITICAL - 2025-03-07 00:12:57 --> ErrorException: Undefined variable $opcion
[Method: POST, Route: registrar_producto]
in APPPATH\Controllers\Panel\Producto_nuevo.php on line 100.
 1 APPPATH\Controllers\Panel\Producto_nuevo.php(100): CodeIgniter\Debug\Exceptions->errorHandler(2, 'Undefined variable $opcion', 'C:\\xampp\\htdocs\\Nuevo_Estilo_Naye\\Estilo_Naye_Nails\\app\\Controllers\\Panel\\Producto_nuevo.php', 100)
 2 SYSTEMPATH\CodeIgniter.php(933): App\Controllers\Panel\Producto_nuevo->registrar_producto()
 3 SYSTEMPATH\CodeIgniter.php(507): CodeIgniter\CodeIgniter->runController(Object(App\Controllers\Panel\Producto_nuevo))
 4 SYSTEMPATH\CodeIgniter.php(354): CodeIgniter\CodeIgniter->handleRequest(null, Object(Config\Cache), false)
 5 SYSTEMPATH\Boot.php(334): CodeIgniter\CodeIgniter->run()
 6 SYSTEMPATH\Boot.php(67): CodeIgniter\Boot::runCodeIgniter(Object(CodeIgniter\CodeIgniter))
 7 FCPATH\index.php(56): CodeIgniter\Boot::bootWeb(Object(Config\Paths))
 8 SYSTEMPATH\rewrite.php(44): require_once('C:\\xampp\\htdocs\\Nuevo_Estilo_Naye\\Estilo_Naye_Nails\\public\\index.php')
DEBUG - 2025-03-07 06:16:08 --> Session: Class initialized using 'CodeIgniter\Session\Handlers\FileHandler' driver.
DEBUG - 2025-03-07 06:16:08 --> Session: Class initialized using 'CodeIgniter\Session\Handlers\FileHandler' driver.
CRITICAL - 2025-03-07 00:16:09 --> ErrorException: Undefined variable $usuario
[Method: GET, Route: administracion_productos]
in APPPATH\Views\panel\productos.php on line 60.
 1 APPPATH\Views\panel\productos.php(60): CodeIgniter\Debug\Exceptions->errorHandler(2, 'Undefined variable $usuario', 'C:\\xampp\\htdocs\\Nuevo_Estilo_Naye\\Estilo_Naye_Nails\\app\\Views\\panel\\productos.php', 60)
 2 SYSTEMPATH\View\View.php(224): include('C:\\xampp\\htdocs\\Nuevo_Estilo_Naye\\Estilo_Naye_Nails\\app\\Views\\panel\\productos.php')
 3 SYSTEMPATH\View\View.php(227): CodeIgniter\View\View->CodeIgniter\View\{closure}()
 4 SYSTEMPATH\Common.php(1173): CodeIgniter\View\View->render('panel/productos', [], true)
 5 APPPATH\Controllers\Panel\Productos.php(78): view('panel/productos', [...])
 6 APPPATH\Controllers\Panel\Productos.php(20): App\Controllers\Panel\Productos->crear_vista('panel/productos', [...])
 7 SYSTEMPATH\CodeIgniter.php(933): App\Controllers\Panel\Productos->index()
 8 SYSTEMPATH\CodeIgniter.php(507): CodeIgniter\CodeIgniter->runController(Object(App\Controllers\Panel\Productos))
 9 SYSTEMPATH\CodeIgniter.php(354): CodeIgniter\CodeIgniter->handleRequest(null, Object(Config\Cache), false)
10 SYSTEMPATH\Boot.php(334): CodeIgniter\CodeIgniter->run()
11 SYSTEMPATH\Boot.php(67): CodeIgniter\Boot::runCodeIgniter(Object(CodeIgniter\CodeIgniter))
12 FCPATH\index.php(56): CodeIgniter\Boot::bootWeb(Object(Config\Paths))
13 SYSTEMPATH\rewrite.php(44): require_once('C:\\xampp\\htdocs\\Nuevo_Estilo_Naye\\Estilo_Naye_Nails\\public\\index.php')
DEBUG - 2025-03-07 06:16:11 --> Session: Class initialized using 'CodeIgniter\Session\Handlers\FileHandler' driver.
CRITICAL - 2025-03-07 00:16:11 --> ErrorException: Undefined variable $usuario
[Method: GET, Route: administracion_productos]
in APPPATH\Views\panel\productos.php on line 60.
 1 APPPATH\Views\panel\productos.php(60): CodeIgniter\Debug\Exceptions->errorHandler(2, 'Undefined variable $usuario', 'C:\\xampp\\htdocs\\Nuevo_Estilo_Naye\\Estilo_Naye_Nails\\app\\Views\\panel\\productos.php', 60)
 2 SYSTEMPATH\View\View.php(224): include('C:\\xampp\\htdocs\\Nuevo_Estilo_Naye\\Estilo_Naye_Nails\\app\\Views\\panel\\productos.php')
 3 SYSTEMPATH\View\View.php(227): CodeIgniter\View\View->CodeIgniter\View\{closure}()
 4 SYSTEMPATH\Common.php(1173): CodeIgniter\View\View->render('panel/productos', [], true)
 5 APPPATH\Controllers\Panel\Productos.php(78): view('panel/productos', [...])
 6 APPPATH\Controllers\Panel\Productos.php(20): App\Controllers\Panel\Productos->crear_vista('panel/productos', [...])
 7 SYSTEMPATH\CodeIgniter.php(933): App\Controllers\Panel\Productos->index()
 8 SYSTEMPATH\CodeIgniter.php(507): CodeIgniter\CodeIgniter->runController(Object(App\Controllers\Panel\Productos))
 9 SYSTEMPATH\CodeIgniter.php(354): CodeIgniter\CodeIgniter->handleRequest(null, Object(Config\Cache), false)
10 SYSTEMPATH\Boot.php(334): CodeIgniter\CodeIgniter->run()
11 SYSTEMPATH\Boot.php(67): CodeIgniter\Boot::runCodeIgniter(Object(CodeIgniter\CodeIgniter))
12 FCPATH\index.php(56): CodeIgniter\Boot::bootWeb(Object(Config\Paths))
13 SYSTEMPATH\rewrite.php(44): require_once('C:\\xampp\\htdocs\\Nuevo_Estilo_Naye\\Estilo_Naye_Nails\\public\\index.php')
DEBUG - 2025-03-07 06:16:38 --> Session: Class initialized using 'CodeIgniter\Session\Handlers\FileHandler' driver.
CRITICAL - 2025-03-07 00:16:38 --> ErrorException: Undefined property: stdClass::$estatus_usuario
[Method: GET, Route: administracion_productos]
in APPPATH\Views\panel\productos.php on line 60.
 1 APPPATH\Views\panel\productos.php(60): CodeIgniter\Debug\Exceptions->errorHandler(2, 'Undefined property: stdClass::$estatus_usuario', 'C:\\xampp\\htdocs\\Nuevo_Estilo_Naye\\Estilo_Naye_Nails\\app\\Views\\panel\\productos.php', 60)
 2 SYSTEMPATH\View\View.php(224): include('C:\\xampp\\htdocs\\Nuevo_Estilo_Naye\\Estilo_Naye_Nails\\app\\Views\\panel\\productos.php')
 3 SYSTEMPATH\View\View.php(227): CodeIgniter\View\View->CodeIgniter\View\{closure}()
 4 SYSTEMPATH\Common.php(1173): CodeIgniter\View\View->render('panel/productos', [], true)
 5 APPPATH\Controllers\Panel\Productos.php(78): view('panel/productos', [...])
 6 APPPATH\Controllers\Panel\Productos.php(20): App\Controllers\Panel\Productos->crear_vista('panel/productos', [...])
 7 SYSTEMPATH\CodeIgniter.php(933): App\Controllers\Panel\Productos->index()
 8 SYSTEMPATH\CodeIgniter.php(507): CodeIgniter\CodeIgniter->runController(Object(App\Controllers\Panel\Productos))
 9 SYSTEMPATH\CodeIgniter.php(354): CodeIgniter\CodeIgniter->handleRequest(null, Object(Config\Cache), false)
10 SYSTEMPATH\Boot.php(334): CodeIgniter\CodeIgniter->run()
11 SYSTEMPATH\Boot.php(67): CodeIgniter\Boot::runCodeIgniter(Object(CodeIgniter\CodeIgniter))
12 FCPATH\index.php(56): CodeIgniter\Boot::bootWeb(Object(Config\Paths))
13 SYSTEMPATH\rewrite.php(44): require_once('C:\\xampp\\htdocs\\Nuevo_Estilo_Naye\\Estilo_Naye_Nails\\public\\index.php')
DEBUG - 2025-03-07 06:17:06 --> Session: Class initialized using 'CodeIgniter\Session\Handlers\FileHandler' driver.
CRITICAL - 2025-03-07 00:17:06 --> ErrorException: Undefined variable $id_producto
[Method: GET, Route: administracion_productos]
in APPPATH\Views\panel\productos.php on line 69.
 1 APPPATH\Views\panel\productos.php(69): CodeIgniter\Debug\Exceptions->errorHandler(2, 'Undefined variable $id_producto', 'C:\\xampp\\htdocs\\Nuevo_Estilo_Naye\\Estilo_Naye_Nails\\app\\Views\\panel\\productos.php', 69)
 2 SYSTEMPATH\View\View.php(224): include('C:\\xampp\\htdocs\\Nuevo_Estilo_Naye\\Estilo_Naye_Nails\\app\\Views\\panel\\productos.php')
 3 SYSTEMPATH\View\View.php(227): CodeIgniter\View\View->CodeIgniter\View\{closure}()
 4 SYSTEMPATH\Common.php(1173): CodeIgniter\View\View->render('panel/productos', [], true)
 5 APPPATH\Controllers\Panel\Productos.php(78): view('panel/productos', [...])
 6 APPPATH\Controllers\Panel\Productos.php(20): App\Controllers\Panel\Productos->crear_vista('panel/productos', [...])
 7 SYSTEMPATH\CodeIgniter.php(933): App\Controllers\Panel\Productos->index()
 8 SYSTEMPATH\CodeIgniter.php(507): CodeIgniter\CodeIgniter->runController(Object(App\Controllers\Panel\Productos))
 9 SYSTEMPATH\CodeIgniter.php(354): CodeIgniter\CodeIgniter->handleRequest(null, Object(Config\Cache), false)
10 SYSTEMPATH\Boot.php(334): CodeIgniter\CodeIgniter->run()
11 SYSTEMPATH\Boot.php(67): CodeIgniter\Boot::runCodeIgniter(Object(CodeIgniter\CodeIgniter))
12 FCPATH\index.php(56): CodeIgniter\Boot::bootWeb(Object(Config\Paths))
13 SYSTEMPATH\rewrite.php(44): require_once('C:\\xampp\\htdocs\\Nuevo_Estilo_Naye\\Estilo_Naye_Nails\\public\\index.php')
DEBUG - 2025-03-07 06:18:01 --> Session: Class initialized using 'CodeIgniter\Session\Handlers\FileHandler' driver.
CRITICAL - 2025-03-07 00:18:01 --> ErrorException: Undefined variable $id_producto
[Method: GET, Route: administracion_productos]
in APPPATH\Views\panel\productos.php on line 69.
 1 APPPATH\Views\panel\productos.php(69): CodeIgniter\Debug\Exceptions->errorHandler(2, 'Undefined variable $id_producto', 'C:\\xampp\\htdocs\\Nuevo_Estilo_Naye\\Estilo_Naye_Nails\\app\\Views\\panel\\productos.php', 69)
 2 SYSTEMPATH\View\View.php(224): include('C:\\xampp\\htdocs\\Nuevo_Estilo_Naye\\Estilo_Naye_Nails\\app\\Views\\panel\\productos.php')
 3 SYSTEMPATH\View\View.php(227): CodeIgniter\View\View->CodeIgniter\View\{closure}()
 4 SYSTEMPATH\Common.php(1173): CodeIgniter\View\View->render('panel/productos', [], true)
 5 APPPATH\Controllers\Panel\Productos.php(78): view('panel/productos', [...])
 6 APPPATH\Controllers\Panel\Productos.php(20): App\Controllers\Panel\Productos->crear_vista('panel/productos', [...])
 7 SYSTEMPATH\CodeIgniter.php(933): App\Controllers\Panel\Productos->index()
 8 SYSTEMPATH\CodeIgniter.php(507): CodeIgniter\CodeIgniter->runController(Object(App\Controllers\Panel\Productos))
 9 SYSTEMPATH\CodeIgniter.php(354): CodeIgniter\CodeIgniter->handleRequest(null, Object(Config\Cache), false)
10 SYSTEMPATH\Boot.php(334): CodeIgniter\CodeIgniter->run()
11 SYSTEMPATH\Boot.php(67): CodeIgniter\Boot::runCodeIgniter(Object(CodeIgniter\CodeIgniter))
12 FCPATH\index.php(56): CodeIgniter\Boot::bootWeb(Object(Config\Paths))
13 SYSTEMPATH\rewrite.php(44): require_once('C:\\xampp\\htdocs\\Nuevo_Estilo_Naye\\Estilo_Naye_Nails\\public\\index.php')
DEBUG - 2025-03-07 06:23:23 --> Session: Class initialized using 'CodeIgniter\Session\Handlers\FileHandler' driver.
CRITICAL - 2025-03-07 00:23:23 --> ErrorException: Undefined variable $productos
[Method: GET, Route: administracion_productos]
in APPPATH\Views\panel\productos.php on line 39.
 1 APPPATH\Views\panel\productos.php(39): CodeIgniter\Debug\Exceptions->errorHandler(2, 'Undefined variable $productos', 'C:\\xampp\\htdocs\\Nuevo_Estilo_Naye\\Estilo_Naye_Nails\\app\\Views\\panel\\productos.php', 39)
 2 SYSTEMPATH\View\View.php(224): include('C:\\xampp\\htdocs\\Nuevo_Estilo_Naye\\Estilo_Naye_Nails\\app\\Views\\panel\\productos.php')
 3 SYSTEMPATH\View\View.php(227): CodeIgniter\View\View->CodeIgniter\View\{closure}()
 4 SYSTEMPATH\Common.php(1173): CodeIgniter\View\View->render('panel/productos', [], true)
 5 APPPATH\Controllers\Panel\Productos.php(78): view('panel/productos', [...])
 6 APPPATH\Controllers\Panel\Productos.php(20): App\Controllers\Panel\Productos->crear_vista('panel/productos', [...])
 7 SYSTEMPATH\CodeIgniter.php(933): App\Controllers\Panel\Productos->index()
 8 SYSTEMPATH\CodeIgniter.php(507): CodeIgniter\CodeIgniter->runController(Object(App\Controllers\Panel\Productos))
 9 SYSTEMPATH\CodeIgniter.php(354): CodeIgniter\CodeIgniter->handleRequest(null, Object(Config\Cache), false)
10 SYSTEMPATH\Boot.php(334): CodeIgniter\CodeIgniter->run()
11 SYSTEMPATH\Boot.php(67): CodeIgniter\Boot::runCodeIgniter(Object(CodeIgniter\CodeIgniter))
12 FCPATH\index.php(56): CodeIgniter\Boot::bootWeb(Object(Config\Paths))
13 SYSTEMPATH\rewrite.php(44): require_once('C:\\xampp\\htdocs\\Nuevo_Estilo_Naye\\Estilo_Naye_Nails\\public\\index.php')
DEBUG - 2025-03-07 06:24:36 --> Session: Class initialized using 'CodeIgniter\Session\Handlers\FileHandler' driver.
CRITICAL - 2025-03-07 00:24:36 --> ErrorException: Undefined variable $id_producto
[Method: GET, Route: administracion_productos]
in APPPATH\Views\panel\productos.php on line 73.
 1 APPPATH\Views\panel\productos.php(73): CodeIgniter\Debug\Exceptions->errorHandler(2, 'Undefined variable $id_producto', 'C:\\xampp\\htdocs\\Nuevo_Estilo_Naye\\Estilo_Naye_Nails\\app\\Views\\panel\\productos.php', 73)
 2 SYSTEMPATH\View\View.php(224): include('C:\\xampp\\htdocs\\Nuevo_Estilo_Naye\\Estilo_Naye_Nails\\app\\Views\\panel\\productos.php')
 3 SYSTEMPATH\View\View.php(227): CodeIgniter\View\View->CodeIgniter\View\{closure}()
 4 SYSTEMPATH\Common.php(1173): CodeIgniter\View\View->render('panel/productos', [], true)
 5 APPPATH\Controllers\Panel\Productos.php(78): view('panel/productos', [...])
 6 APPPATH\Controllers\Panel\Productos.php(20): App\Controllers\Panel\Productos->crear_vista('panel/productos', [...])
 7 SYSTEMPATH\CodeIgniter.php(933): App\Controllers\Panel\Productos->index()
 8 SYSTEMPATH\CodeIgniter.php(507): CodeIgniter\CodeIgniter->runController(Object(App\Controllers\Panel\Productos))
 9 SYSTEMPATH\CodeIgniter.php(354): CodeIgniter\CodeIgniter->handleRequest(null, Object(Config\Cache), false)
10 SYSTEMPATH\Boot.php(334): CodeIgniter\CodeIgniter->run()
11 SYSTEMPATH\Boot.php(67): CodeIgniter\Boot::runCodeIgniter(Object(CodeIgniter\CodeIgniter))
12 FCPATH\index.php(56): CodeIgniter\Boot::bootWeb(Object(Config\Paths))
13 SYSTEMPATH\rewrite.php(44): require_once('C:\\xampp\\htdocs\\Nuevo_Estilo_Naye\\Estilo_Naye_Nails\\public\\index.php')
DEBUG - 2025-03-07 06:30:00 --> Session: Class initialized using 'CodeIgniter\Session\Handlers\FileHandler' driver.
CRITICAL - 2025-03-07 00:30:00 --> ParseError: Unclosed '{' on line 39
[Method: GET, Route: administracion_productos]
in APPPATH\Views\panel\productos.php on line 116.
 1 SYSTEMPATH\View\View.php(227): CodeIgniter\View\View->CodeIgniter\View\{closure}()
 2 SYSTEMPATH\Common.php(1173): CodeIgniter\View\View->render('panel/productos', [], true)
 3 APPPATH\Controllers\Panel\Productos.php(78): view('panel/productos', [...])
 4 APPPATH\Controllers\Panel\Productos.php(20): App\Controllers\Panel\Productos->crear_vista('panel/productos', [...])
 5 SYSTEMPATH\CodeIgniter.php(933): App\Controllers\Panel\Productos->index()
 6 SYSTEMPATH\CodeIgniter.php(507): CodeIgniter\CodeIgniter->runController(Object(App\Controllers\Panel\Productos))
 7 SYSTEMPATH\CodeIgniter.php(354): CodeIgniter\CodeIgniter->handleRequest(null, Object(Config\Cache), false)
 8 SYSTEMPATH\Boot.php(334): CodeIgniter\CodeIgniter->run()
 9 SYSTEMPATH\Boot.php(67): CodeIgniter\Boot::runCodeIgniter(Object(CodeIgniter\CodeIgniter))
10 FCPATH\index.php(56): CodeIgniter\Boot::bootWeb(Object(Config\Paths))
11 SYSTEMPATH\rewrite.php(44): require_once('C:\\xampp\\htdocs\\Nuevo_Estilo_Naye\\Estilo_Naye_Nails\\public\\index.php')
DEBUG - 2025-03-07 06:32:35 --> Session: Class initialized using 'CodeIgniter\Session\Handlers\FileHandler' driver.
DEBUG - 2025-03-07 06:33:53 --> Session: Class initialized using 'CodeIgniter\Session\Handlers\FileHandler' driver.
DEBUG - 2025-03-07 06:37:29 --> Session: Class initialized using 'CodeIgniter\Session\Handlers\FileHandler' driver.
DEBUG - 2025-03-07 06:38:58 --> Session: Class initialized using 'CodeIgniter\Session\Handlers\FileHandler' driver.
CRITICAL - 2025-03-07 00:38:58 --> ErrorException: Undefined variable $id_producto
[Method: GET, Route: administracion_productos]
in APPPATH\Views\panel\productos.php on line 66.
 1 APPPATH\Views\panel\productos.php(66): CodeIgniter\Debug\Exceptions->errorHandler(2, 'Undefined variable $id_producto', 'C:\\xampp\\htdocs\\Nuevo_Estilo_Naye\\Estilo_Naye_Nails\\app\\Views\\panel\\productos.php', 66)
 2 SYSTEMPATH\View\View.php(224): include('C:\\xampp\\htdocs\\Nuevo_Estilo_Naye\\Estilo_Naye_Nails\\app\\Views\\panel\\productos.php')
 3 SYSTEMPATH\View\View.php(227): CodeIgniter\View\View->CodeIgniter\View\{closure}()
 4 SYSTEMPATH\Common.php(1173): CodeIgniter\View\View->render('panel/productos', [], true)
 5 APPPATH\Controllers\Panel\Productos.php(78): view('panel/productos', [...])
 6 APPPATH\Controllers\Panel\Productos.php(20): App\Controllers\Panel\Productos->crear_vista('panel/productos', [...])
 7 SYSTEMPATH\CodeIgniter.php(933): App\Controllers\Panel\Productos->index()
 8 SYSTEMPATH\CodeIgniter.php(507): CodeIgniter\CodeIgniter->runController(Object(App\Controllers\Panel\Productos))
 9 SYSTEMPATH\CodeIgniter.php(354): CodeIgniter\CodeIgniter->handleRequest(null, Object(Config\Cache), false)
10 SYSTEMPATH\Boot.php(334): CodeIgniter\CodeIgniter->run()
11 SYSTEMPATH\Boot.php(67): CodeIgniter\Boot::runCodeIgniter(Object(CodeIgniter\CodeIgniter))
12 FCPATH\index.php(56): CodeIgniter\Boot::bootWeb(Object(Config\Paths))
13 SYSTEMPATH\rewrite.php(44): require_once('C:\\xampp\\htdocs\\Nuevo_Estilo_Naye\\Estilo_Naye_Nails\\public\\index.php')
DEBUG - 2025-03-07 06:42:53 --> Session: Class initialized using 'CodeIgniter\Session\Handlers\FileHandler' driver.
CRITICAL - 2025-03-07 00:42:53 --> ErrorException: Undefined variable $id_producto
[Method: GET, Route: administracion_productos]
in APPPATH\Views\panel\productos.php on line 70.
 1 APPPATH\Views\panel\productos.php(70): CodeIgniter\Debug\Exceptions->errorHandler(2, 'Undefined variable $id_producto', 'C:\\xampp\\htdocs\\Nuevo_Estilo_Naye\\Estilo_Naye_Nails\\app\\Views\\panel\\productos.php', 70)
 2 SYSTEMPATH\View\View.php(224): include('C:\\xampp\\htdocs\\Nuevo_Estilo_Naye\\Estilo_Naye_Nails\\app\\Views\\panel\\productos.php')
 3 SYSTEMPATH\View\View.php(227): CodeIgniter\View\View->CodeIgniter\View\{closure}()
 4 SYSTEMPATH\Common.php(1173): CodeIgniter\View\View->render('panel/productos', [], true)
 5 APPPATH\Controllers\Panel\Productos.php(78): view('panel/productos', [...])
 6 APPPATH\Controllers\Panel\Productos.php(20): App\Controllers\Panel\Productos->crear_vista('panel/productos', [...])
 7 SYSTEMPATH\CodeIgniter.php(933): App\Controllers\Panel\Productos->index()
 8 SYSTEMPATH\CodeIgniter.php(507): CodeIgniter\CodeIgniter->runController(Object(App\Controllers\Panel\Productos))
 9 SYSTEMPATH\CodeIgniter.php(354): CodeIgniter\CodeIgniter->handleRequest(null, Object(Config\Cache), false)
10 SYSTEMPATH\Boot.php(334): CodeIgniter\CodeIgniter->run()
11 SYSTEMPATH\Boot.php(67): CodeIgniter\Boot::runCodeIgniter(Object(CodeIgniter\CodeIgniter))
12 FCPATH\index.php(56): CodeIgniter\Boot::bootWeb(Object(Config\Paths))
13 SYSTEMPATH\rewrite.php(44): require_once('C:\\xampp\\htdocs\\Nuevo_Estilo_Naye\\Estilo_Naye_Nails\\public\\index.php')
DEBUG - 2025-03-07 06:46:55 --> Session: Class initialized using 'CodeIgniter\Session\Handlers\FileHandler' driver.
CRITICAL - 2025-03-07 00:46:55 --> ErrorException: Undefined variable $id_producto
[Method: GET, Route: administracion_productos]
in APPPATH\Views\panel\productos.php on line 70.
 1 APPPATH\Views\panel\productos.php(70): CodeIgniter\Debug\Exceptions->errorHandler(2, 'Undefined variable $id_producto', 'C:\\xampp\\htdocs\\Nuevo_Estilo_Naye\\Estilo_Naye_Nails\\app\\Views\\panel\\productos.php', 70)
 2 SYSTEMPATH\View\View.php(224): include('C:\\xampp\\htdocs\\Nuevo_Estilo_Naye\\Estilo_Naye_Nails\\app\\Views\\panel\\productos.php')
 3 SYSTEMPATH\View\View.php(227): CodeIgniter\View\View->CodeIgniter\View\{closure}()
 4 SYSTEMPATH\Common.php(1173): CodeIgniter\View\View->render('panel/productos', [], true)
 5 APPPATH\Controllers\Panel\Productos.php(78): view('panel/productos', [...])
 6 APPPATH\Controllers\Panel\Productos.php(20): App\Controllers\Panel\Productos->crear_vista('panel/productos', [...])
 7 SYSTEMPATH\CodeIgniter.php(933): App\Controllers\Panel\Productos->index()
 8 SYSTEMPATH\CodeIgniter.php(507): CodeIgniter\CodeIgniter->runController(Object(App\Controllers\Panel\Productos))
 9 SYSTEMPATH\CodeIgniter.php(354): CodeIgniter\CodeIgniter->handleRequest(null, Object(Config\Cache), false)
10 SYSTEMPATH\Boot.php(334): CodeIgniter\CodeIgniter->run()
11 SYSTEMPATH\Boot.php(67): CodeIgniter\Boot::runCodeIgniter(Object(CodeIgniter\CodeIgniter))
12 FCPATH\index.php(56): CodeIgniter\Boot::bootWeb(Object(Config\Paths))
13 SYSTEMPATH\rewrite.php(44): require_once('C:\\xampp\\htdocs\\Nuevo_Estilo_Naye\\Estilo_Naye_Nails\\public\\index.php')
DEBUG - 2025-03-07 06:50:47 --> Session: Class initialized using 'CodeIgniter\Session\Handlers\FileHandler' driver.
CRITICAL - 2025-03-07 00:50:47 --> ErrorException: Undefined variable $id_producto
[Method: GET, Route: administracion_productos]
in APPPATH\Views\panel\productos.php on line 71.
 1 APPPATH\Views\panel\productos.php(71): CodeIgniter\Debug\Exceptions->errorHandler(2, 'Undefined variable $id_producto', 'C:\\xampp\\htdocs\\Nuevo_Estilo_Naye\\Estilo_Naye_Nails\\app\\Views\\panel\\productos.php', 71)
 2 SYSTEMPATH\View\View.php(224): include('C:\\xampp\\htdocs\\Nuevo_Estilo_Naye\\Estilo_Naye_Nails\\app\\Views\\panel\\productos.php')
 3 SYSTEMPATH\View\View.php(227): CodeIgniter\View\View->CodeIgniter\View\{closure}()
 4 SYSTEMPATH\Common.php(1173): CodeIgniter\View\View->render('panel/productos', [], true)
 5 APPPATH\Controllers\Panel\Productos.php(78): view('panel/productos', [...])
 6 APPPATH\Controllers\Panel\Productos.php(20): App\Controllers\Panel\Productos->crear_vista('panel/productos', [...])
 7 SYSTEMPATH\CodeIgniter.php(933): App\Controllers\Panel\Productos->index()
 8 SYSTEMPATH\CodeIgniter.php(507): CodeIgniter\CodeIgniter->runController(Object(App\Controllers\Panel\Productos))
 9 SYSTEMPATH\CodeIgniter.php(354): CodeIgniter\CodeIgniter->handleRequest(null, Object(Config\Cache), false)
10 SYSTEMPATH\Boot.php(334): CodeIgniter\CodeIgniter->run()
11 SYSTEMPATH\Boot.php(67): CodeIgniter\Boot::runCodeIgniter(Object(CodeIgniter\CodeIgniter))
12 FCPATH\index.php(56): CodeIgniter\Boot::bootWeb(Object(Config\Paths))
13 SYSTEMPATH\rewrite.php(44): require_once('C:\\xampp\\htdocs\\Nuevo_Estilo_Naye\\Estilo_Naye_Nails\\public\\index.php')
DEBUG - 2025-03-07 06:51:48 --> Session: Class initialized using 'CodeIgniter\Session\Handlers\FileHandler' driver.
CRITICAL - 2025-03-07 00:51:48 --> ErrorException: Undefined variable $id_producto
[Method: GET, Route: administracion_productos]
in APPPATH\Views\panel\productos.php on line 75.
 1 APPPATH\Views\panel\productos.php(75): CodeIgniter\Debug\Exceptions->errorHandler(2, 'Undefined variable $id_producto', 'C:\\xampp\\htdocs\\Nuevo_Estilo_Naye\\Estilo_Naye_Nails\\app\\Views\\panel\\productos.php', 75)
 2 SYSTEMPATH\View\View.php(224): include('C:\\xampp\\htdocs\\Nuevo_Estilo_Naye\\Estilo_Naye_Nails\\app\\Views\\panel\\productos.php')
 3 SYSTEMPATH\View\View.php(227): CodeIgniter\View\View->CodeIgniter\View\{closure}()
 4 SYSTEMPATH\Common.php(1173): CodeIgniter\View\View->render('panel/productos', [], true)
 5 APPPATH\Controllers\Panel\Productos.php(78): view('panel/productos', [...])
 6 APPPATH\Controllers\Panel\Productos.php(20): App\Controllers\Panel\Productos->crear_vista('panel/productos', [...])
 7 SYSTEMPATH\CodeIgniter.php(933): App\Controllers\Panel\Productos->index()
 8 SYSTEMPATH\CodeIgniter.php(507): CodeIgniter\CodeIgniter->runController(Object(App\Controllers\Panel\Productos))
 9 SYSTEMPATH\CodeIgniter.php(354): CodeIgniter\CodeIgniter->handleRequest(null, Object(Config\Cache), false)
10 SYSTEMPATH\Boot.php(334): CodeIgniter\CodeIgniter->run()
11 SYSTEMPATH\Boot.php(67): CodeIgniter\Boot::runCodeIgniter(Object(CodeIgniter\CodeIgniter))
12 FCPATH\index.php(56): CodeIgniter\Boot::bootWeb(Object(Config\Paths))
13 SYSTEMPATH\rewrite.php(44): require_once('C:\\xampp\\htdocs\\Nuevo_Estilo_Naye\\Estilo_Naye_Nails\\public\\index.php')
DEBUG - 2025-03-07 06:54:15 --> Session: Class initialized using 'CodeIgniter\Session\Handlers\FileHandler' driver.
CRITICAL - 2025-03-07 00:54:15 --> ParseError: syntax error, unexpected token "."
[Method: GET, Route: administracion_productos]
in APPPATH\Views\panel\productos.php on line 75.
 1 SYSTEMPATH\View\View.php(227): CodeIgniter\View\View->CodeIgniter\View\{closure}()
 2 SYSTEMPATH\Common.php(1173): CodeIgniter\View\View->render('panel/productos', [], true)
 3 APPPATH\Controllers\Panel\Productos.php(78): view('panel/productos', [...])
 4 APPPATH\Controllers\Panel\Productos.php(20): App\Controllers\Panel\Productos->crear_vista('panel/productos', [...])
 5 SYSTEMPATH\CodeIgniter.php(933): App\Controllers\Panel\Productos->index()
 6 SYSTEMPATH\CodeIgniter.php(507): CodeIgniter\CodeIgniter->runController(Object(App\Controllers\Panel\Productos))
 7 SYSTEMPATH\CodeIgniter.php(354): CodeIgniter\CodeIgniter->handleRequest(null, Object(Config\Cache), false)
 8 SYSTEMPATH\Boot.php(334): CodeIgniter\CodeIgniter->run()
 9 SYSTEMPATH\Boot.php(67): CodeIgniter\Boot::runCodeIgniter(Object(CodeIgniter\CodeIgniter))
10 FCPATH\index.php(56): CodeIgniter\Boot::bootWeb(Object(Config\Paths))
11 SYSTEMPATH\rewrite.php(44): require_once('C:\\xampp\\htdocs\\Nuevo_Estilo_Naye\\Estilo_Naye_Nails\\public\\index.php')
DEBUG - 2025-03-07 06:54:29 --> Session: Class initialized using 'CodeIgniter\Session\Handlers\FileHandler' driver.
CRITICAL - 2025-03-07 00:54:29 --> ParseError: syntax error, unexpected single-quoted string "" data-bs-toggle="tooltip" dat...", expecting "," or ";"
[Method: GET, Route: administracion_productos]
in APPPATH\Views\panel\productos.php on line 77.
 1 SYSTEMPATH\View\View.php(227): CodeIgniter\View\View->CodeIgniter\View\{closure}()
 2 SYSTEMPATH\Common.php(1173): CodeIgniter\View\View->render('panel/productos', [], true)
 3 APPPATH\Controllers\Panel\Productos.php(78): view('panel/productos', [...])
 4 APPPATH\Controllers\Panel\Productos.php(20): App\Controllers\Panel\Productos->crear_vista('panel/productos', [...])
 5 SYSTEMPATH\CodeIgniter.php(933): App\Controllers\Panel\Productos->index()
 6 SYSTEMPATH\CodeIgniter.php(507): CodeIgniter\CodeIgniter->runController(Object(App\Controllers\Panel\Productos))
 7 SYSTEMPATH\CodeIgniter.php(354): CodeIgniter\CodeIgniter->handleRequest(null, Object(Config\Cache), false)
 8 SYSTEMPATH\Boot.php(334): CodeIgniter\CodeIgniter->run()
 9 SYSTEMPATH\Boot.php(67): CodeIgniter\Boot::runCodeIgniter(Object(CodeIgniter\CodeIgniter))
10 FCPATH\index.php(56): CodeIgniter\Boot::bootWeb(Object(Config\Paths))
11 SYSTEMPATH\rewrite.php(44): require_once('C:\\xampp\\htdocs\\Nuevo_Estilo_Naye\\Estilo_Naye_Nails\\public\\index.php')
DEBUG - 2025-03-07 06:55:05 --> Session: Class initialized using 'CodeIgniter\Session\Handlers\FileHandler' driver.
CRITICAL - 2025-03-07 00:55:05 --> CodeIgniter\Exceptions\InvalidArgumentException: Missing argument for "(:num)" in route "detalles_producto/(:num)".
[Method: GET, Route: administracion_productos]
in SYSTEMPATH\Router\RouteCollection.php on line 1384.
 1 SYSTEMPATH\Router\RouteCollection.php(1205): CodeIgniter\Router\RouteCollection->buildReverseRoute('detalles_producto/(:num)', [])
 2 SYSTEMPATH\Common.php(955): CodeIgniter\Router\RouteCollection->reverseRoute('detalles_producto')
 3 APPPATH\Views\panel\productos.php(71): route_to('detalles_producto')
 4 SYSTEMPATH\View\View.php(224): include('C:\\xampp\\htdocs\\Nuevo_Estilo_Naye\\Estilo_Naye_Nails\\app\\Views\\panel\\productos.php')
 5 SYSTEMPATH\View\View.php(227): CodeIgniter\View\View->CodeIgniter\View\{closure}()
 6 SYSTEMPATH\Common.php(1173): CodeIgniter\View\View->render('panel/productos', [], true)
 7 APPPATH\Controllers\Panel\Productos.php(78): view('panel/productos', [...])
 8 APPPATH\Controllers\Panel\Productos.php(20): App\Controllers\Panel\Productos->crear_vista('panel/productos', [...])
 9 SYSTEMPATH\CodeIgniter.php(933): App\Controllers\Panel\Productos->index()
10 SYSTEMPATH\CodeIgniter.php(507): CodeIgniter\CodeIgniter->runController(Object(App\Controllers\Panel\Productos))
11 SYSTEMPATH\CodeIgniter.php(354): CodeIgniter\CodeIgniter->handleRequest(null, Object(Config\Cache), false)
12 SYSTEMPATH\Boot.php(334): CodeIgniter\CodeIgniter->run()
13 SYSTEMPATH\Boot.php(67): CodeIgniter\Boot::runCodeIgniter(Object(CodeIgniter\CodeIgniter))
14 FCPATH\index.php(56): CodeIgniter\Boot::bootWeb(Object(Config\Paths))
15 SYSTEMPATH\rewrite.php(44): require_once('C:\\xampp\\htdocs\\Nuevo_Estilo_Naye\\Estilo_Naye_Nails\\public\\index.php')
DEBUG - 2025-03-07 06:55:59 --> Session: Class initialized using 'CodeIgniter\Session\Handlers\FileHandler' driver.
DEBUG - 2025-03-07 06:57:04 --> Session: Class initialized using 'CodeIgniter\Session\Handlers\FileHandler' driver.
CRITICAL - 2025-03-07 00:57:04 --> ErrorException: Undefined variable $id_producto
[Method: GET, Route: administracion_productos]
in APPPATH\Views\panel\productos.php on line 75.
 1 APPPATH\Views\panel\productos.php(75): CodeIgniter\Debug\Exceptions->errorHandler(2, 'Undefined variable $id_producto', 'C:\\xampp\\htdocs\\Nuevo_Estilo_Naye\\Estilo_Naye_Nails\\app\\Views\\panel\\productos.php', 75)
 2 SYSTEMPATH\View\View.php(224): include('C:\\xampp\\htdocs\\Nuevo_Estilo_Naye\\Estilo_Naye_Nails\\app\\Views\\panel\\productos.php')
 3 SYSTEMPATH\View\View.php(227): CodeIgniter\View\View->CodeIgniter\View\{closure}()
 4 SYSTEMPATH\Common.php(1173): CodeIgniter\View\View->render('panel/productos', [], true)
 5 APPPATH\Controllers\Panel\Productos.php(78): view('panel/productos', [...])
 6 APPPATH\Controllers\Panel\Productos.php(20): App\Controllers\Panel\Productos->crear_vista('panel/productos', [...])
 7 SYSTEMPATH\CodeIgniter.php(933): App\Controllers\Panel\Productos->index()
 8 SYSTEMPATH\CodeIgniter.php(507): CodeIgniter\CodeIgniter->runController(Object(App\Controllers\Panel\Productos))
 9 SYSTEMPATH\CodeIgniter.php(354): CodeIgniter\CodeIgniter->handleRequest(null, Object(Config\Cache), false)
10 SYSTEMPATH\Boot.php(334): CodeIgniter\CodeIgniter->run()
11 SYSTEMPATH\Boot.php(67): CodeIgniter\Boot::runCodeIgniter(Object(CodeIgniter\CodeIgniter))
12 FCPATH\index.php(56): CodeIgniter\Boot::bootWeb(Object(Config\Paths))
13 SYSTEMPATH\rewrite.php(44): require_once('C:\\xampp\\htdocs\\Nuevo_Estilo_Naye\\Estilo_Naye_Nails\\public\\index.php')
DEBUG - 2025-03-07 06:58:59 --> Session: Class initialized using 'CodeIgniter\Session\Handlers\FileHandler' driver.
DEBUG - 2025-03-07 06:59:55 --> Session: Class initialized using 'CodeIgniter\Session\Handlers\FileHandler' driver.
CRITICAL - 2025-03-07 00:59:56 --> ErrorException: Undefined variable $id_producto
[Method: GET, Route: administracion_productos]
in APPPATH\Views\panel\productos.php on line 66.
 1 APPPATH\Views\panel\productos.php(66): CodeIgniter\Debug\Exceptions->errorHandler(2, 'Undefined variable $id_producto', 'C:\\xampp\\htdocs\\Nuevo_Estilo_Naye\\Estilo_Naye_Nails\\app\\Views\\panel\\productos.php', 66)
 2 SYSTEMPATH\View\View.php(224): include('C:\\xampp\\htdocs\\Nuevo_Estilo_Naye\\Estilo_Naye_Nails\\app\\Views\\panel\\productos.php')
 3 SYSTEMPATH\View\View.php(227): CodeIgniter\View\View->CodeIgniter\View\{closure}()
 4 SYSTEMPATH\Common.php(1173): CodeIgniter\View\View->render('panel/productos', [], true)
 5 APPPATH\Controllers\Panel\Productos.php(78): view('panel/productos', [...])
 6 APPPATH\Controllers\Panel\Productos.php(20): App\Controllers\Panel\Productos->crear_vista('panel/productos', [...])
 7 SYSTEMPATH\CodeIgniter.php(933): App\Controllers\Panel\Productos->index()
 8 SYSTEMPATH\CodeIgniter.php(507): CodeIgniter\CodeIgniter->runController(Object(App\Controllers\Panel\Productos))
 9 SYSTEMPATH\CodeIgniter.php(354): CodeIgniter\CodeIgniter->handleRequest(null, Object(Config\Cache), false)
10 SYSTEMPATH\Boot.php(334): CodeIgniter\CodeIgniter->run()
11 SYSTEMPATH\Boot.php(67): CodeIgniter\Boot::runCodeIgniter(Object(CodeIgniter\CodeIgniter))
12 FCPATH\index.php(56): CodeIgniter\Boot::bootWeb(Object(Config\Paths))
13 SYSTEMPATH\rewrite.php(44): require_once('C:\\xampp\\htdocs\\Nuevo_Estilo_Naye\\Estilo_Naye_Nails\\public\\index.php')
DEBUG - 2025-03-07 07:00:53 --> Session: Class initialized using 'CodeIgniter\Session\Handlers\FileHandler' driver.
DEBUG - 2025-03-07 07:09:46 --> Session: Class initialized using 'CodeIgniter\Session\Handlers\FileHandler' driver.
DEBUG - 2025-03-07 07:10:45 --> Session: Class initialized using 'CodeIgniter\Session\Handlers\FileHandler' driver.
DEBUG - 2025-03-07 07:10:48 --> Session: Class initialized using 'CodeIgniter\Session\Handlers\FileHandler' driver.
DEBUG - 2025-03-07 07:10:52 --> Session: Class initialized using 'CodeIgniter\Session\Handlers\FileHandler' driver.
DEBUG - 2025-03-07 07:11:37 --> Session: Class initialized using 'CodeIgniter\Session\Handlers\FileHandler' driver.
DEBUG - 2025-03-07 07:11:42 --> Session: Class initialized using 'CodeIgniter\Session\Handlers\FileHandler' driver.
DEBUG - 2025-03-07 07:12:58 --> Session: Class initialized using 'CodeIgniter\Session\Handlers\FileHandler' driver.
DEBUG - 2025-03-07 07:12:59 --> Session: Class initialized using 'CodeIgniter\Session\Handlers\FileHandler' driver.
DEBUG - 2025-03-07 07:13:43 --> Session: Class initialized using 'CodeIgniter\Session\Handlers\FileHandler' driver.
DEBUG - 2025-03-07 07:13:44 --> Session: Class initialized using 'CodeIgniter\Session\Handlers\FileHandler' driver.
DEBUG - 2025-03-07 07:13:51 --> Session: Class initialized using 'CodeIgniter\Session\Handlers\FileHandler' driver.
DEBUG - 2025-03-07 07:13:58 --> Session: Class initialized using 'CodeIgniter\Session\Handlers\FileHandler' driver.
DEBUG - 2025-03-07 11:47:04 --> Session: Class initialized using 'CodeIgniter\Session\Handlers\FileHandler' driver.
INFO - 2025-03-07 11:47:13 --> Usuario encontrado: Superadmin
DEBUG - 2025-03-07 11:47:13 --> Session: Class initialized using 'CodeIgniter\Session\Handlers\FileHandler' driver.
INFO - 2025-03-07 11:47:13 --> Redirigiendo a dashboard para el rol SUPERADMIN
DEBUG - 2025-03-07 17:47:14 --> Session: Class initialized using 'CodeIgniter\Session\Handlers\FileHandler' driver.
DEBUG - 2025-03-07 17:47:17 --> Session: Class initialized using 'CodeIgniter\Session\Handlers\FileHandler' driver.
DEBUG - 2025-03-07 17:53:58 --> Session: Class initialized using 'CodeIgniter\Session\Handlers\FileHandler' driver.
DEBUG - 2025-03-07 17:54:03 --> Session: Class initialized using 'CodeIgniter\Session\Handlers\FileHandler' driver.
DEBUG - 2025-03-07 18:10:03 --> Session: Class initialized using 'CodeIgniter\Session\Handlers\FileHandler' driver.
DEBUG - 2025-03-07 18:10:06 --> Session: Class initialized using 'CodeIgniter\Session\Handlers\FileHandler' driver.
DEBUG - 2025-03-07 18:10:09 --> Session: Class initialized using 'CodeIgniter\Session\Handlers\FileHandler' driver.
DEBUG - 2025-03-07 18:10:17 --> Session: Class initialized using 'CodeIgniter\Session\Handlers\FileHandler' driver.
DEBUG - 2025-03-07 18:15:22 --> Session: Class initialized using 'CodeIgniter\Session\Handlers\FileHandler' driver.
DEBUG - 2025-03-07 18:19:02 --> Session: Class initialized using 'CodeIgniter\Session\Handlers\FileHandler' driver.
DEBUG - 2025-03-07 18:20:43 --> Session: Class initialized using 'CodeIgniter\Session\Handlers\FileHandler' driver.
DEBUG - 2025-03-07 18:20:45 --> Session: Class initialized using 'CodeIgniter\Session\Handlers\FileHandler' driver.
DEBUG - 2025-03-07 18:20:47 --> Session: Class initialized using 'CodeIgniter\Session\Handlers\FileHandler' driver.
DEBUG - 2025-03-07 18:20:53 --> Session: Class initialized using 'CodeIgniter\Session\Handlers\FileHandler' driver.
DEBUG - 2025-03-07 18:21:38 --> Session: Class initialized using 'CodeIgniter\Session\Handlers\FileHandler' driver.
DEBUG - 2025-03-07 18:21:49 --> Session: Class initialized using 'CodeIgniter\Session\Handlers\FileHandler' driver.
DEBUG - 2025-03-07 18:21:50 --> Session: Class initialized using 'CodeIgniter\Session\Handlers\FileHandler' driver.
DEBUG - 2025-03-07 18:22:25 --> Session: Class initialized using 'CodeIgniter\Session\Handlers\FileHandler' driver.
DEBUG - 2025-03-07 18:22:53 --> Session: Class initialized using 'CodeIgniter\Session\Handlers\FileHandler' driver.
DEBUG - 2025-03-07 12:27:25 --> Session: Class initialized using 'CodeIgniter\Session\Handlers\FileHandler' driver.
DEBUG - 2025-03-07 18:27:25 --> Session: Class initialized using 'CodeIgniter\Session\Handlers\FileHandler' driver.
DEBUG - 2025-03-07 18:27:28 --> Session: Class initialized using 'CodeIgniter\Session\Handlers\FileHandler' driver.
DEBUG - 2025-03-07 18:28:13 --> Session: Class initialized using 'CodeIgniter\Session\Handlers\FileHandler' driver.
DEBUG - 2025-03-07 18:32:51 --> Session: Class initialized using 'CodeIgniter\Session\Handlers\FileHandler' driver.
DEBUG - 2025-03-07 18:32:52 --> Session: Class initialized using 'CodeIgniter\Session\Handlers\FileHandler' driver.
DEBUG - 2025-03-07 18:32:54 --> Session: Class initialized using 'CodeIgniter\Session\Handlers\FileHandler' driver.
DEBUG - 2025-03-07 18:32:57 --> Session: Class initialized using 'CodeIgniter\Session\Handlers\FileHandler' driver.
DEBUG - 2025-03-07 19:03:05 --> Session: Class initialized using 'CodeIgniter\Session\Handlers\FileHandler' driver.
DEBUG - 2025-03-07 19:06:59 --> Session: Class initialized using 'CodeIgniter\Session\Handlers\FileHandler' driver.
DEBUG - 2025-03-07 19:10:48 --> Session: Class initialized using 'CodeIgniter\Session\Handlers\FileHandler' driver.
DEBUG - 2025-03-07 20:40:41 --> Session: Class initialized using 'CodeIgniter\Session\Handlers\FileHandler' driver.
ERROR - 2025-03-07 14:40:45 --> Error connecting to the database: mysqli_sql_exception: No se puede establecer una conexión ya que el equipo de destino denegó expresamente dicha conexión in C:\xampp\htdocs\Nuevo_Estilo_Naye\Estilo_Naye_Nails\system\Database\MySQLi\Connection.php:201
Stack trace:
#0 C:\xampp\htdocs\Nuevo_Estilo_Naye\Estilo_Naye_Nails\system\Database\MySQLi\Connection.php(201): mysqli->real_connect('localhost', 'root', Object(SensitiveParameterValue), 'naye_nails', 3306, '', 0)
#1 C:\xampp\htdocs\Nuevo_Estilo_Naye\Estilo_Naye_Nails\system\Database\BaseConnection.php(421): CodeIgniter\Database\MySQLi\Connection->connect(false)
#2 C:\xampp\htdocs\Nuevo_Estilo_Naye\Estilo_Naye_Nails\system\Database\BaseConnection.php(620): CodeIgniter\Database\BaseConnection->initialize()
#3 C:\xampp\htdocs\Nuevo_Estilo_Naye\Estilo_Naye_Nails\system\Database\BaseBuilder.php(1649): CodeIgniter\Database\BaseConnection->query('SELECT `id_prod...', Array, false)
#4 C:\xampp\htdocs\Nuevo_Estilo_Naye\Estilo_Naye_Nails\system\Model.php(286): CodeIgniter\Database\BaseBuilder->get()
#5 C:\xampp\htdocs\Nuevo_Estilo_Naye\Estilo_Naye_Nails\system\BaseModel.php(675): CodeIgniter\Model->doFindAll(0, 0)
#6 C:\xampp\htdocs\Nuevo_Estilo_Naye\Estilo_Naye_Nails\app\Models\Tabla_productos.php(37): CodeIgniter\BaseModel->findAll()
#7 C:\xampp\htdocs\Nuevo_Estilo_Naye\Estilo_Naye_Nails\app\Controllers\Panel\Productos.php(46): App\Models\Tabla_productos->datatable_productos(NULL, '901')
#8 C:\xampp\htdocs\Nuevo_Estilo_Naye\Estilo_Naye_Nails\app\Controllers\Panel\Productos.php(20): App\Controllers\Panel\Productos->cargar_datos()
#9 C:\xampp\htdocs\Nuevo_Estilo_Naye\Estilo_Naye_Nails\system\CodeIgniter.php(933): App\Controllers\Panel\Productos->index()
#10 C:\xampp\htdocs\Nuevo_Estilo_Naye\Estilo_Naye_Nails\system\CodeIgniter.php(507): CodeIgniter\CodeIgniter->runController(Object(App\Controllers\Panel\Productos))
#11 C:\xampp\htdocs\Nuevo_Estilo_Naye\Estilo_Naye_Nails\system\CodeIgniter.php(354): CodeIgniter\CodeIgniter->handleRequest(NULL, Object(Config\Cache), false)
#12 C:\xampp\htdocs\Nuevo_Estilo_Naye\Estilo_Naye_Nails\system\Boot.php(334): CodeIgniter\CodeIgniter->run()
#13 C:\xampp\htdocs\Nuevo_Estilo_Naye\Estilo_Naye_Nails\system\Boot.php(67): CodeIgniter\Boot::runCodeIgniter(Object(CodeIgniter\CodeIgniter))
#14 C:\xampp\htdocs\Nuevo_Estilo_Naye\Estilo_Naye_Nails\public\index.php(56): CodeIgniter\Boot::bootWeb(Object(Config\Paths))
#15 C:\xampp\htdocs\Nuevo_Estilo_Naye\Estilo_Naye_Nails\system\rewrite.php(44): require_once('C:\\xampp\\htdocs...')
#16 {main}

Next CodeIgniter\Database\Exceptions\DatabaseException: No se puede establecer una conexión ya que el equipo de destino denegó expresamente dicha conexión in C:\xampp\htdocs\Nuevo_Estilo_Naye\Estilo_Naye_Nails\system\Database\MySQLi\Connection.php:246
Stack trace:
#0 C:\xampp\htdocs\Nuevo_Estilo_Naye\Estilo_Naye_Nails\system\Database\BaseConnection.php(421): CodeIgniter\Database\MySQLi\Connection->connect(false)
#1 C:\xampp\htdocs\Nuevo_Estilo_Naye\Estilo_Naye_Nails\system\Database\BaseConnection.php(620): CodeIgniter\Database\BaseConnection->initialize()
#2 C:\xampp\htdocs\Nuevo_Estilo_Naye\Estilo_Naye_Nails\system\Database\BaseBuilder.php(1649): CodeIgniter\Database\BaseConnection->query('SELECT `id_prod...', Array, false)
#3 C:\xampp\htdocs\Nuevo_Estilo_Naye\Estilo_Naye_Nails\system\Model.php(286): CodeIgniter\Database\BaseBuilder->get()
#4 C:\xampp\htdocs\Nuevo_Estilo_Naye\Estilo_Naye_Nails\system\BaseModel.php(675): CodeIgniter\Model->doFindAll(0, 0)
#5 C:\xampp\htdocs\Nuevo_Estilo_Naye\Estilo_Naye_Nails\app\Models\Tabla_productos.php(37): CodeIgniter\BaseModel->findAll()
#6 C:\xampp\htdocs\Nuevo_Estilo_Naye\Estilo_Naye_Nails\app\Controllers\Panel\Productos.php(46): App\Models\Tabla_productos->datatable_productos(NULL, '901')
#7 C:\xampp\htdocs\Nuevo_Estilo_Naye\Estilo_Naye_Nails\app\Controllers\Panel\Productos.php(20): App\Controllers\Panel\Productos->cargar_datos()
#8 C:\xampp\htdocs\Nuevo_Estilo_Naye\Estilo_Naye_Nails\system\CodeIgniter.php(933): App\Controllers\Panel\Productos->index()
#9 C:\xampp\htdocs\Nuevo_Estilo_Naye\Estilo_Naye_Nails\system\CodeIgniter.php(507): CodeIgniter\CodeIgniter->runController(Object(App\Controllers\Panel\Productos))
#10 C:\xampp\htdocs\Nuevo_Estilo_Naye\Estilo_Naye_Nails\system\CodeIgniter.php(354): CodeIgniter\CodeIgniter->handleRequest(NULL, Object(Config\Cache), false)
#11 C:\xampp\htdocs\Nuevo_Estilo_Naye\Estilo_Naye_Nails\system\Boot.php(334): CodeIgniter\CodeIgniter->run()
#12 C:\xampp\htdocs\Nuevo_Estilo_Naye\Estilo_Naye_Nails\system\Boot.php(67): CodeIgniter\Boot::runCodeIgniter(Object(CodeIgniter\CodeIgniter))
#13 C:\xampp\htdocs\Nuevo_Estilo_Naye\Estilo_Naye_Nails\public\index.php(56): CodeIgniter\Boot::bootWeb(Object(Config\Paths))
#14 C:\xampp\htdocs\Nuevo_Estilo_Naye\Estilo_Naye_Nails\system\rewrite.php(44): require_once('C:\\xampp\\htdocs...')
#15 {main}
CRITICAL - 2025-03-07 14:40:45 --> CodeIgniter\Database\Exceptions\DatabaseException: Unable to connect to the database.
Main connection [MySQLi]: No se puede establecer una conexión ya que el equipo de destino denegó expresamente dicha conexión
[Method: GET, Route: administracion_productos]
in SYSTEMPATH\Database\BaseConnection.php on line 467.
 1 SYSTEMPATH\Database\BaseConnection.php(620): CodeIgniter\Database\BaseConnection->initialize()
 2 SYSTEMPATH\Database\BaseBuilder.php(1649): CodeIgniter\Database\BaseConnection->query('SELECT `id_producto`, `estatus_producto`, `nombre_producto`, `descripcion`, `cantidad`, `eliminacion`
FROM `productos`
ORDER BY `nombre_producto` ASC', [], false)
 3 SYSTEMPATH\Model.php(286): CodeIgniter\Database\BaseBuilder->get()
 4 SYSTEMPATH\BaseModel.php(675): CodeIgniter\Model->doFindAll(0, 0)
 5 APPPATH\Models\Tabla_productos.php(37): CodeIgniter\BaseModel->findAll()
 6 APPPATH\Controllers\Panel\Productos.php(46): App\Models\Tabla_productos->datatable_productos(null, '901')
 7 APPPATH\Controllers\Panel\Productos.php(20): App\Controllers\Panel\Productos->cargar_datos()
 8 SYSTEMPATH\CodeIgniter.php(933): App\Controllers\Panel\Productos->index()
 9 SYSTEMPATH\CodeIgniter.php(507): CodeIgniter\CodeIgniter->runController(Object(App\Controllers\Panel\Productos))
10 SYSTEMPATH\CodeIgniter.php(354): CodeIgniter\CodeIgniter->handleRequest(null, Object(Config\Cache), false)
11 SYSTEMPATH\Boot.php(334): CodeIgniter\CodeIgniter->run()
12 SYSTEMPATH\Boot.php(67): CodeIgniter\Boot::runCodeIgniter(Object(CodeIgniter\CodeIgniter))
13 FCPATH\index.php(56): CodeIgniter\Boot::bootWeb(Object(Config\Paths))
14 SYSTEMPATH\rewrite.php(44): require_once('C:\\xampp\\htdocs\\Nuevo_Estilo_Naye\\Estilo_Naye_Nails\\public\\index.php')
DEBUG - 2025-03-07 20:41:37 --> Session: Class initialized using 'CodeIgniter\Session\Handlers\FileHandler' driver.
DEBUG - 2025-03-07 20:48:46 --> Session: Class initialized using 'CodeIgniter\Session\Handlers\FileHandler' driver.
DEBUG - 2025-03-07 20:48:47 --> Session: Class initialized using 'CodeIgniter\Session\Handlers\FileHandler' driver.
DEBUG - 2025-03-07 20:48:49 --> Session: Class initialized using 'CodeIgniter\Session\Handlers\FileHandler' driver.
DEBUG - 2025-03-07 20:48:52 --> Session: Class initialized using 'CodeIgniter\Session\Handlers\FileHandler' driver.
DEBUG - 2025-03-07 20:49:14 --> Session: Class initialized using 'CodeIgniter\Session\Handlers\FileHandler' driver.
DEBUG - 2025-03-07 20:54:50 --> Session: Class initialized using 'CodeIgniter\Session\Handlers\FileHandler' driver.
DEBUG - 2025-03-07 20:55:07 --> Session: Class initialized using 'CodeIgniter\Session\Handlers\FileHandler' driver.
DEBUG - 2025-03-07 21:02:37 --> Session: Class initialized using 'CodeIgniter\Session\Handlers\FileHandler' driver.
DEBUG - 2025-03-07 21:23:30 --> Session: Class initialized using 'CodeIgniter\Session\Handlers\FileHandler' driver.
