DEBUG - 2025-03-06 00:31:03 --> Session: Class initialized using 'CodeIgniter\Session\Handlers\FileHandler' driver.
INFO - 2025-03-06 00:31:16 --> Usuario encontrado: Superadmin
DEBUG - 2025-03-06 00:31:16 --> Session: Class initialized using 'CodeIgniter\Session\Handlers\FileHandler' driver.
INFO - 2025-03-06 00:31:16 --> Redirigiendo a dashboard para el rol SUPERADMIN
DEBUG - 2025-03-06 06:31:16 --> Session: Class initialized using 'CodeIgniter\Session\Handlers\FileHandler' driver.
DEBUG - 2025-03-06 06:31:20 --> Session: Class initialized using 'CodeIgniter\Session\Handlers\FileHandler' driver.
DEBUG - 2025-03-06 06:32:11 --> Session: Class initialized using 'CodeIgniter\Session\Handlers\FileHandler' driver.
DEBUG - 2025-03-06 06:34:04 --> Session: Class initialized using 'CodeIgniter\Session\Handlers\FileHandler' driver.
DEBUG - 2025-03-06 06:34:17 --> Session: Class initialized using 'CodeIgniter\Session\Handlers\FileHandler' driver.
DEBUG - 2025-03-06 06:53:33 --> Session: Class initialized using 'CodeIgniter\Session\Handlers\FileHandler' driver.
DEBUG - 2025-03-06 06:53:39 --> Session: Class initialized using 'CodeIgniter\Session\Handlers\FileHandler' driver.
DEBUG - 2025-03-06 06:54:23 --> Session: Class initialized using 'CodeIgniter\Session\Handlers\FileHandler' driver.
DEBUG - 2025-03-06 06:57:16 --> Session: Class initialized using 'CodeIgniter\Session\Handlers\FileHandler' driver.
DEBUG - 2025-03-06 06:57:19 --> Session: Class initialized using 'CodeIgniter\Session\Handlers\FileHandler' driver.
DEBUG - 2025-03-06 06:57:22 --> Session: Class initialized using 'CodeIgniter\Session\Handlers\FileHandler' driver.
DEBUG - 2025-03-06 07:02:00 --> Session: Class initialized using 'CodeIgniter\Session\Handlers\FileHandler' driver.
CRITICAL - 2025-03-06 01:02:01 --> ErrorException: Undefined variable $roles
[Method: GET, Route: nuevo_producto]
in APPPATH\Views\panel\producto_nuevo.php on line 83.
 1 APPPATH\Views\panel\producto_nuevo.php(83): CodeIgniter\Debug\Exceptions->errorHandler(2, 'Undefined variable $roles', 'C:\\xampp\\htdocs\\Nuevo_Estilo_Naye\\Estilo_Naye_Nails\\app\\Views\\panel\\producto_nuevo.php', 83)
 2 SYSTEMPATH\View\View.php(224): include('C:\\xampp\\htdocs\\Nuevo_Estilo_Naye\\Estilo_Naye_Nails\\app\\Views\\panel\\producto_nuevo.php')
 3 SYSTEMPATH\View\View.php(227): CodeIgniter\View\View->CodeIgniter\View\{closure}()
 4 SYSTEMPATH\Common.php(1173): CodeIgniter\View\View->render('panel/producto_nuevo', [], true)
 5 APPPATH\Controllers\Panel\Producto_nuevo.php(82): view('panel/producto_nuevo', [...])
 6 APPPATH\Controllers\Panel\Producto_nuevo.php(20): App\Controllers\Panel\Producto_nuevo->crear_vista('panel/producto_nuevo', [...])
 7 SYSTEMPATH\CodeIgniter.php(933): App\Controllers\Panel\Producto_nuevo->index()
 8 SYSTEMPATH\CodeIgniter.php(507): CodeIgniter\CodeIgniter->runController(Object(App\Controllers\Panel\Producto_nuevo))
 9 SYSTEMPATH\CodeIgniter.php(354): CodeIgniter\CodeIgniter->handleRequest(null, Object(Config\Cache), false)
10 SYSTEMPATH\Boot.php(334): CodeIgniter\CodeIgniter->run()
11 SYSTEMPATH\Boot.php(67): CodeIgniter\Boot::runCodeIgniter(Object(CodeIgniter\CodeIgniter))
12 FCPATH\index.php(56): CodeIgniter\Boot::bootWeb(Object(Config\Paths))
13 SYSTEMPATH\rewrite.php(44): require_once('C:\\xampp\\htdocs\\Nuevo_Estilo_Naye\\Estilo_Naye_Nails\\public\\index.php')
DEBUG - 2025-03-06 07:03:07 --> Session: Class initialized using 'CodeIgniter\Session\Handlers\FileHandler' driver.
CRITICAL - 2025-03-06 01:03:07 --> ErrorException: Undefined variable $roles
[Method: GET, Route: nuevo_producto]
in APPPATH\Views\panel\producto_nuevo.php on line 83.
 1 APPPATH\Views\panel\producto_nuevo.php(83): CodeIgniter\Debug\Exceptions->errorHandler(2, 'Undefined variable $roles', 'C:\\xampp\\htdocs\\Nuevo_Estilo_Naye\\Estilo_Naye_Nails\\app\\Views\\panel\\producto_nuevo.php', 83)
 2 SYSTEMPATH\View\View.php(224): include('C:\\xampp\\htdocs\\Nuevo_Estilo_Naye\\Estilo_Naye_Nails\\app\\Views\\panel\\producto_nuevo.php')
 3 SYSTEMPATH\View\View.php(227): CodeIgniter\View\View->CodeIgniter\View\{closure}()
 4 SYSTEMPATH\Common.php(1173): CodeIgniter\View\View->render('panel/producto_nuevo', [], true)
 5 APPPATH\Controllers\Panel\Producto_nuevo.php(82): view('panel/producto_nuevo', [...])
 6 APPPATH\Controllers\Panel\Producto_nuevo.php(20): App\Controllers\Panel\Producto_nuevo->crear_vista('panel/producto_nuevo', [...])
 7 SYSTEMPATH\CodeIgniter.php(933): App\Controllers\Panel\Producto_nuevo->index()
 8 SYSTEMPATH\CodeIgniter.php(507): CodeIgniter\CodeIgniter->runController(Object(App\Controllers\Panel\Producto_nuevo))
 9 SYSTEMPATH\CodeIgniter.php(354): CodeIgniter\CodeIgniter->handleRequest(null, Object(Config\Cache), false)
10 SYSTEMPATH\Boot.php(334): CodeIgniter\CodeIgniter->run()
11 SYSTEMPATH\Boot.php(67): CodeIgniter\Boot::runCodeIgniter(Object(CodeIgniter\CodeIgniter))
12 FCPATH\index.php(56): CodeIgniter\Boot::bootWeb(Object(Config\Paths))
13 SYSTEMPATH\rewrite.php(44): require_once('C:\\xampp\\htdocs\\Nuevo_Estilo_Naye\\Estilo_Naye_Nails\\public\\index.php')
DEBUG - 2025-03-06 07:03:10 --> Session: Class initialized using 'CodeIgniter\Session\Handlers\FileHandler' driver.
DEBUG - 2025-03-06 07:03:16 --> Session: Class initialized using 'CodeIgniter\Session\Handlers\FileHandler' driver.
CRITICAL - 2025-03-06 01:03:16 --> ErrorException: Undefined variable $roles
[Method: GET, Route: nuevo_producto]
in APPPATH\Views\panel\producto_nuevo.php on line 83.
 1 APPPATH\Views\panel\producto_nuevo.php(83): CodeIgniter\Debug\Exceptions->errorHandler(2, 'Undefined variable $roles', 'C:\\xampp\\htdocs\\Nuevo_Estilo_Naye\\Estilo_Naye_Nails\\app\\Views\\panel\\producto_nuevo.php', 83)
 2 SYSTEMPATH\View\View.php(224): include('C:\\xampp\\htdocs\\Nuevo_Estilo_Naye\\Estilo_Naye_Nails\\app\\Views\\panel\\producto_nuevo.php')
 3 SYSTEMPATH\View\View.php(227): CodeIgniter\View\View->CodeIgniter\View\{closure}()
 4 SYSTEMPATH\Common.php(1173): CodeIgniter\View\View->render('panel/producto_nuevo', [], true)
 5 APPPATH\Controllers\Panel\Producto_nuevo.php(82): view('panel/producto_nuevo', [...])
 6 APPPATH\Controllers\Panel\Producto_nuevo.php(20): App\Controllers\Panel\Producto_nuevo->crear_vista('panel/producto_nuevo', [...])
 7 SYSTEMPATH\CodeIgniter.php(933): App\Controllers\Panel\Producto_nuevo->index()
 8 SYSTEMPATH\CodeIgniter.php(507): CodeIgniter\CodeIgniter->runController(Object(App\Controllers\Panel\Producto_nuevo))
 9 SYSTEMPATH\CodeIgniter.php(354): CodeIgniter\CodeIgniter->handleRequest(null, Object(Config\Cache), false)
10 SYSTEMPATH\Boot.php(334): CodeIgniter\CodeIgniter->run()
11 SYSTEMPATH\Boot.php(67): CodeIgniter\Boot::runCodeIgniter(Object(CodeIgniter\CodeIgniter))
12 FCPATH\index.php(56): CodeIgniter\Boot::bootWeb(Object(Config\Paths))
13 SYSTEMPATH\rewrite.php(44): require_once('C:\\xampp\\htdocs\\Nuevo_Estilo_Naye\\Estilo_Naye_Nails\\public\\index.php')
DEBUG - 2025-03-06 07:04:51 --> Session: Class initialized using 'CodeIgniter\Session\Handlers\FileHandler' driver.
CRITICAL - 2025-03-06 01:04:51 --> ErrorException: Undefined variable $roles
[Method: GET, Route: nuevo_producto]
in APPPATH\Views\panel\producto_nuevo.php on line 83.
 1 APPPATH\Views\panel\producto_nuevo.php(83): CodeIgniter\Debug\Exceptions->errorHandler(2, 'Undefined variable $roles', 'C:\\xampp\\htdocs\\Nuevo_Estilo_Naye\\Estilo_Naye_Nails\\app\\Views\\panel\\producto_nuevo.php', 83)
 2 SYSTEMPATH\View\View.php(224): include('C:\\xampp\\htdocs\\Nuevo_Estilo_Naye\\Estilo_Naye_Nails\\app\\Views\\panel\\producto_nuevo.php')
 3 SYSTEMPATH\View\View.php(227): CodeIgniter\View\View->CodeIgniter\View\{closure}()
 4 SYSTEMPATH\Common.php(1173): CodeIgniter\View\View->render('panel/producto_nuevo', [], true)
 5 APPPATH\Controllers\Panel\Producto_nuevo.php(82): view('panel/producto_nuevo', [...])
 6 APPPATH\Controllers\Panel\Producto_nuevo.php(20): App\Controllers\Panel\Producto_nuevo->crear_vista('panel/producto_nuevo', [...])
 7 SYSTEMPATH\CodeIgniter.php(933): App\Controllers\Panel\Producto_nuevo->index()
 8 SYSTEMPATH\CodeIgniter.php(507): CodeIgniter\CodeIgniter->runController(Object(App\Controllers\Panel\Producto_nuevo))
 9 SYSTEMPATH\CodeIgniter.php(354): CodeIgniter\CodeIgniter->handleRequest(null, Object(Config\Cache), false)
10 SYSTEMPATH\Boot.php(334): CodeIgniter\CodeIgniter->run()
11 SYSTEMPATH\Boot.php(67): CodeIgniter\Boot::runCodeIgniter(Object(CodeIgniter\CodeIgniter))
12 FCPATH\index.php(56): CodeIgniter\Boot::bootWeb(Object(Config\Paths))
13 SYSTEMPATH\rewrite.php(44): require_once('C:\\xampp\\htdocs\\Nuevo_Estilo_Naye\\Estilo_Naye_Nails\\public\\index.php')
DEBUG - 2025-03-06 07:04:53 --> Session: Class initialized using 'CodeIgniter\Session\Handlers\FileHandler' driver.
DEBUG - 2025-03-06 07:04:55 --> Session: Class initialized using 'CodeIgniter\Session\Handlers\FileHandler' driver.
CRITICAL - 2025-03-06 01:04:56 --> ErrorException: Undefined variable $roles
[Method: GET, Route: nuevo_producto]
in APPPATH\Views\panel\producto_nuevo.php on line 83.
 1 APPPATH\Views\panel\producto_nuevo.php(83): CodeIgniter\Debug\Exceptions->errorHandler(2, 'Undefined variable $roles', 'C:\\xampp\\htdocs\\Nuevo_Estilo_Naye\\Estilo_Naye_Nails\\app\\Views\\panel\\producto_nuevo.php', 83)
 2 SYSTEMPATH\View\View.php(224): include('C:\\xampp\\htdocs\\Nuevo_Estilo_Naye\\Estilo_Naye_Nails\\app\\Views\\panel\\producto_nuevo.php')
 3 SYSTEMPATH\View\View.php(227): CodeIgniter\View\View->CodeIgniter\View\{closure}()
 4 SYSTEMPATH\Common.php(1173): CodeIgniter\View\View->render('panel/producto_nuevo', [], true)
 5 APPPATH\Controllers\Panel\Producto_nuevo.php(82): view('panel/producto_nuevo', [...])
 6 APPPATH\Controllers\Panel\Producto_nuevo.php(20): App\Controllers\Panel\Producto_nuevo->crear_vista('panel/producto_nuevo', [...])
 7 SYSTEMPATH\CodeIgniter.php(933): App\Controllers\Panel\Producto_nuevo->index()
 8 SYSTEMPATH\CodeIgniter.php(507): CodeIgniter\CodeIgniter->runController(Object(App\Controllers\Panel\Producto_nuevo))
 9 SYSTEMPATH\CodeIgniter.php(354): CodeIgniter\CodeIgniter->handleRequest(null, Object(Config\Cache), false)
10 SYSTEMPATH\Boot.php(334): CodeIgniter\CodeIgniter->run()
11 SYSTEMPATH\Boot.php(67): CodeIgniter\Boot::runCodeIgniter(Object(CodeIgniter\CodeIgniter))
12 FCPATH\index.php(56): CodeIgniter\Boot::bootWeb(Object(Config\Paths))
13 SYSTEMPATH\rewrite.php(44): require_once('C:\\xampp\\htdocs\\Nuevo_Estilo_Naye\\Estilo_Naye_Nails\\public\\index.php')
DEBUG - 2025-03-06 07:10:29 --> Session: Class initialized using 'CodeIgniter\Session\Handlers\FileHandler' driver.
CRITICAL - 2025-03-06 01:10:29 --> ErrorException: Undefined variable $roles
[Method: GET, Route: nuevo_producto]
in APPPATH\Views\panel\producto_nuevo.php on line 83.
 1 APPPATH\Views\panel\producto_nuevo.php(83): CodeIgniter\Debug\Exceptions->errorHandler(2, 'Undefined variable $roles', 'C:\\xampp\\htdocs\\Nuevo_Estilo_Naye\\Estilo_Naye_Nails\\app\\Views\\panel\\producto_nuevo.php', 83)
 2 SYSTEMPATH\View\View.php(224): include('C:\\xampp\\htdocs\\Nuevo_Estilo_Naye\\Estilo_Naye_Nails\\app\\Views\\panel\\producto_nuevo.php')
 3 SYSTEMPATH\View\View.php(227): CodeIgniter\View\View->CodeIgniter\View\{closure}()
 4 SYSTEMPATH\Common.php(1173): CodeIgniter\View\View->render('panel/producto_nuevo', [], true)
 5 APPPATH\Controllers\Panel\Producto_nuevo.php(82): view('panel/producto_nuevo', [...])
 6 APPPATH\Controllers\Panel\Producto_nuevo.php(20): App\Controllers\Panel\Producto_nuevo->crear_vista('panel/producto_nuevo', [...])
 7 SYSTEMPATH\CodeIgniter.php(933): App\Controllers\Panel\Producto_nuevo->index()
 8 SYSTEMPATH\CodeIgniter.php(507): CodeIgniter\CodeIgniter->runController(Object(App\Controllers\Panel\Producto_nuevo))
 9 SYSTEMPATH\CodeIgniter.php(354): CodeIgniter\CodeIgniter->handleRequest(null, Object(Config\Cache), false)
10 SYSTEMPATH\Boot.php(334): CodeIgniter\CodeIgniter->run()
11 SYSTEMPATH\Boot.php(67): CodeIgniter\Boot::runCodeIgniter(Object(CodeIgniter\CodeIgniter))
12 FCPATH\index.php(56): CodeIgniter\Boot::bootWeb(Object(Config\Paths))
13 SYSTEMPATH\rewrite.php(44): require_once('C:\\xampp\\htdocs\\Nuevo_Estilo_Naye\\Estilo_Naye_Nails\\public\\index.php')
DEBUG - 2025-03-06 07:10:32 --> Session: Class initialized using 'CodeIgniter\Session\Handlers\FileHandler' driver.
CRITICAL - 2025-03-06 01:10:32 --> ErrorException: Undefined variable $roles
[Method: GET, Route: nuevo_producto]
in APPPATH\Views\panel\producto_nuevo.php on line 83.
 1 APPPATH\Views\panel\producto_nuevo.php(83): CodeIgniter\Debug\Exceptions->errorHandler(2, 'Undefined variable $roles', 'C:\\xampp\\htdocs\\Nuevo_Estilo_Naye\\Estilo_Naye_Nails\\app\\Views\\panel\\producto_nuevo.php', 83)
 2 SYSTEMPATH\View\View.php(224): include('C:\\xampp\\htdocs\\Nuevo_Estilo_Naye\\Estilo_Naye_Nails\\app\\Views\\panel\\producto_nuevo.php')
 3 SYSTEMPATH\View\View.php(227): CodeIgniter\View\View->CodeIgniter\View\{closure}()
 4 SYSTEMPATH\Common.php(1173): CodeIgniter\View\View->render('panel/producto_nuevo', [], true)
 5 APPPATH\Controllers\Panel\Producto_nuevo.php(82): view('panel/producto_nuevo', [...])
 6 APPPATH\Controllers\Panel\Producto_nuevo.php(20): App\Controllers\Panel\Producto_nuevo->crear_vista('panel/producto_nuevo', [...])
 7 SYSTEMPATH\CodeIgniter.php(933): App\Controllers\Panel\Producto_nuevo->index()
 8 SYSTEMPATH\CodeIgniter.php(507): CodeIgniter\CodeIgniter->runController(Object(App\Controllers\Panel\Producto_nuevo))
 9 SYSTEMPATH\CodeIgniter.php(354): CodeIgniter\CodeIgniter->handleRequest(null, Object(Config\Cache), false)
10 SYSTEMPATH\Boot.php(334): CodeIgniter\CodeIgniter->run()
11 SYSTEMPATH\Boot.php(67): CodeIgniter\Boot::runCodeIgniter(Object(CodeIgniter\CodeIgniter))
12 FCPATH\index.php(56): CodeIgniter\Boot::bootWeb(Object(Config\Paths))
13 SYSTEMPATH\rewrite.php(44): require_once('C:\\xampp\\htdocs\\Nuevo_Estilo_Naye\\Estilo_Naye_Nails\\public\\index.php')
DEBUG - 2025-03-06 07:10:35 --> Session: Class initialized using 'CodeIgniter\Session\Handlers\FileHandler' driver.
DEBUG - 2025-03-06 07:10:53 --> Session: Class initialized using 'CodeIgniter\Session\Handlers\FileHandler' driver.
CRITICAL - 2025-03-06 01:10:54 --> ErrorException: Undefined variable $roles
[Method: GET, Route: nuevo_producto]
in APPPATH\Views\panel\producto_nuevo.php on line 83.
 1 APPPATH\Views\panel\producto_nuevo.php(83): CodeIgniter\Debug\Exceptions->errorHandler(2, 'Undefined variable $roles', 'C:\\xampp\\htdocs\\Nuevo_Estilo_Naye\\Estilo_Naye_Nails\\app\\Views\\panel\\producto_nuevo.php', 83)
 2 SYSTEMPATH\View\View.php(224): include('C:\\xampp\\htdocs\\Nuevo_Estilo_Naye\\Estilo_Naye_Nails\\app\\Views\\panel\\producto_nuevo.php')
 3 SYSTEMPATH\View\View.php(227): CodeIgniter\View\View->CodeIgniter\View\{closure}()
 4 SYSTEMPATH\Common.php(1173): CodeIgniter\View\View->render('panel/producto_nuevo', [], true)
 5 APPPATH\Controllers\Panel\Producto_nuevo.php(82): view('panel/producto_nuevo', [...])
 6 APPPATH\Controllers\Panel\Producto_nuevo.php(20): App\Controllers\Panel\Producto_nuevo->crear_vista('panel/producto_nuevo', [...])
 7 SYSTEMPATH\CodeIgniter.php(933): App\Controllers\Panel\Producto_nuevo->index()
 8 SYSTEMPATH\CodeIgniter.php(507): CodeIgniter\CodeIgniter->runController(Object(App\Controllers\Panel\Producto_nuevo))
 9 SYSTEMPATH\CodeIgniter.php(354): CodeIgniter\CodeIgniter->handleRequest(null, Object(Config\Cache), false)
10 SYSTEMPATH\Boot.php(334): CodeIgniter\CodeIgniter->run()
11 SYSTEMPATH\Boot.php(67): CodeIgniter\Boot::runCodeIgniter(Object(CodeIgniter\CodeIgniter))
12 FCPATH\index.php(56): CodeIgniter\Boot::bootWeb(Object(Config\Paths))
13 SYSTEMPATH\rewrite.php(44): require_once('C:\\xampp\\htdocs\\Nuevo_Estilo_Naye\\Estilo_Naye_Nails\\public\\index.php')
DEBUG - 2025-03-06 07:11:08 --> Session: Class initialized using 'CodeIgniter\Session\Handlers\FileHandler' driver.
DEBUG - 2025-03-06 07:11:52 --> Session: Class initialized using 'CodeIgniter\Session\Handlers\FileHandler' driver.
DEBUG - 2025-03-06 07:11:56 --> Session: Class initialized using 'CodeIgniter\Session\Handlers\FileHandler' driver.
DEBUG - 2025-03-06 07:12:00 --> Session: Class initialized using 'CodeIgniter\Session\Handlers\FileHandler' driver.
DEBUG - 2025-03-06 07:12:26 --> Session: Class initialized using 'CodeIgniter\Session\Handlers\FileHandler' driver.
DEBUG - 2025-03-06 16:04:24 --> Session: Class initialized using 'CodeIgniter\Session\Handlers\FileHandler' driver.
DEBUG - 2025-03-06 10:06:13 --> Session: Class initialized using 'CodeIgniter\Session\Handlers\FileHandler' driver.
ERROR - 2025-03-06 10:06:43 --> Error connecting to the database: mysqli_sql_exception: No se puede establecer una conexión ya que el equipo de destino denegó expresamente dicha conexión in C:\xampp\htdocs\Nuevo_Estilo_Naye\Estilo_Naye_Nails\system\Database\MySQLi\Connection.php:201
Stack trace:
#0 C:\xampp\htdocs\Nuevo_Estilo_Naye\Estilo_Naye_Nails\system\Database\MySQLi\Connection.php(201): mysqli->real_connect('localhost', 'root', Object(SensitiveParameterValue), 'naye_nails', 3306, '', 0)
#1 C:\xampp\htdocs\Nuevo_Estilo_Naye\Estilo_Naye_Nails\system\Database\BaseConnection.php(421): CodeIgniter\Database\MySQLi\Connection->connect(false)
#2 C:\xampp\htdocs\Nuevo_Estilo_Naye\Estilo_Naye_Nails\system\Database\BaseConnection.php(620): CodeIgniter\Database\BaseConnection->initialize()
#3 C:\xampp\htdocs\Nuevo_Estilo_Naye\Estilo_Naye_Nails\system\Database\BaseBuilder.php(1649): CodeIgniter\Database\BaseConnection->query('SELECT `estatus...', Array, false)
#4 C:\xampp\htdocs\Nuevo_Estilo_Naye\Estilo_Naye_Nails\system\Model.php(330): CodeIgniter\Database\BaseBuilder->get()
#5 C:\xampp\htdocs\Nuevo_Estilo_Naye\Estilo_Naye_Nails\system\BaseModel.php(713): CodeIgniter\Model->doFirst()
#6 C:\xampp\htdocs\Nuevo_Estilo_Naye\Estilo_Naye_Nails\app\Models\Tabla_usuarios.php(33): CodeIgniter\BaseModel->first()
#7 C:\xampp\htdocs\Nuevo_Estilo_Naye\Estilo_Naye_Nails\app\Controllers\Usuarios\Login.php(58): App\Models\Tabla_usuarios->login('superadmin@esna...', 'e34f92a20532a87...')
#8 C:\xampp\htdocs\Nuevo_Estilo_Naye\Estilo_Naye_Nails\system\CodeIgniter.php(933): App\Controllers\Usuarios\Login->comprobar()
#9 C:\xampp\htdocs\Nuevo_Estilo_Naye\Estilo_Naye_Nails\system\CodeIgniter.php(507): CodeIgniter\CodeIgniter->runController(Object(App\Controllers\Usuarios\Login))
#10 C:\xampp\htdocs\Nuevo_Estilo_Naye\Estilo_Naye_Nails\system\CodeIgniter.php(354): CodeIgniter\CodeIgniter->handleRequest(NULL, Object(Config\Cache), false)
#11 C:\xampp\htdocs\Nuevo_Estilo_Naye\Estilo_Naye_Nails\system\Boot.php(334): CodeIgniter\CodeIgniter->run()
#12 C:\xampp\htdocs\Nuevo_Estilo_Naye\Estilo_Naye_Nails\system\Boot.php(67): CodeIgniter\Boot::runCodeIgniter(Object(CodeIgniter\CodeIgniter))
#13 C:\xampp\htdocs\Nuevo_Estilo_Naye\Estilo_Naye_Nails\public\index.php(56): CodeIgniter\Boot::bootWeb(Object(Config\Paths))
#14 C:\xampp\htdocs\Nuevo_Estilo_Naye\Estilo_Naye_Nails\system\rewrite.php(44): require_once('C:\\xampp\\htdocs...')
#15 {main}

Next CodeIgniter\Database\Exceptions\DatabaseException: No se puede establecer una conexión ya que el equipo de destino denegó expresamente dicha conexión in C:\xampp\htdocs\Nuevo_Estilo_Naye\Estilo_Naye_Nails\system\Database\MySQLi\Connection.php:246
Stack trace:
#0 C:\xampp\htdocs\Nuevo_Estilo_Naye\Estilo_Naye_Nails\system\Database\BaseConnection.php(421): CodeIgniter\Database\MySQLi\Connection->connect(false)
#1 C:\xampp\htdocs\Nuevo_Estilo_Naye\Estilo_Naye_Nails\system\Database\BaseConnection.php(620): CodeIgniter\Database\BaseConnection->initialize()
#2 C:\xampp\htdocs\Nuevo_Estilo_Naye\Estilo_Naye_Nails\system\Database\BaseBuilder.php(1649): CodeIgniter\Database\BaseConnection->query('SELECT `estatus...', Array, false)
#3 C:\xampp\htdocs\Nuevo_Estilo_Naye\Estilo_Naye_Nails\system\Model.php(330): CodeIgniter\Database\BaseBuilder->get()
#4 C:\xampp\htdocs\Nuevo_Estilo_Naye\Estilo_Naye_Nails\system\BaseModel.php(713): CodeIgniter\Model->doFirst()
#5 C:\xampp\htdocs\Nuevo_Estilo_Naye\Estilo_Naye_Nails\app\Models\Tabla_usuarios.php(33): CodeIgniter\BaseModel->first()
#6 C:\xampp\htdocs\Nuevo_Estilo_Naye\Estilo_Naye_Nails\app\Controllers\Usuarios\Login.php(58): App\Models\Tabla_usuarios->login('superadmin@esna...', 'e34f92a20532a87...')
#7 C:\xampp\htdocs\Nuevo_Estilo_Naye\Estilo_Naye_Nails\system\CodeIgniter.php(933): App\Controllers\Usuarios\Login->comprobar()
#8 C:\xampp\htdocs\Nuevo_Estilo_Naye\Estilo_Naye_Nails\system\CodeIgniter.php(507): CodeIgniter\CodeIgniter->runController(Object(App\Controllers\Usuarios\Login))
#9 C:\xampp\htdocs\Nuevo_Estilo_Naye\Estilo_Naye_Nails\system\CodeIgniter.php(354): CodeIgniter\CodeIgniter->handleRequest(NULL, Object(Config\Cache), false)
#10 C:\xampp\htdocs\Nuevo_Estilo_Naye\Estilo_Naye_Nails\system\Boot.php(334): CodeIgniter\CodeIgniter->run()
#11 C:\xampp\htdocs\Nuevo_Estilo_Naye\Estilo_Naye_Nails\system\Boot.php(67): CodeIgniter\Boot::runCodeIgniter(Object(CodeIgniter\CodeIgniter))
#12 C:\xampp\htdocs\Nuevo_Estilo_Naye\Estilo_Naye_Nails\public\index.php(56): CodeIgniter\Boot::bootWeb(Object(Config\Paths))
#13 C:\xampp\htdocs\Nuevo_Estilo_Naye\Estilo_Naye_Nails\system\rewrite.php(44): require_once('C:\\xampp\\htdocs...')
#14 {main}
CRITICAL - 2025-03-06 10:06:43 --> CodeIgniter\Database\Exceptions\DatabaseException: Unable to connect to the database.
Main connection [MySQLi]: No se puede establecer una conexión ya que el equipo de destino denegó expresamente dicha conexión
[Method: POST, Route: validar_usuario]
in SYSTEMPATH\Database\BaseConnection.php on line 467.
 1 SYSTEMPATH\Database\BaseConnection.php(620): CodeIgniter\Database\BaseConnection->initialize()
 2 SYSTEMPATH\Database\BaseBuilder.php(1649): CodeIgniter\Database\BaseConnection->query('SELECT `estatus_usuario`, `id_usuario`, `nombre_usuario`, `ap_paterno_usuario`, `ap_materno_usuario`, `sexo_usuario`, `email_usuario`, `imagen_usuario`, `usuarios`.`id_rol` AS `clave_rol`, `rol` AS `nombre_rol`
FROM `usuarios`
JOIN `roles` ON `usuarios`.`id_rol` = `roles`.`id_rol`
WHERE `email_usuario` = :email_usuario:
AND `password_usuario` = :password_usuario:
AND `usuarios`.`eliminacion` IS NULL
 LIMIT 1', [...], false)
 3 SYSTEMPATH\Model.php(330): CodeIgniter\Database\BaseBuilder->get()
 4 SYSTEMPATH\BaseModel.php(713): CodeIgniter\Model->doFirst()
 5 APPPATH\Models\Tabla_usuarios.php(33): CodeIgniter\BaseModel->first()
 6 APPPATH\Controllers\Usuarios\Login.php(58): App\Models\Tabla_usuarios->login('superadmin@esnaye.com', 'e34f92a20532a873cb3184398070b4b82a8fa29cf48572c203dc5f0fa6158231')
 7 SYSTEMPATH\CodeIgniter.php(933): App\Controllers\Usuarios\Login->comprobar()
 8 SYSTEMPATH\CodeIgniter.php(507): CodeIgniter\CodeIgniter->runController(Object(App\Controllers\Usuarios\Login))
 9 SYSTEMPATH\CodeIgniter.php(354): CodeIgniter\CodeIgniter->handleRequest(null, Object(Config\Cache), false)
10 SYSTEMPATH\Boot.php(334): CodeIgniter\CodeIgniter->run()
11 SYSTEMPATH\Boot.php(67): CodeIgniter\Boot::runCodeIgniter(Object(CodeIgniter\CodeIgniter))
12 FCPATH\index.php(56): CodeIgniter\Boot::bootWeb(Object(Config\Paths))
13 SYSTEMPATH\rewrite.php(44): require_once('C:\\xampp\\htdocs\\Nuevo_Estilo_Naye\\Estilo_Naye_Nails\\public\\index.php')
ERROR - 2025-03-06 10:09:25 --> Error connecting to the database: mysqli_sql_exception: No se puede establecer una conexión ya que el equipo de destino denegó expresamente dicha conexión in C:\xampp\htdocs\Nuevo_Estilo_Naye\Estilo_Naye_Nails\system\Database\MySQLi\Connection.php:201
Stack trace:
#0 C:\xampp\htdocs\Nuevo_Estilo_Naye\Estilo_Naye_Nails\system\Database\MySQLi\Connection.php(201): mysqli->real_connect('localhost', 'root', Object(SensitiveParameterValue), 'naye_nails', 3306, '', 0)
#1 C:\xampp\htdocs\Nuevo_Estilo_Naye\Estilo_Naye_Nails\system\Database\BaseConnection.php(421): CodeIgniter\Database\MySQLi\Connection->connect(false)
#2 C:\xampp\htdocs\Nuevo_Estilo_Naye\Estilo_Naye_Nails\system\Database\BaseConnection.php(620): CodeIgniter\Database\BaseConnection->initialize()
#3 C:\xampp\htdocs\Nuevo_Estilo_Naye\Estilo_Naye_Nails\system\Database\BaseBuilder.php(1649): CodeIgniter\Database\BaseConnection->query('SELECT `estatus...', Array, false)
#4 C:\xampp\htdocs\Nuevo_Estilo_Naye\Estilo_Naye_Nails\system\Model.php(330): CodeIgniter\Database\BaseBuilder->get()
#5 C:\xampp\htdocs\Nuevo_Estilo_Naye\Estilo_Naye_Nails\system\BaseModel.php(713): CodeIgniter\Model->doFirst()
#6 C:\xampp\htdocs\Nuevo_Estilo_Naye\Estilo_Naye_Nails\app\Models\Tabla_usuarios.php(33): CodeIgniter\BaseModel->first()
#7 C:\xampp\htdocs\Nuevo_Estilo_Naye\Estilo_Naye_Nails\app\Controllers\Usuarios\Login.php(58): App\Models\Tabla_usuarios->login('superadmin@esna...', 'e34f92a20532a87...')
#8 C:\xampp\htdocs\Nuevo_Estilo_Naye\Estilo_Naye_Nails\system\CodeIgniter.php(933): App\Controllers\Usuarios\Login->comprobar()
#9 C:\xampp\htdocs\Nuevo_Estilo_Naye\Estilo_Naye_Nails\system\CodeIgniter.php(507): CodeIgniter\CodeIgniter->runController(Object(App\Controllers\Usuarios\Login))
#10 C:\xampp\htdocs\Nuevo_Estilo_Naye\Estilo_Naye_Nails\system\CodeIgniter.php(354): CodeIgniter\CodeIgniter->handleRequest(NULL, Object(Config\Cache), false)
#11 C:\xampp\htdocs\Nuevo_Estilo_Naye\Estilo_Naye_Nails\system\Boot.php(334): CodeIgniter\CodeIgniter->run()
#12 C:\xampp\htdocs\Nuevo_Estilo_Naye\Estilo_Naye_Nails\system\Boot.php(67): CodeIgniter\Boot::runCodeIgniter(Object(CodeIgniter\CodeIgniter))
#13 C:\xampp\htdocs\Nuevo_Estilo_Naye\Estilo_Naye_Nails\public\index.php(56): CodeIgniter\Boot::bootWeb(Object(Config\Paths))
#14 C:\xampp\htdocs\Nuevo_Estilo_Naye\Estilo_Naye_Nails\system\rewrite.php(44): require_once('C:\\xampp\\htdocs...')
#15 {main}

Next CodeIgniter\Database\Exceptions\DatabaseException: No se puede establecer una conexión ya que el equipo de destino denegó expresamente dicha conexión in C:\xampp\htdocs\Nuevo_Estilo_Naye\Estilo_Naye_Nails\system\Database\MySQLi\Connection.php:246
Stack trace:
#0 C:\xampp\htdocs\Nuevo_Estilo_Naye\Estilo_Naye_Nails\system\Database\BaseConnection.php(421): CodeIgniter\Database\MySQLi\Connection->connect(false)
#1 C:\xampp\htdocs\Nuevo_Estilo_Naye\Estilo_Naye_Nails\system\Database\BaseConnection.php(620): CodeIgniter\Database\BaseConnection->initialize()
#2 C:\xampp\htdocs\Nuevo_Estilo_Naye\Estilo_Naye_Nails\system\Database\BaseBuilder.php(1649): CodeIgniter\Database\BaseConnection->query('SELECT `estatus...', Array, false)
#3 C:\xampp\htdocs\Nuevo_Estilo_Naye\Estilo_Naye_Nails\system\Model.php(330): CodeIgniter\Database\BaseBuilder->get()
#4 C:\xampp\htdocs\Nuevo_Estilo_Naye\Estilo_Naye_Nails\system\BaseModel.php(713): CodeIgniter\Model->doFirst()
#5 C:\xampp\htdocs\Nuevo_Estilo_Naye\Estilo_Naye_Nails\app\Models\Tabla_usuarios.php(33): CodeIgniter\BaseModel->first()
#6 C:\xampp\htdocs\Nuevo_Estilo_Naye\Estilo_Naye_Nails\app\Controllers\Usuarios\Login.php(58): App\Models\Tabla_usuarios->login('superadmin@esna...', 'e34f92a20532a87...')
#7 C:\xampp\htdocs\Nuevo_Estilo_Naye\Estilo_Naye_Nails\system\CodeIgniter.php(933): App\Controllers\Usuarios\Login->comprobar()
#8 C:\xampp\htdocs\Nuevo_Estilo_Naye\Estilo_Naye_Nails\system\CodeIgniter.php(507): CodeIgniter\CodeIgniter->runController(Object(App\Controllers\Usuarios\Login))
#9 C:\xampp\htdocs\Nuevo_Estilo_Naye\Estilo_Naye_Nails\system\CodeIgniter.php(354): CodeIgniter\CodeIgniter->handleRequest(NULL, Object(Config\Cache), false)
#10 C:\xampp\htdocs\Nuevo_Estilo_Naye\Estilo_Naye_Nails\system\Boot.php(334): CodeIgniter\CodeIgniter->run()
#11 C:\xampp\htdocs\Nuevo_Estilo_Naye\Estilo_Naye_Nails\system\Boot.php(67): CodeIgniter\Boot::runCodeIgniter(Object(CodeIgniter\CodeIgniter))
#12 C:\xampp\htdocs\Nuevo_Estilo_Naye\Estilo_Naye_Nails\public\index.php(56): CodeIgniter\Boot::bootWeb(Object(Config\Paths))
#13 C:\xampp\htdocs\Nuevo_Estilo_Naye\Estilo_Naye_Nails\system\rewrite.php(44): require_once('C:\\xampp\\htdocs...')
#14 {main}
CRITICAL - 2025-03-06 10:09:25 --> CodeIgniter\Database\Exceptions\DatabaseException: Unable to connect to the database.
Main connection [MySQLi]: No se puede establecer una conexión ya que el equipo de destino denegó expresamente dicha conexión
[Method: POST, Route: validar_usuario]
in SYSTEMPATH\Database\BaseConnection.php on line 467.
 1 SYSTEMPATH\Database\BaseConnection.php(620): CodeIgniter\Database\BaseConnection->initialize()
 2 SYSTEMPATH\Database\BaseBuilder.php(1649): CodeIgniter\Database\BaseConnection->query('SELECT `estatus_usuario`, `id_usuario`, `nombre_usuario`, `ap_paterno_usuario`, `ap_materno_usuario`, `sexo_usuario`, `email_usuario`, `imagen_usuario`, `usuarios`.`id_rol` AS `clave_rol`, `rol` AS `nombre_rol`
FROM `usuarios`
JOIN `roles` ON `usuarios`.`id_rol` = `roles`.`id_rol`
WHERE `email_usuario` = :email_usuario:
AND `password_usuario` = :password_usuario:
AND `usuarios`.`eliminacion` IS NULL
 LIMIT 1', [...], false)
 3 SYSTEMPATH\Model.php(330): CodeIgniter\Database\BaseBuilder->get()
 4 SYSTEMPATH\BaseModel.php(713): CodeIgniter\Model->doFirst()
 5 APPPATH\Models\Tabla_usuarios.php(33): CodeIgniter\BaseModel->first()
 6 APPPATH\Controllers\Usuarios\Login.php(58): App\Models\Tabla_usuarios->login('superadmin@esnaye.com', 'e34f92a20532a873cb3184398070b4b82a8fa29cf48572c203dc5f0fa6158231')
 7 SYSTEMPATH\CodeIgniter.php(933): App\Controllers\Usuarios\Login->comprobar()
 8 SYSTEMPATH\CodeIgniter.php(507): CodeIgniter\CodeIgniter->runController(Object(App\Controllers\Usuarios\Login))
 9 SYSTEMPATH\CodeIgniter.php(354): CodeIgniter\CodeIgniter->handleRequest(null, Object(Config\Cache), false)
10 SYSTEMPATH\Boot.php(334): CodeIgniter\CodeIgniter->run()
11 SYSTEMPATH\Boot.php(67): CodeIgniter\Boot::runCodeIgniter(Object(CodeIgniter\CodeIgniter))
12 FCPATH\index.php(56): CodeIgniter\Boot::bootWeb(Object(Config\Paths))
13 SYSTEMPATH\rewrite.php(44): require_once('C:\\xampp\\htdocs\\Nuevo_Estilo_Naye\\Estilo_Naye_Nails\\public\\index.php')
DEBUG - 2025-03-06 10:09:42 --> Session: Class initialized using 'CodeIgniter\Session\Handlers\FileHandler' driver.
ERROR - 2025-03-06 10:10:00 --> Error connecting to the database: mysqli_sql_exception: No se puede establecer una conexión ya que el equipo de destino denegó expresamente dicha conexión in C:\xampp\htdocs\Nuevo_Estilo_Naye\Estilo_Naye_Nails\system\Database\MySQLi\Connection.php:201
Stack trace:
#0 C:\xampp\htdocs\Nuevo_Estilo_Naye\Estilo_Naye_Nails\system\Database\MySQLi\Connection.php(201): mysqli->real_connect('localhost', 'root', Object(SensitiveParameterValue), 'naye_nails', 3306, '', 0)
#1 C:\xampp\htdocs\Nuevo_Estilo_Naye\Estilo_Naye_Nails\system\Database\BaseConnection.php(421): CodeIgniter\Database\MySQLi\Connection->connect(false)
#2 C:\xampp\htdocs\Nuevo_Estilo_Naye\Estilo_Naye_Nails\system\Database\BaseConnection.php(620): CodeIgniter\Database\BaseConnection->initialize()
#3 C:\xampp\htdocs\Nuevo_Estilo_Naye\Estilo_Naye_Nails\system\Database\BaseBuilder.php(1649): CodeIgniter\Database\BaseConnection->query('SELECT `estatus...', Array, false)
#4 C:\xampp\htdocs\Nuevo_Estilo_Naye\Estilo_Naye_Nails\system\Model.php(330): CodeIgniter\Database\BaseBuilder->get()
#5 C:\xampp\htdocs\Nuevo_Estilo_Naye\Estilo_Naye_Nails\system\BaseModel.php(713): CodeIgniter\Model->doFirst()
#6 C:\xampp\htdocs\Nuevo_Estilo_Naye\Estilo_Naye_Nails\app\Models\Tabla_usuarios.php(33): CodeIgniter\BaseModel->first()
#7 C:\xampp\htdocs\Nuevo_Estilo_Naye\Estilo_Naye_Nails\app\Controllers\Usuarios\Login.php(58): App\Models\Tabla_usuarios->login('superadmin@esna...', 'e34f92a20532a87...')
#8 C:\xampp\htdocs\Nuevo_Estilo_Naye\Estilo_Naye_Nails\system\CodeIgniter.php(933): App\Controllers\Usuarios\Login->comprobar()
#9 C:\xampp\htdocs\Nuevo_Estilo_Naye\Estilo_Naye_Nails\system\CodeIgniter.php(507): CodeIgniter\CodeIgniter->runController(Object(App\Controllers\Usuarios\Login))
#10 C:\xampp\htdocs\Nuevo_Estilo_Naye\Estilo_Naye_Nails\system\CodeIgniter.php(354): CodeIgniter\CodeIgniter->handleRequest(NULL, Object(Config\Cache), false)
#11 C:\xampp\htdocs\Nuevo_Estilo_Naye\Estilo_Naye_Nails\system\Boot.php(334): CodeIgniter\CodeIgniter->run()
#12 C:\xampp\htdocs\Nuevo_Estilo_Naye\Estilo_Naye_Nails\system\Boot.php(67): CodeIgniter\Boot::runCodeIgniter(Object(CodeIgniter\CodeIgniter))
#13 C:\xampp\htdocs\Nuevo_Estilo_Naye\Estilo_Naye_Nails\public\index.php(56): CodeIgniter\Boot::bootWeb(Object(Config\Paths))
#14 C:\xampp\htdocs\Nuevo_Estilo_Naye\Estilo_Naye_Nails\system\rewrite.php(44): require_once('C:\\xampp\\htdocs...')
#15 {main}

Next CodeIgniter\Database\Exceptions\DatabaseException: No se puede establecer una conexión ya que el equipo de destino denegó expresamente dicha conexión in C:\xampp\htdocs\Nuevo_Estilo_Naye\Estilo_Naye_Nails\system\Database\MySQLi\Connection.php:246
Stack trace:
#0 C:\xampp\htdocs\Nuevo_Estilo_Naye\Estilo_Naye_Nails\system\Database\BaseConnection.php(421): CodeIgniter\Database\MySQLi\Connection->connect(false)
#1 C:\xampp\htdocs\Nuevo_Estilo_Naye\Estilo_Naye_Nails\system\Database\BaseConnection.php(620): CodeIgniter\Database\BaseConnection->initialize()
#2 C:\xampp\htdocs\Nuevo_Estilo_Naye\Estilo_Naye_Nails\system\Database\BaseBuilder.php(1649): CodeIgniter\Database\BaseConnection->query('SELECT `estatus...', Array, false)
#3 C:\xampp\htdocs\Nuevo_Estilo_Naye\Estilo_Naye_Nails\system\Model.php(330): CodeIgniter\Database\BaseBuilder->get()
#4 C:\xampp\htdocs\Nuevo_Estilo_Naye\Estilo_Naye_Nails\system\BaseModel.php(713): CodeIgniter\Model->doFirst()
#5 C:\xampp\htdocs\Nuevo_Estilo_Naye\Estilo_Naye_Nails\app\Models\Tabla_usuarios.php(33): CodeIgniter\BaseModel->first()
#6 C:\xampp\htdocs\Nuevo_Estilo_Naye\Estilo_Naye_Nails\app\Controllers\Usuarios\Login.php(58): App\Models\Tabla_usuarios->login('superadmin@esna...', 'e34f92a20532a87...')
#7 C:\xampp\htdocs\Nuevo_Estilo_Naye\Estilo_Naye_Nails\system\CodeIgniter.php(933): App\Controllers\Usuarios\Login->comprobar()
#8 C:\xampp\htdocs\Nuevo_Estilo_Naye\Estilo_Naye_Nails\system\CodeIgniter.php(507): CodeIgniter\CodeIgniter->runController(Object(App\Controllers\Usuarios\Login))
#9 C:\xampp\htdocs\Nuevo_Estilo_Naye\Estilo_Naye_Nails\system\CodeIgniter.php(354): CodeIgniter\CodeIgniter->handleRequest(NULL, Object(Config\Cache), false)
#10 C:\xampp\htdocs\Nuevo_Estilo_Naye\Estilo_Naye_Nails\system\Boot.php(334): CodeIgniter\CodeIgniter->run()
#11 C:\xampp\htdocs\Nuevo_Estilo_Naye\Estilo_Naye_Nails\system\Boot.php(67): CodeIgniter\Boot::runCodeIgniter(Object(CodeIgniter\CodeIgniter))
#12 C:\xampp\htdocs\Nuevo_Estilo_Naye\Estilo_Naye_Nails\public\index.php(56): CodeIgniter\Boot::bootWeb(Object(Config\Paths))
#13 C:\xampp\htdocs\Nuevo_Estilo_Naye\Estilo_Naye_Nails\system\rewrite.php(44): require_once('C:\\xampp\\htdocs...')
#14 {main}
CRITICAL - 2025-03-06 10:10:00 --> CodeIgniter\Database\Exceptions\DatabaseException: Unable to connect to the database.
Main connection [MySQLi]: No se puede establecer una conexión ya que el equipo de destino denegó expresamente dicha conexión
[Method: POST, Route: validar_usuario]
in SYSTEMPATH\Database\BaseConnection.php on line 467.
 1 SYSTEMPATH\Database\BaseConnection.php(620): CodeIgniter\Database\BaseConnection->initialize()
 2 SYSTEMPATH\Database\BaseBuilder.php(1649): CodeIgniter\Database\BaseConnection->query('SELECT `estatus_usuario`, `id_usuario`, `nombre_usuario`, `ap_paterno_usuario`, `ap_materno_usuario`, `sexo_usuario`, `email_usuario`, `imagen_usuario`, `usuarios`.`id_rol` AS `clave_rol`, `rol` AS `nombre_rol`
FROM `usuarios`
JOIN `roles` ON `usuarios`.`id_rol` = `roles`.`id_rol`
WHERE `email_usuario` = :email_usuario:
AND `password_usuario` = :password_usuario:
AND `usuarios`.`eliminacion` IS NULL
 LIMIT 1', [...], false)
 3 SYSTEMPATH\Model.php(330): CodeIgniter\Database\BaseBuilder->get()
 4 SYSTEMPATH\BaseModel.php(713): CodeIgniter\Model->doFirst()
 5 APPPATH\Models\Tabla_usuarios.php(33): CodeIgniter\BaseModel->first()
 6 APPPATH\Controllers\Usuarios\Login.php(58): App\Models\Tabla_usuarios->login('superadmin@esnaye.com', 'e34f92a20532a873cb3184398070b4b82a8fa29cf48572c203dc5f0fa6158231')
 7 SYSTEMPATH\CodeIgniter.php(933): App\Controllers\Usuarios\Login->comprobar()
 8 SYSTEMPATH\CodeIgniter.php(507): CodeIgniter\CodeIgniter->runController(Object(App\Controllers\Usuarios\Login))
 9 SYSTEMPATH\CodeIgniter.php(354): CodeIgniter\CodeIgniter->handleRequest(null, Object(Config\Cache), false)
10 SYSTEMPATH\Boot.php(334): CodeIgniter\CodeIgniter->run()
11 SYSTEMPATH\Boot.php(67): CodeIgniter\Boot::runCodeIgniter(Object(CodeIgniter\CodeIgniter))
12 FCPATH\index.php(56): CodeIgniter\Boot::bootWeb(Object(Config\Paths))
13 SYSTEMPATH\rewrite.php(44): require_once('C:\\xampp\\htdocs\\Nuevo_Estilo_Naye\\Estilo_Naye_Nails\\public\\index.php')
ERROR - 2025-03-06 10:14:42 --> Error connecting to the database: mysqli_sql_exception: No se puede establecer una conexión ya que el equipo de destino denegó expresamente dicha conexión in C:\xampp\htdocs\Nuevo_Estilo_Naye\Estilo_Naye_Nails\system\Database\MySQLi\Connection.php:201
Stack trace:
#0 C:\xampp\htdocs\Nuevo_Estilo_Naye\Estilo_Naye_Nails\system\Database\MySQLi\Connection.php(201): mysqli->real_connect('localhost', 'root', Object(SensitiveParameterValue), 'naye_nails', 3306, '', 0)
#1 C:\xampp\htdocs\Nuevo_Estilo_Naye\Estilo_Naye_Nails\system\Database\BaseConnection.php(421): CodeIgniter\Database\MySQLi\Connection->connect(false)
#2 C:\xampp\htdocs\Nuevo_Estilo_Naye\Estilo_Naye_Nails\system\Database\BaseConnection.php(620): CodeIgniter\Database\BaseConnection->initialize()
#3 C:\xampp\htdocs\Nuevo_Estilo_Naye\Estilo_Naye_Nails\system\Database\BaseBuilder.php(1649): CodeIgniter\Database\BaseConnection->query('SELECT `estatus...', Array, false)
#4 C:\xampp\htdocs\Nuevo_Estilo_Naye\Estilo_Naye_Nails\system\Model.php(330): CodeIgniter\Database\BaseBuilder->get()
#5 C:\xampp\htdocs\Nuevo_Estilo_Naye\Estilo_Naye_Nails\system\BaseModel.php(713): CodeIgniter\Model->doFirst()
#6 C:\xampp\htdocs\Nuevo_Estilo_Naye\Estilo_Naye_Nails\app\Models\Tabla_usuarios.php(33): CodeIgniter\BaseModel->first()
#7 C:\xampp\htdocs\Nuevo_Estilo_Naye\Estilo_Naye_Nails\app\Controllers\Usuarios\Login.php(58): App\Models\Tabla_usuarios->login('superadmin@esna...', 'e34f92a20532a87...')
#8 C:\xampp\htdocs\Nuevo_Estilo_Naye\Estilo_Naye_Nails\system\CodeIgniter.php(933): App\Controllers\Usuarios\Login->comprobar()
#9 C:\xampp\htdocs\Nuevo_Estilo_Naye\Estilo_Naye_Nails\system\CodeIgniter.php(507): CodeIgniter\CodeIgniter->runController(Object(App\Controllers\Usuarios\Login))
#10 C:\xampp\htdocs\Nuevo_Estilo_Naye\Estilo_Naye_Nails\system\CodeIgniter.php(354): CodeIgniter\CodeIgniter->handleRequest(NULL, Object(Config\Cache), false)
#11 C:\xampp\htdocs\Nuevo_Estilo_Naye\Estilo_Naye_Nails\system\Boot.php(334): CodeIgniter\CodeIgniter->run()
#12 C:\xampp\htdocs\Nuevo_Estilo_Naye\Estilo_Naye_Nails\system\Boot.php(67): CodeIgniter\Boot::runCodeIgniter(Object(CodeIgniter\CodeIgniter))
#13 C:\xampp\htdocs\Nuevo_Estilo_Naye\Estilo_Naye_Nails\public\index.php(56): CodeIgniter\Boot::bootWeb(Object(Config\Paths))
#14 C:\xampp\htdocs\Nuevo_Estilo_Naye\Estilo_Naye_Nails\system\rewrite.php(44): require_once('C:\\xampp\\htdocs...')
#15 {main}

Next CodeIgniter\Database\Exceptions\DatabaseException: No se puede establecer una conexión ya que el equipo de destino denegó expresamente dicha conexión in C:\xampp\htdocs\Nuevo_Estilo_Naye\Estilo_Naye_Nails\system\Database\MySQLi\Connection.php:246
Stack trace:
#0 C:\xampp\htdocs\Nuevo_Estilo_Naye\Estilo_Naye_Nails\system\Database\BaseConnection.php(421): CodeIgniter\Database\MySQLi\Connection->connect(false)
#1 C:\xampp\htdocs\Nuevo_Estilo_Naye\Estilo_Naye_Nails\system\Database\BaseConnection.php(620): CodeIgniter\Database\BaseConnection->initialize()
#2 C:\xampp\htdocs\Nuevo_Estilo_Naye\Estilo_Naye_Nails\system\Database\BaseBuilder.php(1649): CodeIgniter\Database\BaseConnection->query('SELECT `estatus...', Array, false)
#3 C:\xampp\htdocs\Nuevo_Estilo_Naye\Estilo_Naye_Nails\system\Model.php(330): CodeIgniter\Database\BaseBuilder->get()
#4 C:\xampp\htdocs\Nuevo_Estilo_Naye\Estilo_Naye_Nails\system\BaseModel.php(713): CodeIgniter\Model->doFirst()
#5 C:\xampp\htdocs\Nuevo_Estilo_Naye\Estilo_Naye_Nails\app\Models\Tabla_usuarios.php(33): CodeIgniter\BaseModel->first()
#6 C:\xampp\htdocs\Nuevo_Estilo_Naye\Estilo_Naye_Nails\app\Controllers\Usuarios\Login.php(58): App\Models\Tabla_usuarios->login('superadmin@esna...', 'e34f92a20532a87...')
#7 C:\xampp\htdocs\Nuevo_Estilo_Naye\Estilo_Naye_Nails\system\CodeIgniter.php(933): App\Controllers\Usuarios\Login->comprobar()
#8 C:\xampp\htdocs\Nuevo_Estilo_Naye\Estilo_Naye_Nails\system\CodeIgniter.php(507): CodeIgniter\CodeIgniter->runController(Object(App\Controllers\Usuarios\Login))
#9 C:\xampp\htdocs\Nuevo_Estilo_Naye\Estilo_Naye_Nails\system\CodeIgniter.php(354): CodeIgniter\CodeIgniter->handleRequest(NULL, Object(Config\Cache), false)
#10 C:\xampp\htdocs\Nuevo_Estilo_Naye\Estilo_Naye_Nails\system\Boot.php(334): CodeIgniter\CodeIgniter->run()
#11 C:\xampp\htdocs\Nuevo_Estilo_Naye\Estilo_Naye_Nails\system\Boot.php(67): CodeIgniter\Boot::runCodeIgniter(Object(CodeIgniter\CodeIgniter))
#12 C:\xampp\htdocs\Nuevo_Estilo_Naye\Estilo_Naye_Nails\public\index.php(56): CodeIgniter\Boot::bootWeb(Object(Config\Paths))
#13 C:\xampp\htdocs\Nuevo_Estilo_Naye\Estilo_Naye_Nails\system\rewrite.php(44): require_once('C:\\xampp\\htdocs...')
#14 {main}
CRITICAL - 2025-03-06 10:14:42 --> CodeIgniter\Database\Exceptions\DatabaseException: Unable to connect to the database.
Main connection [MySQLi]: No se puede establecer una conexión ya que el equipo de destino denegó expresamente dicha conexión
[Method: POST, Route: validar_usuario]
in SYSTEMPATH\Database\BaseConnection.php on line 467.
 1 SYSTEMPATH\Database\BaseConnection.php(620): CodeIgniter\Database\BaseConnection->initialize()
 2 SYSTEMPATH\Database\BaseBuilder.php(1649): CodeIgniter\Database\BaseConnection->query('SELECT `estatus_usuario`, `id_usuario`, `nombre_usuario`, `ap_paterno_usuario`, `ap_materno_usuario`, `sexo_usuario`, `email_usuario`, `imagen_usuario`, `usuarios`.`id_rol` AS `clave_rol`, `rol` AS `nombre_rol`
FROM `usuarios`
JOIN `roles` ON `usuarios`.`id_rol` = `roles`.`id_rol`
WHERE `email_usuario` = :email_usuario:
AND `password_usuario` = :password_usuario:
AND `usuarios`.`eliminacion` IS NULL
 LIMIT 1', [...], false)
 3 SYSTEMPATH\Model.php(330): CodeIgniter\Database\BaseBuilder->get()
 4 SYSTEMPATH\BaseModel.php(713): CodeIgniter\Model->doFirst()
 5 APPPATH\Models\Tabla_usuarios.php(33): CodeIgniter\BaseModel->first()
 6 APPPATH\Controllers\Usuarios\Login.php(58): App\Models\Tabla_usuarios->login('superadmin@esnaye.com', 'e34f92a20532a873cb3184398070b4b82a8fa29cf48572c203dc5f0fa6158231')
 7 SYSTEMPATH\CodeIgniter.php(933): App\Controllers\Usuarios\Login->comprobar()
 8 SYSTEMPATH\CodeIgniter.php(507): CodeIgniter\CodeIgniter->runController(Object(App\Controllers\Usuarios\Login))
 9 SYSTEMPATH\CodeIgniter.php(354): CodeIgniter\CodeIgniter->handleRequest(null, Object(Config\Cache), false)
10 SYSTEMPATH\Boot.php(334): CodeIgniter\CodeIgniter->run()
11 SYSTEMPATH\Boot.php(67): CodeIgniter\Boot::runCodeIgniter(Object(CodeIgniter\CodeIgniter))
12 FCPATH\index.php(56): CodeIgniter\Boot::bootWeb(Object(Config\Paths))
13 SYSTEMPATH\rewrite.php(44): require_once('C:\\xampp\\htdocs\\Nuevo_Estilo_Naye\\Estilo_Naye_Nails\\public\\index.php')
ERROR - 2025-03-06 10:14:51 --> Error connecting to the database: mysqli_sql_exception: No se puede establecer una conexión ya que el equipo de destino denegó expresamente dicha conexión in C:\xampp\htdocs\Nuevo_Estilo_Naye\Estilo_Naye_Nails\system\Database\MySQLi\Connection.php:201
Stack trace:
#0 C:\xampp\htdocs\Nuevo_Estilo_Naye\Estilo_Naye_Nails\system\Database\MySQLi\Connection.php(201): mysqli->real_connect('localhost', 'root', Object(SensitiveParameterValue), 'naye_nails', 3306, '', 0)
#1 C:\xampp\htdocs\Nuevo_Estilo_Naye\Estilo_Naye_Nails\system\Database\BaseConnection.php(421): CodeIgniter\Database\MySQLi\Connection->connect(false)
#2 C:\xampp\htdocs\Nuevo_Estilo_Naye\Estilo_Naye_Nails\system\Database\BaseConnection.php(620): CodeIgniter\Database\BaseConnection->initialize()
#3 C:\xampp\htdocs\Nuevo_Estilo_Naye\Estilo_Naye_Nails\system\Database\BaseBuilder.php(1649): CodeIgniter\Database\BaseConnection->query('SELECT `estatus...', Array, false)
#4 C:\xampp\htdocs\Nuevo_Estilo_Naye\Estilo_Naye_Nails\system\Model.php(330): CodeIgniter\Database\BaseBuilder->get()
#5 C:\xampp\htdocs\Nuevo_Estilo_Naye\Estilo_Naye_Nails\system\BaseModel.php(713): CodeIgniter\Model->doFirst()
#6 C:\xampp\htdocs\Nuevo_Estilo_Naye\Estilo_Naye_Nails\app\Models\Tabla_usuarios.php(33): CodeIgniter\BaseModel->first()
#7 C:\xampp\htdocs\Nuevo_Estilo_Naye\Estilo_Naye_Nails\app\Controllers\Usuarios\Login.php(58): App\Models\Tabla_usuarios->login('superadmin@esna...', 'e34f92a20532a87...')
#8 C:\xampp\htdocs\Nuevo_Estilo_Naye\Estilo_Naye_Nails\system\CodeIgniter.php(933): App\Controllers\Usuarios\Login->comprobar()
#9 C:\xampp\htdocs\Nuevo_Estilo_Naye\Estilo_Naye_Nails\system\CodeIgniter.php(507): CodeIgniter\CodeIgniter->runController(Object(App\Controllers\Usuarios\Login))
#10 C:\xampp\htdocs\Nuevo_Estilo_Naye\Estilo_Naye_Nails\system\CodeIgniter.php(354): CodeIgniter\CodeIgniter->handleRequest(NULL, Object(Config\Cache), false)
#11 C:\xampp\htdocs\Nuevo_Estilo_Naye\Estilo_Naye_Nails\system\Boot.php(334): CodeIgniter\CodeIgniter->run()
#12 C:\xampp\htdocs\Nuevo_Estilo_Naye\Estilo_Naye_Nails\system\Boot.php(67): CodeIgniter\Boot::runCodeIgniter(Object(CodeIgniter\CodeIgniter))
#13 C:\xampp\htdocs\Nuevo_Estilo_Naye\Estilo_Naye_Nails\public\index.php(56): CodeIgniter\Boot::bootWeb(Object(Config\Paths))
#14 C:\xampp\htdocs\Nuevo_Estilo_Naye\Estilo_Naye_Nails\system\rewrite.php(44): require_once('C:\\xampp\\htdocs...')
#15 {main}

Next CodeIgniter\Database\Exceptions\DatabaseException: No se puede establecer una conexión ya que el equipo de destino denegó expresamente dicha conexión in C:\xampp\htdocs\Nuevo_Estilo_Naye\Estilo_Naye_Nails\system\Database\MySQLi\Connection.php:246
Stack trace:
#0 C:\xampp\htdocs\Nuevo_Estilo_Naye\Estilo_Naye_Nails\system\Database\BaseConnection.php(421): CodeIgniter\Database\MySQLi\Connection->connect(false)
#1 C:\xampp\htdocs\Nuevo_Estilo_Naye\Estilo_Naye_Nails\system\Database\BaseConnection.php(620): CodeIgniter\Database\BaseConnection->initialize()
#2 C:\xampp\htdocs\Nuevo_Estilo_Naye\Estilo_Naye_Nails\system\Database\BaseBuilder.php(1649): CodeIgniter\Database\BaseConnection->query('SELECT `estatus...', Array, false)
#3 C:\xampp\htdocs\Nuevo_Estilo_Naye\Estilo_Naye_Nails\system\Model.php(330): CodeIgniter\Database\BaseBuilder->get()
#4 C:\xampp\htdocs\Nuevo_Estilo_Naye\Estilo_Naye_Nails\system\BaseModel.php(713): CodeIgniter\Model->doFirst()
#5 C:\xampp\htdocs\Nuevo_Estilo_Naye\Estilo_Naye_Nails\app\Models\Tabla_usuarios.php(33): CodeIgniter\BaseModel->first()
#6 C:\xampp\htdocs\Nuevo_Estilo_Naye\Estilo_Naye_Nails\app\Controllers\Usuarios\Login.php(58): App\Models\Tabla_usuarios->login('superadmin@esna...', 'e34f92a20532a87...')
#7 C:\xampp\htdocs\Nuevo_Estilo_Naye\Estilo_Naye_Nails\system\CodeIgniter.php(933): App\Controllers\Usuarios\Login->comprobar()
#8 C:\xampp\htdocs\Nuevo_Estilo_Naye\Estilo_Naye_Nails\system\CodeIgniter.php(507): CodeIgniter\CodeIgniter->runController(Object(App\Controllers\Usuarios\Login))
#9 C:\xampp\htdocs\Nuevo_Estilo_Naye\Estilo_Naye_Nails\system\CodeIgniter.php(354): CodeIgniter\CodeIgniter->handleRequest(NULL, Object(Config\Cache), false)
#10 C:\xampp\htdocs\Nuevo_Estilo_Naye\Estilo_Naye_Nails\system\Boot.php(334): CodeIgniter\CodeIgniter->run()
#11 C:\xampp\htdocs\Nuevo_Estilo_Naye\Estilo_Naye_Nails\system\Boot.php(67): CodeIgniter\Boot::runCodeIgniter(Object(CodeIgniter\CodeIgniter))
#12 C:\xampp\htdocs\Nuevo_Estilo_Naye\Estilo_Naye_Nails\public\index.php(56): CodeIgniter\Boot::bootWeb(Object(Config\Paths))
#13 C:\xampp\htdocs\Nuevo_Estilo_Naye\Estilo_Naye_Nails\system\rewrite.php(44): require_once('C:\\xampp\\htdocs...')
#14 {main}
CRITICAL - 2025-03-06 10:14:51 --> CodeIgniter\Database\Exceptions\DatabaseException: Unable to connect to the database.
Main connection [MySQLi]: No se puede establecer una conexión ya que el equipo de destino denegó expresamente dicha conexión
[Method: POST, Route: validar_usuario]
in SYSTEMPATH\Database\BaseConnection.php on line 467.
 1 SYSTEMPATH\Database\BaseConnection.php(620): CodeIgniter\Database\BaseConnection->initialize()
 2 SYSTEMPATH\Database\BaseBuilder.php(1649): CodeIgniter\Database\BaseConnection->query('SELECT `estatus_usuario`, `id_usuario`, `nombre_usuario`, `ap_paterno_usuario`, `ap_materno_usuario`, `sexo_usuario`, `email_usuario`, `imagen_usuario`, `usuarios`.`id_rol` AS `clave_rol`, `rol` AS `nombre_rol`
FROM `usuarios`
JOIN `roles` ON `usuarios`.`id_rol` = `roles`.`id_rol`
WHERE `email_usuario` = :email_usuario:
AND `password_usuario` = :password_usuario:
AND `usuarios`.`eliminacion` IS NULL
 LIMIT 1', [...], false)
 3 SYSTEMPATH\Model.php(330): CodeIgniter\Database\BaseBuilder->get()
 4 SYSTEMPATH\BaseModel.php(713): CodeIgniter\Model->doFirst()
 5 APPPATH\Models\Tabla_usuarios.php(33): CodeIgniter\BaseModel->first()
 6 APPPATH\Controllers\Usuarios\Login.php(58): App\Models\Tabla_usuarios->login('superadmin@esnaye.com', 'e34f92a20532a873cb3184398070b4b82a8fa29cf48572c203dc5f0fa6158231')
 7 SYSTEMPATH\CodeIgniter.php(933): App\Controllers\Usuarios\Login->comprobar()
 8 SYSTEMPATH\CodeIgniter.php(507): CodeIgniter\CodeIgniter->runController(Object(App\Controllers\Usuarios\Login))
 9 SYSTEMPATH\CodeIgniter.php(354): CodeIgniter\CodeIgniter->handleRequest(null, Object(Config\Cache), false)
10 SYSTEMPATH\Boot.php(334): CodeIgniter\CodeIgniter->run()
11 SYSTEMPATH\Boot.php(67): CodeIgniter\Boot::runCodeIgniter(Object(CodeIgniter\CodeIgniter))
12 FCPATH\index.php(56): CodeIgniter\Boot::bootWeb(Object(Config\Paths))
13 SYSTEMPATH\rewrite.php(44): require_once('C:\\xampp\\htdocs\\Nuevo_Estilo_Naye\\Estilo_Naye_Nails\\public\\index.php')
DEBUG - 2025-03-06 10:15:53 --> Session: Class initialized using 'CodeIgniter\Session\Handlers\FileHandler' driver.
ERROR - 2025-03-06 10:16:08 --> Error connecting to the database: mysqli_sql_exception: No se puede establecer una conexión ya que el equipo de destino denegó expresamente dicha conexión in C:\xampp\htdocs\Nuevo_Estilo_Naye\Estilo_Naye_Nails\system\Database\MySQLi\Connection.php:201
Stack trace:
#0 C:\xampp\htdocs\Nuevo_Estilo_Naye\Estilo_Naye_Nails\system\Database\MySQLi\Connection.php(201): mysqli->real_connect('localhost', 'root', Object(SensitiveParameterValue), 'naye_nails', 3306, '', 0)
#1 C:\xampp\htdocs\Nuevo_Estilo_Naye\Estilo_Naye_Nails\system\Database\BaseConnection.php(421): CodeIgniter\Database\MySQLi\Connection->connect(false)
#2 C:\xampp\htdocs\Nuevo_Estilo_Naye\Estilo_Naye_Nails\system\Database\BaseConnection.php(620): CodeIgniter\Database\BaseConnection->initialize()
#3 C:\xampp\htdocs\Nuevo_Estilo_Naye\Estilo_Naye_Nails\system\Database\BaseBuilder.php(1649): CodeIgniter\Database\BaseConnection->query('SELECT `estatus...', Array, false)
#4 C:\xampp\htdocs\Nuevo_Estilo_Naye\Estilo_Naye_Nails\system\Model.php(330): CodeIgniter\Database\BaseBuilder->get()
#5 C:\xampp\htdocs\Nuevo_Estilo_Naye\Estilo_Naye_Nails\system\BaseModel.php(713): CodeIgniter\Model->doFirst()
#6 C:\xampp\htdocs\Nuevo_Estilo_Naye\Estilo_Naye_Nails\app\Models\Tabla_usuarios.php(33): CodeIgniter\BaseModel->first()
#7 C:\xampp\htdocs\Nuevo_Estilo_Naye\Estilo_Naye_Nails\app\Controllers\Usuarios\Login.php(58): App\Models\Tabla_usuarios->login('superadmin@esna...', 'e34f92a20532a87...')
#8 C:\xampp\htdocs\Nuevo_Estilo_Naye\Estilo_Naye_Nails\system\CodeIgniter.php(933): App\Controllers\Usuarios\Login->comprobar()
#9 C:\xampp\htdocs\Nuevo_Estilo_Naye\Estilo_Naye_Nails\system\CodeIgniter.php(507): CodeIgniter\CodeIgniter->runController(Object(App\Controllers\Usuarios\Login))
#10 C:\xampp\htdocs\Nuevo_Estilo_Naye\Estilo_Naye_Nails\system\CodeIgniter.php(354): CodeIgniter\CodeIgniter->handleRequest(NULL, Object(Config\Cache), false)
#11 C:\xampp\htdocs\Nuevo_Estilo_Naye\Estilo_Naye_Nails\system\Boot.php(334): CodeIgniter\CodeIgniter->run()
#12 C:\xampp\htdocs\Nuevo_Estilo_Naye\Estilo_Naye_Nails\system\Boot.php(67): CodeIgniter\Boot::runCodeIgniter(Object(CodeIgniter\CodeIgniter))
#13 C:\xampp\htdocs\Nuevo_Estilo_Naye\Estilo_Naye_Nails\public\index.php(56): CodeIgniter\Boot::bootWeb(Object(Config\Paths))
#14 C:\xampp\htdocs\Nuevo_Estilo_Naye\Estilo_Naye_Nails\system\rewrite.php(44): require_once('C:\\xampp\\htdocs...')
#15 {main}

Next CodeIgniter\Database\Exceptions\DatabaseException: No se puede establecer una conexión ya que el equipo de destino denegó expresamente dicha conexión in C:\xampp\htdocs\Nuevo_Estilo_Naye\Estilo_Naye_Nails\system\Database\MySQLi\Connection.php:246
Stack trace:
#0 C:\xampp\htdocs\Nuevo_Estilo_Naye\Estilo_Naye_Nails\system\Database\BaseConnection.php(421): CodeIgniter\Database\MySQLi\Connection->connect(false)
#1 C:\xampp\htdocs\Nuevo_Estilo_Naye\Estilo_Naye_Nails\system\Database\BaseConnection.php(620): CodeIgniter\Database\BaseConnection->initialize()
#2 C:\xampp\htdocs\Nuevo_Estilo_Naye\Estilo_Naye_Nails\system\Database\BaseBuilder.php(1649): CodeIgniter\Database\BaseConnection->query('SELECT `estatus...', Array, false)
#3 C:\xampp\htdocs\Nuevo_Estilo_Naye\Estilo_Naye_Nails\system\Model.php(330): CodeIgniter\Database\BaseBuilder->get()
#4 C:\xampp\htdocs\Nuevo_Estilo_Naye\Estilo_Naye_Nails\system\BaseModel.php(713): CodeIgniter\Model->doFirst()
#5 C:\xampp\htdocs\Nuevo_Estilo_Naye\Estilo_Naye_Nails\app\Models\Tabla_usuarios.php(33): CodeIgniter\BaseModel->first()
#6 C:\xampp\htdocs\Nuevo_Estilo_Naye\Estilo_Naye_Nails\app\Controllers\Usuarios\Login.php(58): App\Models\Tabla_usuarios->login('superadmin@esna...', 'e34f92a20532a87...')
#7 C:\xampp\htdocs\Nuevo_Estilo_Naye\Estilo_Naye_Nails\system\CodeIgniter.php(933): App\Controllers\Usuarios\Login->comprobar()
#8 C:\xampp\htdocs\Nuevo_Estilo_Naye\Estilo_Naye_Nails\system\CodeIgniter.php(507): CodeIgniter\CodeIgniter->runController(Object(App\Controllers\Usuarios\Login))
#9 C:\xampp\htdocs\Nuevo_Estilo_Naye\Estilo_Naye_Nails\system\CodeIgniter.php(354): CodeIgniter\CodeIgniter->handleRequest(NULL, Object(Config\Cache), false)
#10 C:\xampp\htdocs\Nuevo_Estilo_Naye\Estilo_Naye_Nails\system\Boot.php(334): CodeIgniter\CodeIgniter->run()
#11 C:\xampp\htdocs\Nuevo_Estilo_Naye\Estilo_Naye_Nails\system\Boot.php(67): CodeIgniter\Boot::runCodeIgniter(Object(CodeIgniter\CodeIgniter))
#12 C:\xampp\htdocs\Nuevo_Estilo_Naye\Estilo_Naye_Nails\public\index.php(56): CodeIgniter\Boot::bootWeb(Object(Config\Paths))
#13 C:\xampp\htdocs\Nuevo_Estilo_Naye\Estilo_Naye_Nails\system\rewrite.php(44): require_once('C:\\xampp\\htdocs...')
#14 {main}
CRITICAL - 2025-03-06 10:16:08 --> CodeIgniter\Database\Exceptions\DatabaseException: Unable to connect to the database.
Main connection [MySQLi]: No se puede establecer una conexión ya que el equipo de destino denegó expresamente dicha conexión
[Method: POST, Route: validar_usuario]
in SYSTEMPATH\Database\BaseConnection.php on line 467.
 1 SYSTEMPATH\Database\BaseConnection.php(620): CodeIgniter\Database\BaseConnection->initialize()
 2 SYSTEMPATH\Database\BaseBuilder.php(1649): CodeIgniter\Database\BaseConnection->query('SELECT `estatus_usuario`, `id_usuario`, `nombre_usuario`, `ap_paterno_usuario`, `ap_materno_usuario`, `sexo_usuario`, `email_usuario`, `imagen_usuario`, `usuarios`.`id_rol` AS `clave_rol`, `rol` AS `nombre_rol`
FROM `usuarios`
JOIN `roles` ON `usuarios`.`id_rol` = `roles`.`id_rol`
WHERE `email_usuario` = :email_usuario:
AND `password_usuario` = :password_usuario:
AND `usuarios`.`eliminacion` IS NULL
 LIMIT 1', [...], false)
 3 SYSTEMPATH\Model.php(330): CodeIgniter\Database\BaseBuilder->get()
 4 SYSTEMPATH\BaseModel.php(713): CodeIgniter\Model->doFirst()
 5 APPPATH\Models\Tabla_usuarios.php(33): CodeIgniter\BaseModel->first()
 6 APPPATH\Controllers\Usuarios\Login.php(58): App\Models\Tabla_usuarios->login('superadmin@esnaye.com', 'e34f92a20532a873cb3184398070b4b82a8fa29cf48572c203dc5f0fa6158231')
 7 SYSTEMPATH\CodeIgniter.php(933): App\Controllers\Usuarios\Login->comprobar()
 8 SYSTEMPATH\CodeIgniter.php(507): CodeIgniter\CodeIgniter->runController(Object(App\Controllers\Usuarios\Login))
 9 SYSTEMPATH\CodeIgniter.php(354): CodeIgniter\CodeIgniter->handleRequest(null, Object(Config\Cache), false)
10 SYSTEMPATH\Boot.php(334): CodeIgniter\CodeIgniter->run()
11 SYSTEMPATH\Boot.php(67): CodeIgniter\Boot::runCodeIgniter(Object(CodeIgniter\CodeIgniter))
12 FCPATH\index.php(56): CodeIgniter\Boot::bootWeb(Object(Config\Paths))
13 SYSTEMPATH\rewrite.php(44): require_once('C:\\xampp\\htdocs\\Nuevo_Estilo_Naye\\Estilo_Naye_Nails\\public\\index.php')
INFO - 2025-03-06 10:16:31 --> Usuario encontrado: Superadmin
DEBUG - 2025-03-06 10:16:31 --> Session: Class initialized using 'CodeIgniter\Session\Handlers\FileHandler' driver.
INFO - 2025-03-06 10:16:31 --> Redirigiendo a dashboard para el rol SUPERADMIN
DEBUG - 2025-03-06 16:16:31 --> Session: Class initialized using 'CodeIgniter\Session\Handlers\FileHandler' driver.
DEBUG - 2025-03-06 16:16:38 --> Session: Class initialized using 'CodeIgniter\Session\Handlers\FileHandler' driver.
DEBUG - 2025-03-06 16:16:43 --> Session: Class initialized using 'CodeIgniter\Session\Handlers\FileHandler' driver.
DEBUG - 2025-03-06 16:16:48 --> Session: Class initialized using 'CodeIgniter\Session\Handlers\FileHandler' driver.
DEBUG - 2025-03-06 16:16:58 --> Session: Class initialized using 'CodeIgniter\Session\Handlers\FileHandler' driver.
DEBUG - 2025-03-06 16:17:08 --> Session: Class initialized using 'CodeIgniter\Session\Handlers\FileHandler' driver.
DEBUG - 2025-03-06 16:17:14 --> Session: Class initialized using 'CodeIgniter\Session\Handlers\FileHandler' driver.
DEBUG - 2025-03-06 17:18:45 --> Session: Class initialized using 'CodeIgniter\Session\Handlers\FileHandler' driver.
DEBUG - 2025-03-06 17:18:48 --> Session: Class initialized using 'CodeIgniter\Session\Handlers\FileHandler' driver.
DEBUG - 2025-03-06 17:18:52 --> Session: Class initialized using 'CodeIgniter\Session\Handlers\FileHandler' driver.
DEBUG - 2025-03-06 17:21:19 --> Session: Class initialized using 'CodeIgniter\Session\Handlers\FileHandler' driver.
DEBUG - 2025-03-06 17:22:01 --> Session: Class initialized using 'CodeIgniter\Session\Handlers\FileHandler' driver.
DEBUG - 2025-03-06 17:22:20 --> Session: Class initialized using 'CodeIgniter\Session\Handlers\FileHandler' driver.
DEBUG - 2025-03-06 17:22:23 --> Session: Class initialized using 'CodeIgniter\Session\Handlers\FileHandler' driver.
DEBUG - 2025-03-06 17:22:26 --> Session: Class initialized using 'CodeIgniter\Session\Handlers\FileHandler' driver.
DEBUG - 2025-03-06 17:22:34 --> Session: Class initialized using 'CodeIgniter\Session\Handlers\FileHandler' driver.
DEBUG - 2025-03-06 17:22:36 --> Session: Class initialized using 'CodeIgniter\Session\Handlers\FileHandler' driver.
DEBUG - 2025-03-06 17:22:50 --> Session: Class initialized using 'CodeIgniter\Session\Handlers\FileHandler' driver.
DEBUG - 2025-03-06 23:05:37 --> Session: Class initialized using 'CodeIgniter\Session\Handlers\FileHandler' driver.
INFO - 2025-03-06 23:06:03 --> Usuario encontrado: Superadmin
DEBUG - 2025-03-06 23:06:04 --> Session: Class initialized using 'CodeIgniter\Session\Handlers\FileHandler' driver.
INFO - 2025-03-06 23:06:04 --> Redirigiendo a dashboard para el rol SUPERADMIN
