DEBUG - 2025-03-11 00:01:35 --> Session: Class initialized using 'CodeIgniter\Session\Handlers\FileHandler' driver.
DEBUG - 2025-03-11 00:04:00 --> Session: Class initialized using 'CodeIgniter\Session\Handlers\FileHandler' driver.
DEBUG - 2025-03-11 00:04:01 --> Session: Class initialized using 'CodeIgniter\Session\Handlers\FileHandler' driver.
DEBUG - 2025-03-11 00:04:06 --> Session: Class initialized using 'CodeIgniter\Session\Handlers\FileHandler' driver.
DEBUG - 2025-03-11 00:05:40 --> Session: Class initialized using 'CodeIgniter\Session\Handlers\FileHandler' driver.
DEBUG - 2025-03-11 00:05:40 --> Session: Class initialized using 'CodeIgniter\Session\Handlers\FileHandler' driver.
DEBUG - 2025-03-11 00:05:47 --> Session: Class initialized using 'CodeIgniter\Session\Handlers\FileHandler' driver.
DEBUG - 2025-03-11 00:07:02 --> Session: Class initialized using 'CodeIgniter\Session\Handlers\FileHandler' driver.
DEBUG - 2025-03-11 00:07:02 --> Session: Class initialized using 'CodeIgniter\Session\Handlers\FileHandler' driver.
DEBUG - 2025-03-11 00:07:23 --> Session: Class initialized using 'CodeIgniter\Session\Handlers\FileHandler' driver.
DEBUG - 2025-03-11 00:14:58 --> Session: Class initialized using 'CodeIgniter\Session\Handlers\FileHandler' driver.
DEBUG - 2025-03-11 00:15:04 --> Session: Class initialized using 'CodeIgniter\Session\Handlers\FileHandler' driver.
DEBUG - 2025-03-11 00:15:07 --> Session: Class initialized using 'CodeIgniter\Session\Handlers\FileHandler' driver.
DEBUG - 2025-03-11 00:15:20 --> Session: Class initialized using 'CodeIgniter\Session\Handlers\FileHandler' driver.
DEBUG - 2025-03-11 00:15:20 --> Session: Class initialized using 'CodeIgniter\Session\Handlers\FileHandler' driver.
DEBUG - 2025-03-11 00:52:57 --> Session: Class initialized using 'CodeIgniter\Session\Handlers\FileHandler' driver.
DEBUG - 2025-03-11 00:53:28 --> Session: Class initialized using 'CodeIgniter\Session\Handlers\FileHandler' driver.
DEBUG - 2025-03-11 00:54:18 --> Session: Class initialized using 'CodeIgniter\Session\Handlers\FileHandler' driver.
DEBUG - 2025-03-11 00:54:21 --> Session: Class initialized using 'CodeIgniter\Session\Handlers\FileHandler' driver.
DEBUG - 2025-03-11 00:54:28 --> Session: Class initialized using 'CodeIgniter\Session\Handlers\FileHandler' driver.
DEBUG - 2025-03-11 00:56:08 --> Session: Class initialized using 'CodeIgniter\Session\Handlers\FileHandler' driver.
DEBUG - 2025-03-11 00:56:08 --> Session: Class initialized using 'CodeIgniter\Session\Handlers\FileHandler' driver.
DEBUG - 2025-03-11 00:56:18 --> Session: Class initialized using 'CodeIgniter\Session\Handlers\FileHandler' driver.
DEBUG - 2025-03-11 00:56:27 --> Session: Class initialized using 'CodeIgniter\Session\Handlers\FileHandler' driver.
DEBUG - 2025-03-11 00:56:27 --> Session: Class initialized using 'CodeIgniter\Session\Handlers\FileHandler' driver.
DEBUG - 2025-03-11 00:56:36 --> Session: Class initialized using 'CodeIgniter\Session\Handlers\FileHandler' driver.
DEBUG - 2025-03-11 00:57:43 --> Session: Class initialized using 'CodeIgniter\Session\Handlers\FileHandler' driver.
DEBUG - 2025-03-11 00:58:21 --> Session: Class initialized using 'CodeIgniter\Session\Handlers\FileHandler' driver.
DEBUG - 2025-03-11 00:59:03 --> Session: Class initialized using 'CodeIgniter\Session\Handlers\FileHandler' driver.
DEBUG - 2025-03-11 00:59:03 --> Session: Class initialized using 'CodeIgniter\Session\Handlers\FileHandler' driver.
DEBUG - 2025-03-11 00:59:28 --> Session: Class initialized using 'CodeIgniter\Session\Handlers\FileHandler' driver.
DEBUG - 2025-03-11 08:24:49 --> Session: Class initialized using 'CodeIgniter\Session\Handlers\FileHandler' driver.
ERROR - 2025-03-11 08:25:05 --> Error connecting to the database: mysqli_sql_exception: No se puede establecer una conexión ya que el equipo de destino denegó expresamente dicha conexión in C:\xampp\htdocs\Nuevo_Estilo_Naye\Estilo_Naye_Nails\system\Database\MySQLi\Connection.php:201
Stack trace:
#0 C:\xampp\htdocs\Nuevo_Estilo_Naye\Estilo_Naye_Nails\system\Database\MySQLi\Connection.php(201): mysqli->real_connect('localhost', 'root', Object(SensitiveParameterValue), 'naye_nails', 3306, '', 0)
#1 C:\xampp\htdocs\Nuevo_Estilo_Naye\Estilo_Naye_Nails\system\Database\BaseConnection.php(421): CodeIgniter\Database\MySQLi\Connection->connect(false)
#2 C:\xampp\htdocs\Nuevo_Estilo_Naye\Estilo_Naye_Nails\system\Database\BaseConnection.php(620): CodeIgniter\Database\BaseConnection->initialize()
#3 C:\xampp\htdocs\Nuevo_Estilo_Naye\Estilo_Naye_Nails\system\Database\BaseBuilder.php(1649): CodeIgniter\Database\BaseConnection->query('SELECT `estatus...', Array, false)
#4 C:\xampp\htdocs\Nuevo_Estilo_Naye\Estilo_Naye_Nails\system\Model.php(330): CodeIgniter\Database\BaseBuilder->get()
#5 C:\xampp\htdocs\Nuevo_Estilo_Naye\Estilo_Naye_Nails\system\BaseModel.php(713): CodeIgniter\Model->doFirst()
#6 C:\xampp\htdocs\Nuevo_Estilo_Naye\Estilo_Naye_Nails\app\Models\Tabla_usuarios.php(33): CodeIgniter\BaseModel->first()
#7 C:\xampp\htdocs\Nuevo_Estilo_Naye\Estilo_Naye_Nails\app\Controllers\Usuarios\Login.php(58): App\Models\Tabla_usuarios->login('superadmin@esna...', '73f8fcbd7f5439a...')
#8 C:\xampp\htdocs\Nuevo_Estilo_Naye\Estilo_Naye_Nails\system\CodeIgniter.php(933): App\Controllers\Usuarios\Login->comprobar()
#9 C:\xampp\htdocs\Nuevo_Estilo_Naye\Estilo_Naye_Nails\system\CodeIgniter.php(507): CodeIgniter\CodeIgniter->runController(Object(App\Controllers\Usuarios\Login))
#10 C:\xampp\htdocs\Nuevo_Estilo_Naye\Estilo_Naye_Nails\system\CodeIgniter.php(354): CodeIgniter\CodeIgniter->handleRequest(NULL, Object(Config\Cache), false)
#11 C:\xampp\htdocs\Nuevo_Estilo_Naye\Estilo_Naye_Nails\system\Boot.php(334): CodeIgniter\CodeIgniter->run()
#12 C:\xampp\htdocs\Nuevo_Estilo_Naye\Estilo_Naye_Nails\system\Boot.php(67): CodeIgniter\Boot::runCodeIgniter(Object(CodeIgniter\CodeIgniter))
#13 C:\xampp\htdocs\Nuevo_Estilo_Naye\Estilo_Naye_Nails\public\index.php(56): CodeIgniter\Boot::bootWeb(Object(Config\Paths))
#14 C:\xampp\htdocs\Nuevo_Estilo_Naye\Estilo_Naye_Nails\system\rewrite.php(44): require_once('C:\\xampp\\htdocs...')
#15 {main}

Next CodeIgniter\Database\Exceptions\DatabaseException: No se puede establecer una conexión ya que el equipo de destino denegó expresamente dicha conexión in C:\xampp\htdocs\Nuevo_Estilo_Naye\Estilo_Naye_Nails\system\Database\MySQLi\Connection.php:246
Stack trace:
#0 C:\xampp\htdocs\Nuevo_Estilo_Naye\Estilo_Naye_Nails\system\Database\BaseConnection.php(421): CodeIgniter\Database\MySQLi\Connection->connect(false)
#1 C:\xampp\htdocs\Nuevo_Estilo_Naye\Estilo_Naye_Nails\system\Database\BaseConnection.php(620): CodeIgniter\Database\BaseConnection->initialize()
#2 C:\xampp\htdocs\Nuevo_Estilo_Naye\Estilo_Naye_Nails\system\Database\BaseBuilder.php(1649): CodeIgniter\Database\BaseConnection->query('SELECT `estatus...', Array, false)
#3 C:\xampp\htdocs\Nuevo_Estilo_Naye\Estilo_Naye_Nails\system\Model.php(330): CodeIgniter\Database\BaseBuilder->get()
#4 C:\xampp\htdocs\Nuevo_Estilo_Naye\Estilo_Naye_Nails\system\BaseModel.php(713): CodeIgniter\Model->doFirst()
#5 C:\xampp\htdocs\Nuevo_Estilo_Naye\Estilo_Naye_Nails\app\Models\Tabla_usuarios.php(33): CodeIgniter\BaseModel->first()
#6 C:\xampp\htdocs\Nuevo_Estilo_Naye\Estilo_Naye_Nails\app\Controllers\Usuarios\Login.php(58): App\Models\Tabla_usuarios->login('superadmin@esna...', '73f8fcbd7f5439a...')
#7 C:\xampp\htdocs\Nuevo_Estilo_Naye\Estilo_Naye_Nails\system\CodeIgniter.php(933): App\Controllers\Usuarios\Login->comprobar()
#8 C:\xampp\htdocs\Nuevo_Estilo_Naye\Estilo_Naye_Nails\system\CodeIgniter.php(507): CodeIgniter\CodeIgniter->runController(Object(App\Controllers\Usuarios\Login))
#9 C:\xampp\htdocs\Nuevo_Estilo_Naye\Estilo_Naye_Nails\system\CodeIgniter.php(354): CodeIgniter\CodeIgniter->handleRequest(NULL, Object(Config\Cache), false)
#10 C:\xampp\htdocs\Nuevo_Estilo_Naye\Estilo_Naye_Nails\system\Boot.php(334): CodeIgniter\CodeIgniter->run()
#11 C:\xampp\htdocs\Nuevo_Estilo_Naye\Estilo_Naye_Nails\system\Boot.php(67): CodeIgniter\Boot::runCodeIgniter(Object(CodeIgniter\CodeIgniter))
#12 C:\xampp\htdocs\Nuevo_Estilo_Naye\Estilo_Naye_Nails\public\index.php(56): CodeIgniter\Boot::bootWeb(Object(Config\Paths))
#13 C:\xampp\htdocs\Nuevo_Estilo_Naye\Estilo_Naye_Nails\system\rewrite.php(44): require_once('C:\\xampp\\htdocs...')
#14 {main}
CRITICAL - 2025-03-11 08:25:05 --> CodeIgniter\Database\Exceptions\DatabaseException: Unable to connect to the database.
Main connection [MySQLi]: No se puede establecer una conexión ya que el equipo de destino denegó expresamente dicha conexión
[Method: POST, Route: validar_usuario]
in SYSTEMPATH\Database\BaseConnection.php on line 467.
 1 SYSTEMPATH\Database\BaseConnection.php(620): CodeIgniter\Database\BaseConnection->initialize()
 2 SYSTEMPATH\Database\BaseBuilder.php(1649): CodeIgniter\Database\BaseConnection->query('SELECT `estatus_usuario`, `id_usuario`, `nombre_usuario`, `ap_paterno_usuario`, `ap_materno_usuario`, `sexo_usuario`, `email_usuario`, `imagen_usuario`, `usuarios`.`id_rol` AS `clave_rol`, `rol` AS `nombre_rol`
FROM `usuarios`
JOIN `roles` ON `usuarios`.`id_rol` = `roles`.`id_rol`
WHERE `email_usuario` = :email_usuario:
AND `password_usuario` = :password_usuario:
AND `usuarios`.`eliminacion` IS NULL
 LIMIT 1', [...], false)
 3 SYSTEMPATH\Model.php(330): CodeIgniter\Database\BaseBuilder->get()
 4 SYSTEMPATH\BaseModel.php(713): CodeIgniter\Model->doFirst()
 5 APPPATH\Models\Tabla_usuarios.php(33): CodeIgniter\BaseModel->first()
 6 APPPATH\Controllers\Usuarios\Login.php(58): App\Models\Tabla_usuarios->login('superadmin@esnaye.com', '73f8fcbd7f5439a1a2999e2a1c79c4d8603d98b80d0d46881a859b4dc2255e66')
 7 SYSTEMPATH\CodeIgniter.php(933): App\Controllers\Usuarios\Login->comprobar()
 8 SYSTEMPATH\CodeIgniter.php(507): CodeIgniter\CodeIgniter->runController(Object(App\Controllers\Usuarios\Login))
 9 SYSTEMPATH\CodeIgniter.php(354): CodeIgniter\CodeIgniter->handleRequest(null, Object(Config\Cache), false)
10 SYSTEMPATH\Boot.php(334): CodeIgniter\CodeIgniter->run()
11 SYSTEMPATH\Boot.php(67): CodeIgniter\Boot::runCodeIgniter(Object(CodeIgniter\CodeIgniter))
12 FCPATH\index.php(56): CodeIgniter\Boot::bootWeb(Object(Config\Paths))
13 SYSTEMPATH\rewrite.php(44): require_once('C:\\xampp\\htdocs\\Nuevo_Estilo_Naye\\Estilo_Naye_Nails\\public\\index.php')
DEBUG - 2025-03-11 08:25:34 --> Session: Class initialized using 'CodeIgniter\Session\Handlers\FileHandler' driver.
INFO - 2025-03-11 08:25:34 --> Credenciales incorrectas para el email: superadmin@esnaye.com
DEBUG - 2025-03-11 08:25:35 --> Session: Class initialized using 'CodeIgniter\Session\Handlers\FileHandler' driver.
INFO - 2025-03-11 08:25:44 --> Usuario encontrado: Superadmin
DEBUG - 2025-03-11 08:25:44 --> Session: Class initialized using 'CodeIgniter\Session\Handlers\FileHandler' driver.
INFO - 2025-03-11 08:25:44 --> Redirigiendo a dashboard para el rol SUPERADMIN
DEBUG - 2025-03-11 14:25:44 --> Session: Class initialized using 'CodeIgniter\Session\Handlers\FileHandler' driver.
DEBUG - 2025-03-11 14:25:53 --> Session: Class initialized using 'CodeIgniter\Session\Handlers\FileHandler' driver.
DEBUG - 2025-03-11 14:26:02 --> Session: Class initialized using 'CodeIgniter\Session\Handlers\FileHandler' driver.
DEBUG - 2025-03-11 14:26:06 --> Session: Class initialized using 'CodeIgniter\Session\Handlers\FileHandler' driver.
DEBUG - 2025-03-11 14:26:13 --> Session: Class initialized using 'CodeIgniter\Session\Handlers\FileHandler' driver.
DEBUG - 2025-03-11 14:26:14 --> Session: Class initialized using 'CodeIgniter\Session\Handlers\FileHandler' driver.
DEBUG - 2025-03-11 14:31:20 --> Session: Class initialized using 'CodeIgniter\Session\Handlers\FileHandler' driver.
DEBUG - 2025-03-11 14:31:45 --> Session: Class initialized using 'CodeIgniter\Session\Handlers\FileHandler' driver.
CRITICAL - 2025-03-11 08:31:45 --> CodeIgniter\Database\Exceptions\DataException: There is no data to update.
[Method: POST, Route: recuperar_producto]
in SYSTEMPATH\BaseModel.php on line 1010.
 1 SYSTEMPATH\BaseModel.php(1010): CodeIgniter\Database\Exceptions\DataException::forEmptyDataset('update')
 2 SYSTEMPATH\Model.php(863): CodeIgniter\BaseModel->update([...], [])
 3 APPPATH\Controllers\Panel\Productos.php(92): CodeIgniter\Model->update('undefined', [...])
 4 SYSTEMPATH\CodeIgniter.php(933): App\Controllers\Panel\Productos->recuperar_producto()
 5 SYSTEMPATH\CodeIgniter.php(507): CodeIgniter\CodeIgniter->runController(Object(App\Controllers\Panel\Productos))
 6 SYSTEMPATH\CodeIgniter.php(354): CodeIgniter\CodeIgniter->handleRequest(null, Object(Config\Cache), false)
 7 SYSTEMPATH\Boot.php(334): CodeIgniter\CodeIgniter->run()
 8 SYSTEMPATH\Boot.php(67): CodeIgniter\Boot::runCodeIgniter(Object(CodeIgniter\CodeIgniter))
 9 FCPATH\index.php(56): CodeIgniter\Boot::bootWeb(Object(Config\Paths))
10 SYSTEMPATH\rewrite.php(44): require_once('C:\\xampp\\htdocs\\Nuevo_Estilo_Naye\\Estilo_Naye_Nails\\public\\index.php')
DEBUG - 2025-03-11 14:31:48 --> Session: Class initialized using 'CodeIgniter\Session\Handlers\FileHandler' driver.
DEBUG - 2025-03-11 14:31:52 --> Session: Class initialized using 'CodeIgniter\Session\Handlers\FileHandler' driver.
CRITICAL - 2025-03-11 08:31:52 --> CodeIgniter\Database\Exceptions\DataException: There is no data to update.
[Method: POST, Route: recuperar_producto]
in SYSTEMPATH\BaseModel.php on line 1010.
 1 SYSTEMPATH\BaseModel.php(1010): CodeIgniter\Database\Exceptions\DataException::forEmptyDataset('update')
 2 SYSTEMPATH\Model.php(863): CodeIgniter\BaseModel->update([...], [])
 3 APPPATH\Controllers\Panel\Productos.php(92): CodeIgniter\Model->update('undefined', [...])
 4 SYSTEMPATH\CodeIgniter.php(933): App\Controllers\Panel\Productos->recuperar_producto()
 5 SYSTEMPATH\CodeIgniter.php(507): CodeIgniter\CodeIgniter->runController(Object(App\Controllers\Panel\Productos))
 6 SYSTEMPATH\CodeIgniter.php(354): CodeIgniter\CodeIgniter->handleRequest(null, Object(Config\Cache), false)
 7 SYSTEMPATH\Boot.php(334): CodeIgniter\CodeIgniter->run()
 8 SYSTEMPATH\Boot.php(67): CodeIgniter\Boot::runCodeIgniter(Object(CodeIgniter\CodeIgniter))
 9 FCPATH\index.php(56): CodeIgniter\Boot::bootWeb(Object(Config\Paths))
10 SYSTEMPATH\rewrite.php(44): require_once('C:\\xampp\\htdocs\\Nuevo_Estilo_Naye\\Estilo_Naye_Nails\\public\\index.php')
DEBUG - 2025-03-11 14:32:59 --> Session: Class initialized using 'CodeIgniter\Session\Handlers\FileHandler' driver.
DEBUG - 2025-03-11 14:33:03 --> Session: Class initialized using 'CodeIgniter\Session\Handlers\FileHandler' driver.
CRITICAL - 2025-03-11 08:33:03 --> CodeIgniter\Database\Exceptions\DataException: There is no data to update.
[Method: POST, Route: recuperar_producto]
in SYSTEMPATH\BaseModel.php on line 1010.
 1 SYSTEMPATH\BaseModel.php(1010): CodeIgniter\Database\Exceptions\DataException::forEmptyDataset('update')
 2 SYSTEMPATH\Model.php(863): CodeIgniter\BaseModel->update([...], [])
 3 APPPATH\Controllers\Panel\Productos.php(92): CodeIgniter\Model->update('undefined', [...])
 4 SYSTEMPATH\CodeIgniter.php(933): App\Controllers\Panel\Productos->recuperar_producto()
 5 SYSTEMPATH\CodeIgniter.php(507): CodeIgniter\CodeIgniter->runController(Object(App\Controllers\Panel\Productos))
 6 SYSTEMPATH\CodeIgniter.php(354): CodeIgniter\CodeIgniter->handleRequest(null, Object(Config\Cache), false)
 7 SYSTEMPATH\Boot.php(334): CodeIgniter\CodeIgniter->run()
 8 SYSTEMPATH\Boot.php(67): CodeIgniter\Boot::runCodeIgniter(Object(CodeIgniter\CodeIgniter))
 9 FCPATH\index.php(56): CodeIgniter\Boot::bootWeb(Object(Config\Paths))
10 SYSTEMPATH\rewrite.php(44): require_once('C:\\xampp\\htdocs\\Nuevo_Estilo_Naye\\Estilo_Naye_Nails\\public\\index.php')
DEBUG - 2025-03-11 14:35:31 --> Session: Class initialized using 'CodeIgniter\Session\Handlers\FileHandler' driver.
CRITICAL - 2025-03-11 08:35:31 --> CodeIgniter\Database\Exceptions\DataException: There is no data to update.
[Method: POST, Route: recuperar_producto]
in SYSTEMPATH\BaseModel.php on line 1010.
 1 SYSTEMPATH\BaseModel.php(1010): CodeIgniter\Database\Exceptions\DataException::forEmptyDataset('update')
 2 SYSTEMPATH\Model.php(863): CodeIgniter\BaseModel->update([...], [])
 3 APPPATH\Controllers\Panel\Productos.php(92): CodeIgniter\Model->update('undefined', [...])
 4 SYSTEMPATH\CodeIgniter.php(933): App\Controllers\Panel\Productos->recuperar_producto()
 5 SYSTEMPATH\CodeIgniter.php(507): CodeIgniter\CodeIgniter->runController(Object(App\Controllers\Panel\Productos))
 6 SYSTEMPATH\CodeIgniter.php(354): CodeIgniter\CodeIgniter->handleRequest(null, Object(Config\Cache), false)
 7 SYSTEMPATH\Boot.php(334): CodeIgniter\CodeIgniter->run()
 8 SYSTEMPATH\Boot.php(67): CodeIgniter\Boot::runCodeIgniter(Object(CodeIgniter\CodeIgniter))
 9 FCPATH\index.php(56): CodeIgniter\Boot::bootWeb(Object(Config\Paths))
10 SYSTEMPATH\rewrite.php(44): require_once('C:\\xampp\\htdocs\\Nuevo_Estilo_Naye\\Estilo_Naye_Nails\\public\\index.php')
DEBUG - 2025-03-11 14:38:23 --> Session: Class initialized using 'CodeIgniter\Session\Handlers\FileHandler' driver.
DEBUG - 2025-03-11 14:40:39 --> Session: Class initialized using 'CodeIgniter\Session\Handlers\FileHandler' driver.
DEBUG - 2025-03-11 14:40:41 --> Session: Class initialized using 'CodeIgniter\Session\Handlers\FileHandler' driver.
DEBUG - 2025-03-11 14:40:57 --> Session: Class initialized using 'CodeIgniter\Session\Handlers\FileHandler' driver.
CRITICAL - 2025-03-11 08:40:57 --> CodeIgniter\Database\Exceptions\DataException: There is no data to update.
[Method: POST, Route: recuperar_producto]
in SYSTEMPATH\BaseModel.php on line 1010.
 1 SYSTEMPATH\BaseModel.php(1010): CodeIgniter\Database\Exceptions\DataException::forEmptyDataset('update')
 2 SYSTEMPATH\Model.php(863): CodeIgniter\BaseModel->update([...], [])
 3 APPPATH\Controllers\Panel\Productos.php(92): CodeIgniter\Model->update('undefined', [...])
 4 SYSTEMPATH\CodeIgniter.php(933): App\Controllers\Panel\Productos->recuperar_producto()
 5 SYSTEMPATH\CodeIgniter.php(507): CodeIgniter\CodeIgniter->runController(Object(App\Controllers\Panel\Productos))
 6 SYSTEMPATH\CodeIgniter.php(354): CodeIgniter\CodeIgniter->handleRequest(null, Object(Config\Cache), false)
 7 SYSTEMPATH\Boot.php(334): CodeIgniter\CodeIgniter->run()
 8 SYSTEMPATH\Boot.php(67): CodeIgniter\Boot::runCodeIgniter(Object(CodeIgniter\CodeIgniter))
 9 FCPATH\index.php(56): CodeIgniter\Boot::bootWeb(Object(Config\Paths))
10 SYSTEMPATH\rewrite.php(44): require_once('C:\\xampp\\htdocs\\Nuevo_Estilo_Naye\\Estilo_Naye_Nails\\public\\index.php')
DEBUG - 2025-03-11 14:45:15 --> Session: Class initialized using 'CodeIgniter\Session\Handlers\FileHandler' driver.
DEBUG - 2025-03-11 14:45:23 --> Session: Class initialized using 'CodeIgniter\Session\Handlers\FileHandler' driver.
CRITICAL - 2025-03-11 08:45:23 --> CodeIgniter\Database\Exceptions\DataException: There is no data to update.
[Method: POST, Route: recuperar_producto]
in SYSTEMPATH\BaseModel.php on line 1010.
 1 SYSTEMPATH\BaseModel.php(1010): CodeIgniter\Database\Exceptions\DataException::forEmptyDataset('update')
 2 SYSTEMPATH\Model.php(863): CodeIgniter\BaseModel->update([...], [])
 3 APPPATH\Controllers\Panel\Productos.php(92): CodeIgniter\Model->update('undefined', [...])
 4 SYSTEMPATH\CodeIgniter.php(933): App\Controllers\Panel\Productos->recuperar_producto()
 5 SYSTEMPATH\CodeIgniter.php(507): CodeIgniter\CodeIgniter->runController(Object(App\Controllers\Panel\Productos))
 6 SYSTEMPATH\CodeIgniter.php(354): CodeIgniter\CodeIgniter->handleRequest(null, Object(Config\Cache), false)
 7 SYSTEMPATH\Boot.php(334): CodeIgniter\CodeIgniter->run()
 8 SYSTEMPATH\Boot.php(67): CodeIgniter\Boot::runCodeIgniter(Object(CodeIgniter\CodeIgniter))
 9 FCPATH\index.php(56): CodeIgniter\Boot::bootWeb(Object(Config\Paths))
10 SYSTEMPATH\rewrite.php(44): require_once('C:\\xampp\\htdocs\\Nuevo_Estilo_Naye\\Estilo_Naye_Nails\\public\\index.php')
DEBUG - 2025-03-11 14:46:26 --> Session: Class initialized using 'CodeIgniter\Session\Handlers\FileHandler' driver.
DEBUG - 2025-03-11 08:46:31 --> Session: Class initialized using 'CodeIgniter\Session\Handlers\FileHandler' driver.
INFO - 2025-03-11 08:46:37 --> Usuario encontrado: Superadmin
DEBUG - 2025-03-11 08:46:37 --> Session: Class initialized using 'CodeIgniter\Session\Handlers\FileHandler' driver.
INFO - 2025-03-11 08:46:37 --> Redirigiendo a dashboard para el rol SUPERADMIN
DEBUG - 2025-03-11 14:46:38 --> Session: Class initialized using 'CodeIgniter\Session\Handlers\FileHandler' driver.
DEBUG - 2025-03-11 14:46:42 --> Session: Class initialized using 'CodeIgniter\Session\Handlers\FileHandler' driver.
DEBUG - 2025-03-11 14:46:48 --> Session: Class initialized using 'CodeIgniter\Session\Handlers\FileHandler' driver.
CRITICAL - 2025-03-11 08:46:48 --> CodeIgniter\Database\Exceptions\DataException: There is no data to update.
[Method: POST, Route: recuperar_producto]
in SYSTEMPATH\BaseModel.php on line 1010.
 1 SYSTEMPATH\BaseModel.php(1010): CodeIgniter\Database\Exceptions\DataException::forEmptyDataset('update')
 2 SYSTEMPATH\Model.php(863): CodeIgniter\BaseModel->update([...], [])
 3 APPPATH\Controllers\Panel\Productos.php(92): CodeIgniter\Model->update('undefined', [...])
 4 SYSTEMPATH\CodeIgniter.php(933): App\Controllers\Panel\Productos->recuperar_producto()
 5 SYSTEMPATH\CodeIgniter.php(507): CodeIgniter\CodeIgniter->runController(Object(App\Controllers\Panel\Productos))
 6 SYSTEMPATH\CodeIgniter.php(354): CodeIgniter\CodeIgniter->handleRequest(null, Object(Config\Cache), false)
 7 SYSTEMPATH\Boot.php(334): CodeIgniter\CodeIgniter->run()
 8 SYSTEMPATH\Boot.php(67): CodeIgniter\Boot::runCodeIgniter(Object(CodeIgniter\CodeIgniter))
 9 FCPATH\index.php(56): CodeIgniter\Boot::bootWeb(Object(Config\Paths))
10 SYSTEMPATH\rewrite.php(44): require_once('C:\\xampp\\htdocs\\Nuevo_Estilo_Naye\\Estilo_Naye_Nails\\public\\index.php')
DEBUG - 2025-03-11 08:47:00 --> Session: Class initialized using 'CodeIgniter\Session\Handlers\FileHandler' driver.
DEBUG - 2025-03-11 14:48:10 --> Session: Class initialized using 'CodeIgniter\Session\Handlers\FileHandler' driver.
DEBUG - 2025-03-11 08:48:17 --> Session: Class initialized using 'CodeIgniter\Session\Handlers\FileHandler' driver.
INFO - 2025-03-11 08:48:23 --> Usuario encontrado: Superadmin
DEBUG - 2025-03-11 08:48:23 --> Session: Class initialized using 'CodeIgniter\Session\Handlers\FileHandler' driver.
INFO - 2025-03-11 08:48:23 --> Redirigiendo a dashboard para el rol SUPERADMIN
DEBUG - 2025-03-11 14:48:24 --> Session: Class initialized using 'CodeIgniter\Session\Handlers\FileHandler' driver.
DEBUG - 2025-03-11 14:48:27 --> Session: Class initialized using 'CodeIgniter\Session\Handlers\FileHandler' driver.
DEBUG - 2025-03-11 14:48:33 --> Session: Class initialized using 'CodeIgniter\Session\Handlers\FileHandler' driver.
CRITICAL - 2025-03-11 08:48:33 --> CodeIgniter\Database\Exceptions\DataException: There is no data to update.
[Method: POST, Route: recuperar_producto]
in SYSTEMPATH\BaseModel.php on line 1010.
 1 SYSTEMPATH\BaseModel.php(1010): CodeIgniter\Database\Exceptions\DataException::forEmptyDataset('update')
 2 SYSTEMPATH\Model.php(863): CodeIgniter\BaseModel->update([...], [])
 3 APPPATH\Controllers\Panel\Productos.php(92): CodeIgniter\Model->update('undefined', [...])
 4 SYSTEMPATH\CodeIgniter.php(933): App\Controllers\Panel\Productos->recuperar_producto()
 5 SYSTEMPATH\CodeIgniter.php(507): CodeIgniter\CodeIgniter->runController(Object(App\Controllers\Panel\Productos))
 6 SYSTEMPATH\CodeIgniter.php(354): CodeIgniter\CodeIgniter->handleRequest(null, Object(Config\Cache), false)
 7 SYSTEMPATH\Boot.php(334): CodeIgniter\CodeIgniter->run()
 8 SYSTEMPATH\Boot.php(67): CodeIgniter\Boot::runCodeIgniter(Object(CodeIgniter\CodeIgniter))
 9 FCPATH\index.php(56): CodeIgniter\Boot::bootWeb(Object(Config\Paths))
10 SYSTEMPATH\rewrite.php(44): require_once('C:\\xampp\\htdocs\\Nuevo_Estilo_Naye\\Estilo_Naye_Nails\\public\\index.php')
DEBUG - 2025-03-11 14:48:51 --> Session: Class initialized using 'CodeIgniter\Session\Handlers\FileHandler' driver.
DEBUG - 2025-03-11 14:49:07 --> Session: Class initialized using 'CodeIgniter\Session\Handlers\FileHandler' driver.
DEBUG - 2025-03-11 14:49:08 --> Session: Class initialized using 'CodeIgniter\Session\Handlers\FileHandler' driver.
DEBUG - 2025-03-11 14:51:38 --> Session: Class initialized using 'CodeIgniter\Session\Handlers\FileHandler' driver.
CRITICAL - 2025-03-11 08:51:38 --> CodeIgniter\Database\Exceptions\DataException: There is no data to update.
[Method: POST, Route: recuperar_producto]
in SYSTEMPATH\BaseModel.php on line 1010.
 1 SYSTEMPATH\BaseModel.php(1010): CodeIgniter\Database\Exceptions\DataException::forEmptyDataset('update')
 2 SYSTEMPATH\Model.php(863): CodeIgniter\BaseModel->update([...], [])
 3 APPPATH\Controllers\Panel\Productos.php(92): CodeIgniter\Model->update('undefined', [...])
 4 SYSTEMPATH\CodeIgniter.php(933): App\Controllers\Panel\Productos->recuperar_producto()
 5 SYSTEMPATH\CodeIgniter.php(507): CodeIgniter\CodeIgniter->runController(Object(App\Controllers\Panel\Productos))
 6 SYSTEMPATH\CodeIgniter.php(354): CodeIgniter\CodeIgniter->handleRequest(null, Object(Config\Cache), false)
 7 SYSTEMPATH\Boot.php(334): CodeIgniter\CodeIgniter->run()
 8 SYSTEMPATH\Boot.php(67): CodeIgniter\Boot::runCodeIgniter(Object(CodeIgniter\CodeIgniter))
 9 FCPATH\index.php(56): CodeIgniter\Boot::bootWeb(Object(Config\Paths))
10 SYSTEMPATH\rewrite.php(44): require_once('C:\\xampp\\htdocs\\Nuevo_Estilo_Naye\\Estilo_Naye_Nails\\public\\index.php')
DEBUG - 2025-03-11 14:57:36 --> Session: Class initialized using 'CodeIgniter\Session\Handlers\FileHandler' driver.
DEBUG - 2025-03-11 14:57:39 --> Session: Class initialized using 'CodeIgniter\Session\Handlers\FileHandler' driver.
CRITICAL - 2025-03-11 08:57:39 --> CodeIgniter\Database\Exceptions\DataException: There is no data to update.
[Method: POST, Route: recuperar_producto]
in SYSTEMPATH\BaseModel.php on line 1010.
 1 SYSTEMPATH\BaseModel.php(1010): CodeIgniter\Database\Exceptions\DataException::forEmptyDataset('update')
 2 SYSTEMPATH\Model.php(863): CodeIgniter\BaseModel->update([...], [])
 3 APPPATH\Controllers\Panel\Productos.php(92): CodeIgniter\Model->update('undefined', [...])
 4 SYSTEMPATH\CodeIgniter.php(933): App\Controllers\Panel\Productos->recuperar_producto()
 5 SYSTEMPATH\CodeIgniter.php(507): CodeIgniter\CodeIgniter->runController(Object(App\Controllers\Panel\Productos))
 6 SYSTEMPATH\CodeIgniter.php(354): CodeIgniter\CodeIgniter->handleRequest(null, Object(Config\Cache), false)
 7 SYSTEMPATH\Boot.php(334): CodeIgniter\CodeIgniter->run()
 8 SYSTEMPATH\Boot.php(67): CodeIgniter\Boot::runCodeIgniter(Object(CodeIgniter\CodeIgniter))
 9 FCPATH\index.php(56): CodeIgniter\Boot::bootWeb(Object(Config\Paths))
10 SYSTEMPATH\rewrite.php(44): require_once('C:\\xampp\\htdocs\\Nuevo_Estilo_Naye\\Estilo_Naye_Nails\\public\\index.php')
DEBUG - 2025-03-11 15:06:45 --> Session: Class initialized using 'CodeIgniter\Session\Handlers\FileHandler' driver.
DEBUG - 2025-03-11 15:06:50 --> Session: Class initialized using 'CodeIgniter\Session\Handlers\FileHandler' driver.
CRITICAL - 2025-03-11 09:06:50 --> CodeIgniter\Database\Exceptions\DataException: There is no data to update.
[Method: POST, Route: recuperar_producto]
in SYSTEMPATH\BaseModel.php on line 1010.
 1 SYSTEMPATH\BaseModel.php(1010): CodeIgniter\Database\Exceptions\DataException::forEmptyDataset('update')
 2 SYSTEMPATH\Model.php(863): CodeIgniter\BaseModel->update([...], [])
 3 APPPATH\Controllers\Panel\Productos.php(92): CodeIgniter\Model->update('undefined', [...])
 4 SYSTEMPATH\CodeIgniter.php(933): App\Controllers\Panel\Productos->recuperar_producto()
 5 SYSTEMPATH\CodeIgniter.php(507): CodeIgniter\CodeIgniter->runController(Object(App\Controllers\Panel\Productos))
 6 SYSTEMPATH\CodeIgniter.php(354): CodeIgniter\CodeIgniter->handleRequest(null, Object(Config\Cache), false)
 7 SYSTEMPATH\Boot.php(334): CodeIgniter\CodeIgniter->run()
 8 SYSTEMPATH\Boot.php(67): CodeIgniter\Boot::runCodeIgniter(Object(CodeIgniter\CodeIgniter))
 9 FCPATH\index.php(56): CodeIgniter\Boot::bootWeb(Object(Config\Paths))
10 SYSTEMPATH\rewrite.php(44): require_once('C:\\xampp\\htdocs\\Nuevo_Estilo_Naye\\Estilo_Naye_Nails\\public\\index.php')
DEBUG - 2025-03-11 15:07:25 --> Session: Class initialized using 'CodeIgniter\Session\Handlers\FileHandler' driver.
DEBUG - 2025-03-11 15:07:30 --> Session: Class initialized using 'CodeIgniter\Session\Handlers\FileHandler' driver.
CRITICAL - 2025-03-11 09:07:31 --> CodeIgniter\Database\Exceptions\DataException: There is no data to update.
[Method: POST, Route: recuperar_producto]
in SYSTEMPATH\BaseModel.php on line 1010.
 1 SYSTEMPATH\BaseModel.php(1010): CodeIgniter\Database\Exceptions\DataException::forEmptyDataset('update')
 2 SYSTEMPATH\Model.php(863): CodeIgniter\BaseModel->update([...], [])
 3 APPPATH\Controllers\Panel\Productos.php(92): CodeIgniter\Model->update('1', [...])
 4 SYSTEMPATH\CodeIgniter.php(933): App\Controllers\Panel\Productos->recuperar_producto()
 5 SYSTEMPATH\CodeIgniter.php(507): CodeIgniter\CodeIgniter->runController(Object(App\Controllers\Panel\Productos))
 6 SYSTEMPATH\CodeIgniter.php(354): CodeIgniter\CodeIgniter->handleRequest(null, Object(Config\Cache), false)
 7 SYSTEMPATH\Boot.php(334): CodeIgniter\CodeIgniter->run()
 8 SYSTEMPATH\Boot.php(67): CodeIgniter\Boot::runCodeIgniter(Object(CodeIgniter\CodeIgniter))
 9 FCPATH\index.php(56): CodeIgniter\Boot::bootWeb(Object(Config\Paths))
10 SYSTEMPATH\rewrite.php(44): require_once('C:\\xampp\\htdocs\\Nuevo_Estilo_Naye\\Estilo_Naye_Nails\\public\\index.php')
DEBUG - 2025-03-11 15:11:07 --> Session: Class initialized using 'CodeIgniter\Session\Handlers\FileHandler' driver.
DEBUG - 2025-03-11 15:11:14 --> Session: Class initialized using 'CodeIgniter\Session\Handlers\FileHandler' driver.
CRITICAL - 2025-03-11 09:11:14 --> CodeIgniter\Database\Exceptions\DataException: There is no data to update.
[Method: POST, Route: recuperar_producto]
in SYSTEMPATH\BaseModel.php on line 1010.
 1 SYSTEMPATH\BaseModel.php(1010): CodeIgniter\Database\Exceptions\DataException::forEmptyDataset('update')
 2 SYSTEMPATH\Model.php(863): CodeIgniter\BaseModel->update([...], [])
 3 APPPATH\Controllers\Panel\Productos.php(92): CodeIgniter\Model->update('1', [...])
 4 SYSTEMPATH\CodeIgniter.php(933): App\Controllers\Panel\Productos->recuperar_producto()
 5 SYSTEMPATH\CodeIgniter.php(507): CodeIgniter\CodeIgniter->runController(Object(App\Controllers\Panel\Productos))
 6 SYSTEMPATH\CodeIgniter.php(354): CodeIgniter\CodeIgniter->handleRequest(null, Object(Config\Cache), false)
 7 SYSTEMPATH\Boot.php(334): CodeIgniter\CodeIgniter->run()
 8 SYSTEMPATH\Boot.php(67): CodeIgniter\Boot::runCodeIgniter(Object(CodeIgniter\CodeIgniter))
 9 FCPATH\index.php(56): CodeIgniter\Boot::bootWeb(Object(Config\Paths))
10 SYSTEMPATH\rewrite.php(44): require_once('C:\\xampp\\htdocs\\Nuevo_Estilo_Naye\\Estilo_Naye_Nails\\public\\index.php')
DEBUG - 2025-03-11 15:16:43 --> Session: Class initialized using 'CodeIgniter\Session\Handlers\FileHandler' driver.
CRITICAL - 2025-03-11 09:16:44 --> CodeIgniter\Database\Exceptions\DataException: There is no data to update.
[Method: POST, Route: recuperar_producto]
in SYSTEMPATH\BaseModel.php on line 1010.
 1 SYSTEMPATH\BaseModel.php(1010): CodeIgniter\Database\Exceptions\DataException::forEmptyDataset('update')
 2 SYSTEMPATH\Model.php(863): CodeIgniter\BaseModel->update([...], [])
 3 APPPATH\Controllers\Panel\Productos.php(92): CodeIgniter\Model->update('1', [...])
 4 SYSTEMPATH\CodeIgniter.php(933): App\Controllers\Panel\Productos->recuperar_producto()
 5 SYSTEMPATH\CodeIgniter.php(507): CodeIgniter\CodeIgniter->runController(Object(App\Controllers\Panel\Productos))
 6 SYSTEMPATH\CodeIgniter.php(354): CodeIgniter\CodeIgniter->handleRequest(null, Object(Config\Cache), false)
 7 SYSTEMPATH\Boot.php(334): CodeIgniter\CodeIgniter->run()
 8 SYSTEMPATH\Boot.php(67): CodeIgniter\Boot::runCodeIgniter(Object(CodeIgniter\CodeIgniter))
 9 FCPATH\index.php(56): CodeIgniter\Boot::bootWeb(Object(Config\Paths))
10 SYSTEMPATH\rewrite.php(44): require_once('C:\\xampp\\htdocs\\Nuevo_Estilo_Naye\\Estilo_Naye_Nails\\public\\index.php')
DEBUG - 2025-03-11 15:16:48 --> Session: Class initialized using 'CodeIgniter\Session\Handlers\FileHandler' driver.
DEBUG - 2025-03-11 15:16:53 --> Session: Class initialized using 'CodeIgniter\Session\Handlers\FileHandler' driver.
CRITICAL - 2025-03-11 09:16:53 --> CodeIgniter\Database\Exceptions\DataException: There is no data to update.
[Method: POST, Route: recuperar_producto]
in SYSTEMPATH\BaseModel.php on line 1010.
 1 SYSTEMPATH\BaseModel.php(1010): CodeIgniter\Database\Exceptions\DataException::forEmptyDataset('update')
 2 SYSTEMPATH\Model.php(863): CodeIgniter\BaseModel->update([...], [])
 3 APPPATH\Controllers\Panel\Productos.php(92): CodeIgniter\Model->update('1', [...])
 4 SYSTEMPATH\CodeIgniter.php(933): App\Controllers\Panel\Productos->recuperar_producto()
 5 SYSTEMPATH\CodeIgniter.php(507): CodeIgniter\CodeIgniter->runController(Object(App\Controllers\Panel\Productos))
 6 SYSTEMPATH\CodeIgniter.php(354): CodeIgniter\CodeIgniter->handleRequest(null, Object(Config\Cache), false)
 7 SYSTEMPATH\Boot.php(334): CodeIgniter\CodeIgniter->run()
 8 SYSTEMPATH\Boot.php(67): CodeIgniter\Boot::runCodeIgniter(Object(CodeIgniter\CodeIgniter))
 9 FCPATH\index.php(56): CodeIgniter\Boot::bootWeb(Object(Config\Paths))
10 SYSTEMPATH\rewrite.php(44): require_once('C:\\xampp\\htdocs\\Nuevo_Estilo_Naye\\Estilo_Naye_Nails\\public\\index.php')
DEBUG - 2025-03-11 15:29:12 --> Session: Class initialized using 'CodeIgniter\Session\Handlers\FileHandler' driver.
DEBUG - 2025-03-11 15:29:16 --> Session: Class initialized using 'CodeIgniter\Session\Handlers\FileHandler' driver.
CRITICAL - 2025-03-11 09:29:16 --> CodeIgniter\Database\Exceptions\DataException: There is no data to update.
[Method: POST, Route: recuperar_producto]
in SYSTEMPATH\BaseModel.php on line 1010.
 1 SYSTEMPATH\BaseModel.php(1010): CodeIgniter\Database\Exceptions\DataException::forEmptyDataset('update')
 2 SYSTEMPATH\Model.php(863): CodeIgniter\BaseModel->update([...], [])
 3 APPPATH\Controllers\Panel\Productos.php(92): CodeIgniter\Model->update('recover-producto_1', [...])
 4 SYSTEMPATH\CodeIgniter.php(933): App\Controllers\Panel\Productos->recuperar_producto()
 5 SYSTEMPATH\CodeIgniter.php(507): CodeIgniter\CodeIgniter->runController(Object(App\Controllers\Panel\Productos))
 6 SYSTEMPATH\CodeIgniter.php(354): CodeIgniter\CodeIgniter->handleRequest(null, Object(Config\Cache), false)
 7 SYSTEMPATH\Boot.php(334): CodeIgniter\CodeIgniter->run()
 8 SYSTEMPATH\Boot.php(67): CodeIgniter\Boot::runCodeIgniter(Object(CodeIgniter\CodeIgniter))
 9 FCPATH\index.php(56): CodeIgniter\Boot::bootWeb(Object(Config\Paths))
10 SYSTEMPATH\rewrite.php(44): require_once('C:\\xampp\\htdocs\\Nuevo_Estilo_Naye\\Estilo_Naye_Nails\\public\\index.php')
DEBUG - 2025-03-11 15:29:21 --> Session: Class initialized using 'CodeIgniter\Session\Handlers\FileHandler' driver.
CRITICAL - 2025-03-11 09:29:21 --> CodeIgniter\Database\Exceptions\DataException: There is no data to update.
[Method: POST, Route: recuperar_producto]
in SYSTEMPATH\BaseModel.php on line 1010.
 1 SYSTEMPATH\BaseModel.php(1010): CodeIgniter\Database\Exceptions\DataException::forEmptyDataset('update')
 2 SYSTEMPATH\Model.php(863): CodeIgniter\BaseModel->update([...], [])
 3 APPPATH\Controllers\Panel\Productos.php(92): CodeIgniter\Model->update('recover-producto_1', [...])
 4 SYSTEMPATH\CodeIgniter.php(933): App\Controllers\Panel\Productos->recuperar_producto()
 5 SYSTEMPATH\CodeIgniter.php(507): CodeIgniter\CodeIgniter->runController(Object(App\Controllers\Panel\Productos))
 6 SYSTEMPATH\CodeIgniter.php(354): CodeIgniter\CodeIgniter->handleRequest(null, Object(Config\Cache), false)
 7 SYSTEMPATH\Boot.php(334): CodeIgniter\CodeIgniter->run()
 8 SYSTEMPATH\Boot.php(67): CodeIgniter\Boot::runCodeIgniter(Object(CodeIgniter\CodeIgniter))
 9 FCPATH\index.php(56): CodeIgniter\Boot::bootWeb(Object(Config\Paths))
10 SYSTEMPATH\rewrite.php(44): require_once('C:\\xampp\\htdocs\\Nuevo_Estilo_Naye\\Estilo_Naye_Nails\\public\\index.php')
DEBUG - 2025-03-11 15:40:42 --> Session: Class initialized using 'CodeIgniter\Session\Handlers\FileHandler' driver.
DEBUG - 2025-03-11 15:40:49 --> Session: Class initialized using 'CodeIgniter\Session\Handlers\FileHandler' driver.
DEBUG - 2025-03-11 15:40:50 --> Session: Class initialized using 'CodeIgniter\Session\Handlers\FileHandler' driver.
DEBUG - 2025-03-11 15:40:59 --> Session: Class initialized using 'CodeIgniter\Session\Handlers\FileHandler' driver.
DEBUG - 2025-03-11 15:40:59 --> Session: Class initialized using 'CodeIgniter\Session\Handlers\FileHandler' driver.
DEBUG - 2025-03-11 15:41:07 --> Session: Class initialized using 'CodeIgniter\Session\Handlers\FileHandler' driver.
DEBUG - 2025-03-11 15:41:07 --> Session: Class initialized using 'CodeIgniter\Session\Handlers\FileHandler' driver.
DEBUG - 2025-03-11 17:21:51 --> Session: Class initialized using 'CodeIgniter\Session\Handlers\FileHandler' driver.
ERROR - 2025-03-11 11:21:55 --> Error connecting to the database: mysqli_sql_exception: No se puede establecer una conexión ya que el equipo de destino denegó expresamente dicha conexión in C:\xampp\htdocs\Nuevo_Estilo_Naye\Estilo_Naye_Nails\system\Database\MySQLi\Connection.php:201
Stack trace:
#0 C:\xampp\htdocs\Nuevo_Estilo_Naye\Estilo_Naye_Nails\system\Database\MySQLi\Connection.php(201): mysqli->real_connect('localhost', 'root', Object(SensitiveParameterValue), 'naye_nails', 3306, '', 0)
#1 C:\xampp\htdocs\Nuevo_Estilo_Naye\Estilo_Naye_Nails\system\Database\BaseConnection.php(421): CodeIgniter\Database\MySQLi\Connection->connect(false)
#2 C:\xampp\htdocs\Nuevo_Estilo_Naye\Estilo_Naye_Nails\system\Database\BaseConnection.php(620): CodeIgniter\Database\BaseConnection->initialize()
#3 C:\xampp\htdocs\Nuevo_Estilo_Naye\Estilo_Naye_Nails\system\Database\BaseBuilder.php(1649): CodeIgniter\Database\BaseConnection->query('SELECT `id_prod...', Array, false)
#4 C:\xampp\htdocs\Nuevo_Estilo_Naye\Estilo_Naye_Nails\system\Model.php(286): CodeIgniter\Database\BaseBuilder->get()
#5 C:\xampp\htdocs\Nuevo_Estilo_Naye\Estilo_Naye_Nails\system\BaseModel.php(675): CodeIgniter\Model->doFindAll(0, 0)
#6 C:\xampp\htdocs\Nuevo_Estilo_Naye\Estilo_Naye_Nails\app\Models\Tabla_productos.php(34): CodeIgniter\BaseModel->findAll()
#7 C:\xampp\htdocs\Nuevo_Estilo_Naye\Estilo_Naye_Nails\app\Controllers\Panel\Productos.php(46): App\Models\Tabla_productos->datatable_productos(NULL, '901')
#8 C:\xampp\htdocs\Nuevo_Estilo_Naye\Estilo_Naye_Nails\app\Controllers\Panel\Productos.php(20): App\Controllers\Panel\Productos->cargar_datos()
#9 C:\xampp\htdocs\Nuevo_Estilo_Naye\Estilo_Naye_Nails\system\CodeIgniter.php(933): App\Controllers\Panel\Productos->index()
#10 C:\xampp\htdocs\Nuevo_Estilo_Naye\Estilo_Naye_Nails\system\CodeIgniter.php(507): CodeIgniter\CodeIgniter->runController(Object(App\Controllers\Panel\Productos))
#11 C:\xampp\htdocs\Nuevo_Estilo_Naye\Estilo_Naye_Nails\system\CodeIgniter.php(354): CodeIgniter\CodeIgniter->handleRequest(NULL, Object(Config\Cache), false)
#12 C:\xampp\htdocs\Nuevo_Estilo_Naye\Estilo_Naye_Nails\system\Boot.php(334): CodeIgniter\CodeIgniter->run()
#13 C:\xampp\htdocs\Nuevo_Estilo_Naye\Estilo_Naye_Nails\system\Boot.php(67): CodeIgniter\Boot::runCodeIgniter(Object(CodeIgniter\CodeIgniter))
#14 C:\xampp\htdocs\Nuevo_Estilo_Naye\Estilo_Naye_Nails\public\index.php(56): CodeIgniter\Boot::bootWeb(Object(Config\Paths))
#15 C:\xampp\htdocs\Nuevo_Estilo_Naye\Estilo_Naye_Nails\system\rewrite.php(44): require_once('C:\\xampp\\htdocs...')
#16 {main}

Next CodeIgniter\Database\Exceptions\DatabaseException: No se puede establecer una conexión ya que el equipo de destino denegó expresamente dicha conexión in C:\xampp\htdocs\Nuevo_Estilo_Naye\Estilo_Naye_Nails\system\Database\MySQLi\Connection.php:246
Stack trace:
#0 C:\xampp\htdocs\Nuevo_Estilo_Naye\Estilo_Naye_Nails\system\Database\BaseConnection.php(421): CodeIgniter\Database\MySQLi\Connection->connect(false)
#1 C:\xampp\htdocs\Nuevo_Estilo_Naye\Estilo_Naye_Nails\system\Database\BaseConnection.php(620): CodeIgniter\Database\BaseConnection->initialize()
#2 C:\xampp\htdocs\Nuevo_Estilo_Naye\Estilo_Naye_Nails\system\Database\BaseBuilder.php(1649): CodeIgniter\Database\BaseConnection->query('SELECT `id_prod...', Array, false)
#3 C:\xampp\htdocs\Nuevo_Estilo_Naye\Estilo_Naye_Nails\system\Model.php(286): CodeIgniter\Database\BaseBuilder->get()
#4 C:\xampp\htdocs\Nuevo_Estilo_Naye\Estilo_Naye_Nails\system\BaseModel.php(675): CodeIgniter\Model->doFindAll(0, 0)
#5 C:\xampp\htdocs\Nuevo_Estilo_Naye\Estilo_Naye_Nails\app\Models\Tabla_productos.php(34): CodeIgniter\BaseModel->findAll()
#6 C:\xampp\htdocs\Nuevo_Estilo_Naye\Estilo_Naye_Nails\app\Controllers\Panel\Productos.php(46): App\Models\Tabla_productos->datatable_productos(NULL, '901')
#7 C:\xampp\htdocs\Nuevo_Estilo_Naye\Estilo_Naye_Nails\app\Controllers\Panel\Productos.php(20): App\Controllers\Panel\Productos->cargar_datos()
#8 C:\xampp\htdocs\Nuevo_Estilo_Naye\Estilo_Naye_Nails\system\CodeIgniter.php(933): App\Controllers\Panel\Productos->index()
#9 C:\xampp\htdocs\Nuevo_Estilo_Naye\Estilo_Naye_Nails\system\CodeIgniter.php(507): CodeIgniter\CodeIgniter->runController(Object(App\Controllers\Panel\Productos))
#10 C:\xampp\htdocs\Nuevo_Estilo_Naye\Estilo_Naye_Nails\system\CodeIgniter.php(354): CodeIgniter\CodeIgniter->handleRequest(NULL, Object(Config\Cache), false)
#11 C:\xampp\htdocs\Nuevo_Estilo_Naye\Estilo_Naye_Nails\system\Boot.php(334): CodeIgniter\CodeIgniter->run()
#12 C:\xampp\htdocs\Nuevo_Estilo_Naye\Estilo_Naye_Nails\system\Boot.php(67): CodeIgniter\Boot::runCodeIgniter(Object(CodeIgniter\CodeIgniter))
#13 C:\xampp\htdocs\Nuevo_Estilo_Naye\Estilo_Naye_Nails\public\index.php(56): CodeIgniter\Boot::bootWeb(Object(Config\Paths))
#14 C:\xampp\htdocs\Nuevo_Estilo_Naye\Estilo_Naye_Nails\system\rewrite.php(44): require_once('C:\\xampp\\htdocs...')
#15 {main}
CRITICAL - 2025-03-11 11:21:55 --> CodeIgniter\Database\Exceptions\DatabaseException: Unable to connect to the database.
Main connection [MySQLi]: No se puede establecer una conexión ya que el equipo de destino denegó expresamente dicha conexión
[Method: GET, Route: administracion_productos]
in SYSTEMPATH\Database\BaseConnection.php on line 467.
 1 SYSTEMPATH\Database\BaseConnection.php(620): CodeIgniter\Database\BaseConnection->initialize()
 2 SYSTEMPATH\Database\BaseBuilder.php(1649): CodeIgniter\Database\BaseConnection->query('SELECT `id_producto`, `estatus_producto`, `nombre_producto`, `descripcion`, `cantidad`, `eliminacion`
FROM `productos`
ORDER BY `nombre_producto` ASC', [], false)
 3 SYSTEMPATH\Model.php(286): CodeIgniter\Database\BaseBuilder->get()
 4 SYSTEMPATH\BaseModel.php(675): CodeIgniter\Model->doFindAll(0, 0)
 5 APPPATH\Models\Tabla_productos.php(34): CodeIgniter\BaseModel->findAll()
 6 APPPATH\Controllers\Panel\Productos.php(46): App\Models\Tabla_productos->datatable_productos(null, '901')
 7 APPPATH\Controllers\Panel\Productos.php(20): App\Controllers\Panel\Productos->cargar_datos()
 8 SYSTEMPATH\CodeIgniter.php(933): App\Controllers\Panel\Productos->index()
 9 SYSTEMPATH\CodeIgniter.php(507): CodeIgniter\CodeIgniter->runController(Object(App\Controllers\Panel\Productos))
10 SYSTEMPATH\CodeIgniter.php(354): CodeIgniter\CodeIgniter->handleRequest(null, Object(Config\Cache), false)
11 SYSTEMPATH\Boot.php(334): CodeIgniter\CodeIgniter->run()
12 SYSTEMPATH\Boot.php(67): CodeIgniter\Boot::runCodeIgniter(Object(CodeIgniter\CodeIgniter))
13 FCPATH\index.php(56): CodeIgniter\Boot::bootWeb(Object(Config\Paths))
14 SYSTEMPATH\rewrite.php(44): require_once('C:\\xampp\\htdocs\\Nuevo_Estilo_Naye\\Estilo_Naye_Nails\\public\\index.php')
DEBUG - 2025-03-11 17:24:14 --> Session: Class initialized using 'CodeIgniter\Session\Handlers\FileHandler' driver.
DEBUG - 2025-03-11 17:24:19 --> Session: Class initialized using 'CodeIgniter\Session\Handlers\FileHandler' driver.
CRITICAL - 2025-03-11 11:24:19 --> CodeIgniter\Database\Exceptions\DataException: There is no data to update.
[Method: POST, Route: recuperar_producto]
in SYSTEMPATH\BaseModel.php on line 1010.
 1 SYSTEMPATH\BaseModel.php(1010): CodeIgniter\Database\Exceptions\DataException::forEmptyDataset('update')
 2 SYSTEMPATH\Model.php(863): CodeIgniter\BaseModel->update([...], [])
 3 APPPATH\Controllers\Panel\Productos.php(92): CodeIgniter\Model->update('1', [...])
 4 SYSTEMPATH\CodeIgniter.php(933): App\Controllers\Panel\Productos->recuperar_producto()
 5 SYSTEMPATH\CodeIgniter.php(507): CodeIgniter\CodeIgniter->runController(Object(App\Controllers\Panel\Productos))
 6 SYSTEMPATH\CodeIgniter.php(354): CodeIgniter\CodeIgniter->handleRequest(null, Object(Config\Cache), false)
 7 SYSTEMPATH\Boot.php(334): CodeIgniter\CodeIgniter->run()
 8 SYSTEMPATH\Boot.php(67): CodeIgniter\Boot::runCodeIgniter(Object(CodeIgniter\CodeIgniter))
 9 FCPATH\index.php(56): CodeIgniter\Boot::bootWeb(Object(Config\Paths))
10 SYSTEMPATH\rewrite.php(44): require_once('C:\\xampp\\htdocs\\Nuevo_Estilo_Naye\\Estilo_Naye_Nails\\public\\index.php')
DEBUG - 2025-03-11 18:50:39 --> Session: Class initialized using 'CodeIgniter\Session\Handlers\FileHandler' driver.
DEBUG - 2025-03-11 18:50:42 --> Session: Class initialized using 'CodeIgniter\Session\Handlers\FileHandler' driver.
CRITICAL - 2025-03-11 12:50:42 --> CodeIgniter\Database\Exceptions\DataException: There is no data to update.
[Method: POST, Route: recuperar_producto]
in SYSTEMPATH\BaseModel.php on line 1010.
 1 SYSTEMPATH\BaseModel.php(1010): CodeIgniter\Database\Exceptions\DataException::forEmptyDataset('update')
 2 SYSTEMPATH\Model.php(863): CodeIgniter\BaseModel->update([...], [])
 3 APPPATH\Controllers\Panel\Productos.php(92): CodeIgniter\Model->update('undefined', [...])
 4 SYSTEMPATH\CodeIgniter.php(933): App\Controllers\Panel\Productos->recuperar_producto()
 5 SYSTEMPATH\CodeIgniter.php(507): CodeIgniter\CodeIgniter->runController(Object(App\Controllers\Panel\Productos))
 6 SYSTEMPATH\CodeIgniter.php(354): CodeIgniter\CodeIgniter->handleRequest(null, Object(Config\Cache), false)
 7 SYSTEMPATH\Boot.php(334): CodeIgniter\CodeIgniter->run()
 8 SYSTEMPATH\Boot.php(67): CodeIgniter\Boot::runCodeIgniter(Object(CodeIgniter\CodeIgniter))
 9 FCPATH\index.php(56): CodeIgniter\Boot::bootWeb(Object(Config\Paths))
10 SYSTEMPATH\rewrite.php(44): require_once('C:\\xampp\\htdocs\\Nuevo_Estilo_Naye\\Estilo_Naye_Nails\\public\\index.php')
DEBUG - 2025-03-11 12:52:02 --> Session: Class initialized using 'CodeIgniter\Session\Handlers\FileHandler' driver.
DEBUG - 2025-03-11 18:52:03 --> Session: Class initialized using 'CodeIgniter\Session\Handlers\FileHandler' driver.
DEBUG - 2025-03-11 12:52:07 --> Session: Class initialized using 'CodeIgniter\Session\Handlers\FileHandler' driver.
DEBUG - 2025-03-11 12:52:10 --> Session: Class initialized using 'CodeIgniter\Session\Handlers\FileHandler' driver.
INFO - 2025-03-11 12:52:23 --> Usuario encontrado: Superadmin
DEBUG - 2025-03-11 12:52:23 --> Session: Class initialized using 'CodeIgniter\Session\Handlers\FileHandler' driver.
INFO - 2025-03-11 12:52:23 --> Redirigiendo a dashboard para el rol SUPERADMIN
DEBUG - 2025-03-11 18:52:23 --> Session: Class initialized using 'CodeIgniter\Session\Handlers\FileHandler' driver.
DEBUG - 2025-03-11 18:52:26 --> Session: Class initialized using 'CodeIgniter\Session\Handlers\FileHandler' driver.
DEBUG - 2025-03-11 18:52:31 --> Session: Class initialized using 'CodeIgniter\Session\Handlers\FileHandler' driver.
CRITICAL - 2025-03-11 12:52:31 --> CodeIgniter\Database\Exceptions\DataException: There is no data to update.
[Method: POST, Route: recuperar_producto]
in SYSTEMPATH\BaseModel.php on line 1010.
 1 SYSTEMPATH\BaseModel.php(1010): CodeIgniter\Database\Exceptions\DataException::forEmptyDataset('update')
 2 SYSTEMPATH\Model.php(863): CodeIgniter\BaseModel->update([...], [])
 3 APPPATH\Controllers\Panel\Productos.php(92): CodeIgniter\Model->update('undefined', [...])
 4 SYSTEMPATH\CodeIgniter.php(933): App\Controllers\Panel\Productos->recuperar_producto()
 5 SYSTEMPATH\CodeIgniter.php(507): CodeIgniter\CodeIgniter->runController(Object(App\Controllers\Panel\Productos))
 6 SYSTEMPATH\CodeIgniter.php(354): CodeIgniter\CodeIgniter->handleRequest(null, Object(Config\Cache), false)
 7 SYSTEMPATH\Boot.php(334): CodeIgniter\CodeIgniter->run()
 8 SYSTEMPATH\Boot.php(67): CodeIgniter\Boot::runCodeIgniter(Object(CodeIgniter\CodeIgniter))
 9 FCPATH\index.php(56): CodeIgniter\Boot::bootWeb(Object(Config\Paths))
10 SYSTEMPATH\rewrite.php(44): require_once('C:\\xampp\\htdocs\\Nuevo_Estilo_Naye\\Estilo_Naye_Nails\\public\\index.php')
DEBUG - 2025-03-11 18:58:00 --> Session: Class initialized using 'CodeIgniter\Session\Handlers\FileHandler' driver.
DEBUG - 2025-03-11 18:58:04 --> Session: Class initialized using 'CodeIgniter\Session\Handlers\FileHandler' driver.
DEBUG - 2025-03-11 18:58:05 --> Session: Class initialized using 'CodeIgniter\Session\Handlers\FileHandler' driver.
DEBUG - 2025-03-11 18:58:57 --> Session: Class initialized using 'CodeIgniter\Session\Handlers\FileHandler' driver.
DEBUG - 2025-03-11 18:59:02 --> Session: Class initialized using 'CodeIgniter\Session\Handlers\FileHandler' driver.
DEBUG - 2025-03-11 18:59:02 --> Session: Class initialized using 'CodeIgniter\Session\Handlers\FileHandler' driver.
DEBUG - 2025-03-11 18:59:25 --> Session: Class initialized using 'CodeIgniter\Session\Handlers\FileHandler' driver.
DEBUG - 2025-03-11 18:59:26 --> Session: Class initialized using 'CodeIgniter\Session\Handlers\FileHandler' driver.
DEBUG - 2025-03-11 18:59:30 --> Session: Class initialized using 'CodeIgniter\Session\Handlers\FileHandler' driver.
DEBUG - 2025-03-11 19:03:32 --> Session: Class initialized using 'CodeIgniter\Session\Handlers\FileHandler' driver.
DEBUG - 2025-03-11 19:03:33 --> Session: Class initialized using 'CodeIgniter\Session\Handlers\FileHandler' driver.
DEBUG - 2025-03-11 19:03:38 --> Session: Class initialized using 'CodeIgniter\Session\Handlers\FileHandler' driver.
DEBUG - 2025-03-11 19:03:38 --> Session: Class initialized using 'CodeIgniter\Session\Handlers\FileHandler' driver.
DEBUG - 2025-03-11 19:03:44 --> Session: Class initialized using 'CodeIgniter\Session\Handlers\FileHandler' driver.
DEBUG - 2025-03-11 19:03:45 --> Session: Class initialized using 'CodeIgniter\Session\Handlers\FileHandler' driver.
DEBUG - 2025-03-11 19:06:54 --> Session: Class initialized using 'CodeIgniter\Session\Handlers\FileHandler' driver.
DEBUG - 2025-03-11 19:06:56 --> Session: Class initialized using 'CodeIgniter\Session\Handlers\FileHandler' driver.
DEBUG - 2025-03-11 19:07:00 --> Session: Class initialized using 'CodeIgniter\Session\Handlers\FileHandler' driver.
DEBUG - 2025-03-11 19:07:00 --> Session: Class initialized using 'CodeIgniter\Session\Handlers\FileHandler' driver.
DEBUG - 2025-03-11 19:07:08 --> Session: Class initialized using 'CodeIgniter\Session\Handlers\FileHandler' driver.
DEBUG - 2025-03-11 19:07:18 --> Session: Class initialized using 'CodeIgniter\Session\Handlers\FileHandler' driver.
DEBUG - 2025-03-11 19:07:18 --> Session: Class initialized using 'CodeIgniter\Session\Handlers\FileHandler' driver.
DEBUG - 2025-03-11 19:10:49 --> Session: Class initialized using 'CodeIgniter\Session\Handlers\FileHandler' driver.
DEBUG - 2025-03-11 19:10:49 --> Session: Class initialized using 'CodeIgniter\Session\Handlers\FileHandler' driver.
DEBUG - 2025-03-11 19:11:15 --> Session: Class initialized using 'CodeIgniter\Session\Handlers\FileHandler' driver.
DEBUG - 2025-03-11 19:16:17 --> Session: Class initialized using 'CodeIgniter\Session\Handlers\FileHandler' driver.
DEBUG - 2025-03-11 13:23:44 --> Session: Class initialized using 'CodeIgniter\Session\Handlers\FileHandler' driver.
DEBUG - 2025-03-11 15:18:14 --> Session: Class initialized using 'CodeIgniter\Session\Handlers\FileHandler' driver.
DEBUG - 2025-03-11 16:05:29 --> Session: Class initialized using 'CodeIgniter\Session\Handlers\FileHandler' driver.
ERROR - 2025-03-11 16:05:46 --> Error connecting to the database: mysqli_sql_exception: No se puede establecer una conexión ya que el equipo de destino denegó expresamente dicha conexión in C:\xampp\htdocs\Nuevo_Estilo_Naye\Estilo_Naye_Nails\system\Database\MySQLi\Connection.php:201
Stack trace:
#0 C:\xampp\htdocs\Nuevo_Estilo_Naye\Estilo_Naye_Nails\system\Database\MySQLi\Connection.php(201): mysqli->real_connect('localhost', 'root', Object(SensitiveParameterValue), 'naye_nails', 3306, '', 0)
#1 C:\xampp\htdocs\Nuevo_Estilo_Naye\Estilo_Naye_Nails\system\Database\BaseConnection.php(421): CodeIgniter\Database\MySQLi\Connection->connect(false)
#2 C:\xampp\htdocs\Nuevo_Estilo_Naye\Estilo_Naye_Nails\system\Database\BaseConnection.php(620): CodeIgniter\Database\BaseConnection->initialize()
#3 C:\xampp\htdocs\Nuevo_Estilo_Naye\Estilo_Naye_Nails\system\Database\BaseBuilder.php(1649): CodeIgniter\Database\BaseConnection->query('SELECT `estatus...', Array, false)
#4 C:\xampp\htdocs\Nuevo_Estilo_Naye\Estilo_Naye_Nails\system\Model.php(330): CodeIgniter\Database\BaseBuilder->get()
#5 C:\xampp\htdocs\Nuevo_Estilo_Naye\Estilo_Naye_Nails\system\BaseModel.php(713): CodeIgniter\Model->doFirst()
#6 C:\xampp\htdocs\Nuevo_Estilo_Naye\Estilo_Naye_Nails\app\Models\Tabla_usuarios.php(33): CodeIgniter\BaseModel->first()
#7 C:\xampp\htdocs\Nuevo_Estilo_Naye\Estilo_Naye_Nails\app\Controllers\Usuarios\Login.php(58): App\Models\Tabla_usuarios->login('superadmin@esna...', 'e34f92a20532a87...')
#8 C:\xampp\htdocs\Nuevo_Estilo_Naye\Estilo_Naye_Nails\system\CodeIgniter.php(933): App\Controllers\Usuarios\Login->comprobar()
#9 C:\xampp\htdocs\Nuevo_Estilo_Naye\Estilo_Naye_Nails\system\CodeIgniter.php(507): CodeIgniter\CodeIgniter->runController(Object(App\Controllers\Usuarios\Login))
#10 C:\xampp\htdocs\Nuevo_Estilo_Naye\Estilo_Naye_Nails\system\CodeIgniter.php(354): CodeIgniter\CodeIgniter->handleRequest(NULL, Object(Config\Cache), false)
#11 C:\xampp\htdocs\Nuevo_Estilo_Naye\Estilo_Naye_Nails\system\Boot.php(334): CodeIgniter\CodeIgniter->run()
#12 C:\xampp\htdocs\Nuevo_Estilo_Naye\Estilo_Naye_Nails\system\Boot.php(67): CodeIgniter\Boot::runCodeIgniter(Object(CodeIgniter\CodeIgniter))
#13 C:\xampp\htdocs\Nuevo_Estilo_Naye\Estilo_Naye_Nails\public\index.php(56): CodeIgniter\Boot::bootWeb(Object(Config\Paths))
#14 C:\xampp\htdocs\Nuevo_Estilo_Naye\Estilo_Naye_Nails\system\rewrite.php(44): require_once('C:\\xampp\\htdocs...')
#15 {main}

Next CodeIgniter\Database\Exceptions\DatabaseException: No se puede establecer una conexión ya que el equipo de destino denegó expresamente dicha conexión in C:\xampp\htdocs\Nuevo_Estilo_Naye\Estilo_Naye_Nails\system\Database\MySQLi\Connection.php:246
Stack trace:
#0 C:\xampp\htdocs\Nuevo_Estilo_Naye\Estilo_Naye_Nails\system\Database\BaseConnection.php(421): CodeIgniter\Database\MySQLi\Connection->connect(false)
#1 C:\xampp\htdocs\Nuevo_Estilo_Naye\Estilo_Naye_Nails\system\Database\BaseConnection.php(620): CodeIgniter\Database\BaseConnection->initialize()
#2 C:\xampp\htdocs\Nuevo_Estilo_Naye\Estilo_Naye_Nails\system\Database\BaseBuilder.php(1649): CodeIgniter\Database\BaseConnection->query('SELECT `estatus...', Array, false)
#3 C:\xampp\htdocs\Nuevo_Estilo_Naye\Estilo_Naye_Nails\system\Model.php(330): CodeIgniter\Database\BaseBuilder->get()
#4 C:\xampp\htdocs\Nuevo_Estilo_Naye\Estilo_Naye_Nails\system\BaseModel.php(713): CodeIgniter\Model->doFirst()
#5 C:\xampp\htdocs\Nuevo_Estilo_Naye\Estilo_Naye_Nails\app\Models\Tabla_usuarios.php(33): CodeIgniter\BaseModel->first()
#6 C:\xampp\htdocs\Nuevo_Estilo_Naye\Estilo_Naye_Nails\app\Controllers\Usuarios\Login.php(58): App\Models\Tabla_usuarios->login('superadmin@esna...', 'e34f92a20532a87...')
#7 C:\xampp\htdocs\Nuevo_Estilo_Naye\Estilo_Naye_Nails\system\CodeIgniter.php(933): App\Controllers\Usuarios\Login->comprobar()
#8 C:\xampp\htdocs\Nuevo_Estilo_Naye\Estilo_Naye_Nails\system\CodeIgniter.php(507): CodeIgniter\CodeIgniter->runController(Object(App\Controllers\Usuarios\Login))
#9 C:\xampp\htdocs\Nuevo_Estilo_Naye\Estilo_Naye_Nails\system\CodeIgniter.php(354): CodeIgniter\CodeIgniter->handleRequest(NULL, Object(Config\Cache), false)
#10 C:\xampp\htdocs\Nuevo_Estilo_Naye\Estilo_Naye_Nails\system\Boot.php(334): CodeIgniter\CodeIgniter->run()
#11 C:\xampp\htdocs\Nuevo_Estilo_Naye\Estilo_Naye_Nails\system\Boot.php(67): CodeIgniter\Boot::runCodeIgniter(Object(CodeIgniter\CodeIgniter))
#12 C:\xampp\htdocs\Nuevo_Estilo_Naye\Estilo_Naye_Nails\public\index.php(56): CodeIgniter\Boot::bootWeb(Object(Config\Paths))
#13 C:\xampp\htdocs\Nuevo_Estilo_Naye\Estilo_Naye_Nails\system\rewrite.php(44): require_once('C:\\xampp\\htdocs...')
#14 {main}
CRITICAL - 2025-03-11 16:05:46 --> CodeIgniter\Database\Exceptions\DatabaseException: Unable to connect to the database.
Main connection [MySQLi]: No se puede establecer una conexión ya que el equipo de destino denegó expresamente dicha conexión
[Method: POST, Route: validar_usuario]
in SYSTEMPATH\Database\BaseConnection.php on line 467.
 1 SYSTEMPATH\Database\BaseConnection.php(620): CodeIgniter\Database\BaseConnection->initialize()
 2 SYSTEMPATH\Database\BaseBuilder.php(1649): CodeIgniter\Database\BaseConnection->query('SELECT `estatus_usuario`, `id_usuario`, `nombre_usuario`, `ap_paterno_usuario`, `ap_materno_usuario`, `sexo_usuario`, `email_usuario`, `imagen_usuario`, `usuarios`.`id_rol` AS `clave_rol`, `rol` AS `nombre_rol`
FROM `usuarios`
JOIN `roles` ON `usuarios`.`id_rol` = `roles`.`id_rol`
WHERE `email_usuario` = :email_usuario:
AND `password_usuario` = :password_usuario:
AND `usuarios`.`eliminacion` IS NULL
 LIMIT 1', [...], false)
 3 SYSTEMPATH\Model.php(330): CodeIgniter\Database\BaseBuilder->get()
 4 SYSTEMPATH\BaseModel.php(713): CodeIgniter\Model->doFirst()
 5 APPPATH\Models\Tabla_usuarios.php(33): CodeIgniter\BaseModel->first()
 6 APPPATH\Controllers\Usuarios\Login.php(58): App\Models\Tabla_usuarios->login('superadmin@esnaye.com', 'e34f92a20532a873cb3184398070b4b82a8fa29cf48572c203dc5f0fa6158231')
 7 SYSTEMPATH\CodeIgniter.php(933): App\Controllers\Usuarios\Login->comprobar()
 8 SYSTEMPATH\CodeIgniter.php(507): CodeIgniter\CodeIgniter->runController(Object(App\Controllers\Usuarios\Login))
 9 SYSTEMPATH\CodeIgniter.php(354): CodeIgniter\CodeIgniter->handleRequest(null, Object(Config\Cache), false)
10 SYSTEMPATH\Boot.php(334): CodeIgniter\CodeIgniter->run()
11 SYSTEMPATH\Boot.php(67): CodeIgniter\Boot::runCodeIgniter(Object(CodeIgniter\CodeIgniter))
12 FCPATH\index.php(56): CodeIgniter\Boot::bootWeb(Object(Config\Paths))
13 SYSTEMPATH\rewrite.php(44): require_once('C:\\xampp\\htdocs\\Nuevo_Estilo_Naye\\Estilo_Naye_Nails\\public\\index.php')
ERROR - 2025-03-11 16:06:01 --> Error connecting to the database: mysqli_sql_exception: No se puede establecer una conexión ya que el equipo de destino denegó expresamente dicha conexión in C:\xampp\htdocs\Nuevo_Estilo_Naye\Estilo_Naye_Nails\system\Database\MySQLi\Connection.php:201
Stack trace:
#0 C:\xampp\htdocs\Nuevo_Estilo_Naye\Estilo_Naye_Nails\system\Database\MySQLi\Connection.php(201): mysqli->real_connect('localhost', 'root', Object(SensitiveParameterValue), 'naye_nails', 3306, '', 0)
#1 C:\xampp\htdocs\Nuevo_Estilo_Naye\Estilo_Naye_Nails\system\Database\BaseConnection.php(421): CodeIgniter\Database\MySQLi\Connection->connect(false)
#2 C:\xampp\htdocs\Nuevo_Estilo_Naye\Estilo_Naye_Nails\system\Database\BaseConnection.php(620): CodeIgniter\Database\BaseConnection->initialize()
#3 C:\xampp\htdocs\Nuevo_Estilo_Naye\Estilo_Naye_Nails\system\Database\BaseBuilder.php(1649): CodeIgniter\Database\BaseConnection->query('SELECT `estatus...', Array, false)
#4 C:\xampp\htdocs\Nuevo_Estilo_Naye\Estilo_Naye_Nails\system\Model.php(330): CodeIgniter\Database\BaseBuilder->get()
#5 C:\xampp\htdocs\Nuevo_Estilo_Naye\Estilo_Naye_Nails\system\BaseModel.php(713): CodeIgniter\Model->doFirst()
#6 C:\xampp\htdocs\Nuevo_Estilo_Naye\Estilo_Naye_Nails\app\Models\Tabla_usuarios.php(33): CodeIgniter\BaseModel->first()
#7 C:\xampp\htdocs\Nuevo_Estilo_Naye\Estilo_Naye_Nails\app\Controllers\Usuarios\Login.php(58): App\Models\Tabla_usuarios->login('superadmin@esna...', 'e34f92a20532a87...')
#8 C:\xampp\htdocs\Nuevo_Estilo_Naye\Estilo_Naye_Nails\system\CodeIgniter.php(933): App\Controllers\Usuarios\Login->comprobar()
#9 C:\xampp\htdocs\Nuevo_Estilo_Naye\Estilo_Naye_Nails\system\CodeIgniter.php(507): CodeIgniter\CodeIgniter->runController(Object(App\Controllers\Usuarios\Login))
#10 C:\xampp\htdocs\Nuevo_Estilo_Naye\Estilo_Naye_Nails\system\CodeIgniter.php(354): CodeIgniter\CodeIgniter->handleRequest(NULL, Object(Config\Cache), false)
#11 C:\xampp\htdocs\Nuevo_Estilo_Naye\Estilo_Naye_Nails\system\Boot.php(334): CodeIgniter\CodeIgniter->run()
#12 C:\xampp\htdocs\Nuevo_Estilo_Naye\Estilo_Naye_Nails\system\Boot.php(67): CodeIgniter\Boot::runCodeIgniter(Object(CodeIgniter\CodeIgniter))
#13 C:\xampp\htdocs\Nuevo_Estilo_Naye\Estilo_Naye_Nails\public\index.php(56): CodeIgniter\Boot::bootWeb(Object(Config\Paths))
#14 C:\xampp\htdocs\Nuevo_Estilo_Naye\Estilo_Naye_Nails\system\rewrite.php(44): require_once('C:\\xampp\\htdocs...')
#15 {main}

Next CodeIgniter\Database\Exceptions\DatabaseException: No se puede establecer una conexión ya que el equipo de destino denegó expresamente dicha conexión in C:\xampp\htdocs\Nuevo_Estilo_Naye\Estilo_Naye_Nails\system\Database\MySQLi\Connection.php:246
Stack trace:
#0 C:\xampp\htdocs\Nuevo_Estilo_Naye\Estilo_Naye_Nails\system\Database\BaseConnection.php(421): CodeIgniter\Database\MySQLi\Connection->connect(false)
#1 C:\xampp\htdocs\Nuevo_Estilo_Naye\Estilo_Naye_Nails\system\Database\BaseConnection.php(620): CodeIgniter\Database\BaseConnection->initialize()
#2 C:\xampp\htdocs\Nuevo_Estilo_Naye\Estilo_Naye_Nails\system\Database\BaseBuilder.php(1649): CodeIgniter\Database\BaseConnection->query('SELECT `estatus...', Array, false)
#3 C:\xampp\htdocs\Nuevo_Estilo_Naye\Estilo_Naye_Nails\system\Model.php(330): CodeIgniter\Database\BaseBuilder->get()
#4 C:\xampp\htdocs\Nuevo_Estilo_Naye\Estilo_Naye_Nails\system\BaseModel.php(713): CodeIgniter\Model->doFirst()
#5 C:\xampp\htdocs\Nuevo_Estilo_Naye\Estilo_Naye_Nails\app\Models\Tabla_usuarios.php(33): CodeIgniter\BaseModel->first()
#6 C:\xampp\htdocs\Nuevo_Estilo_Naye\Estilo_Naye_Nails\app\Controllers\Usuarios\Login.php(58): App\Models\Tabla_usuarios->login('superadmin@esna...', 'e34f92a20532a87...')
#7 C:\xampp\htdocs\Nuevo_Estilo_Naye\Estilo_Naye_Nails\system\CodeIgniter.php(933): App\Controllers\Usuarios\Login->comprobar()
#8 C:\xampp\htdocs\Nuevo_Estilo_Naye\Estilo_Naye_Nails\system\CodeIgniter.php(507): CodeIgniter\CodeIgniter->runController(Object(App\Controllers\Usuarios\Login))
#9 C:\xampp\htdocs\Nuevo_Estilo_Naye\Estilo_Naye_Nails\system\CodeIgniter.php(354): CodeIgniter\CodeIgniter->handleRequest(NULL, Object(Config\Cache), false)
#10 C:\xampp\htdocs\Nuevo_Estilo_Naye\Estilo_Naye_Nails\system\Boot.php(334): CodeIgniter\CodeIgniter->run()
#11 C:\xampp\htdocs\Nuevo_Estilo_Naye\Estilo_Naye_Nails\system\Boot.php(67): CodeIgniter\Boot::runCodeIgniter(Object(CodeIgniter\CodeIgniter))
#12 C:\xampp\htdocs\Nuevo_Estilo_Naye\Estilo_Naye_Nails\public\index.php(56): CodeIgniter\Boot::bootWeb(Object(Config\Paths))
#13 C:\xampp\htdocs\Nuevo_Estilo_Naye\Estilo_Naye_Nails\system\rewrite.php(44): require_once('C:\\xampp\\htdocs...')
#14 {main}
CRITICAL - 2025-03-11 16:06:01 --> CodeIgniter\Database\Exceptions\DatabaseException: Unable to connect to the database.
Main connection [MySQLi]: No se puede establecer una conexión ya que el equipo de destino denegó expresamente dicha conexión
[Method: POST, Route: validar_usuario]
in SYSTEMPATH\Database\BaseConnection.php on line 467.
 1 SYSTEMPATH\Database\BaseConnection.php(620): CodeIgniter\Database\BaseConnection->initialize()
 2 SYSTEMPATH\Database\BaseBuilder.php(1649): CodeIgniter\Database\BaseConnection->query('SELECT `estatus_usuario`, `id_usuario`, `nombre_usuario`, `ap_paterno_usuario`, `ap_materno_usuario`, `sexo_usuario`, `email_usuario`, `imagen_usuario`, `usuarios`.`id_rol` AS `clave_rol`, `rol` AS `nombre_rol`
FROM `usuarios`
JOIN `roles` ON `usuarios`.`id_rol` = `roles`.`id_rol`
WHERE `email_usuario` = :email_usuario:
AND `password_usuario` = :password_usuario:
AND `usuarios`.`eliminacion` IS NULL
 LIMIT 1', [...], false)
 3 SYSTEMPATH\Model.php(330): CodeIgniter\Database\BaseBuilder->get()
 4 SYSTEMPATH\BaseModel.php(713): CodeIgniter\Model->doFirst()
 5 APPPATH\Models\Tabla_usuarios.php(33): CodeIgniter\BaseModel->first()
 6 APPPATH\Controllers\Usuarios\Login.php(58): App\Models\Tabla_usuarios->login('superadmin@esnaye.com', 'e34f92a20532a873cb3184398070b4b82a8fa29cf48572c203dc5f0fa6158231')
 7 SYSTEMPATH\CodeIgniter.php(933): App\Controllers\Usuarios\Login->comprobar()
 8 SYSTEMPATH\CodeIgniter.php(507): CodeIgniter\CodeIgniter->runController(Object(App\Controllers\Usuarios\Login))
 9 SYSTEMPATH\CodeIgniter.php(354): CodeIgniter\CodeIgniter->handleRequest(null, Object(Config\Cache), false)
10 SYSTEMPATH\Boot.php(334): CodeIgniter\CodeIgniter->run()
11 SYSTEMPATH\Boot.php(67): CodeIgniter\Boot::runCodeIgniter(Object(CodeIgniter\CodeIgniter))
12 FCPATH\index.php(56): CodeIgniter\Boot::bootWeb(Object(Config\Paths))
13 SYSTEMPATH\rewrite.php(44): require_once('C:\\xampp\\htdocs\\Nuevo_Estilo_Naye\\Estilo_Naye_Nails\\public\\index.php')
ERROR - 2025-03-11 16:06:08 --> Error connecting to the database: mysqli_sql_exception: No se puede establecer una conexión ya que el equipo de destino denegó expresamente dicha conexión in C:\xampp\htdocs\Nuevo_Estilo_Naye\Estilo_Naye_Nails\system\Database\MySQLi\Connection.php:201
Stack trace:
#0 C:\xampp\htdocs\Nuevo_Estilo_Naye\Estilo_Naye_Nails\system\Database\MySQLi\Connection.php(201): mysqli->real_connect('localhost', 'root', Object(SensitiveParameterValue), 'naye_nails', 3306, '', 0)
#1 C:\xampp\htdocs\Nuevo_Estilo_Naye\Estilo_Naye_Nails\system\Database\BaseConnection.php(421): CodeIgniter\Database\MySQLi\Connection->connect(false)
#2 C:\xampp\htdocs\Nuevo_Estilo_Naye\Estilo_Naye_Nails\system\Database\BaseConnection.php(620): CodeIgniter\Database\BaseConnection->initialize()
#3 C:\xampp\htdocs\Nuevo_Estilo_Naye\Estilo_Naye_Nails\system\Database\BaseBuilder.php(1649): CodeIgniter\Database\BaseConnection->query('SELECT `estatus...', Array, false)
#4 C:\xampp\htdocs\Nuevo_Estilo_Naye\Estilo_Naye_Nails\system\Model.php(330): CodeIgniter\Database\BaseBuilder->get()
#5 C:\xampp\htdocs\Nuevo_Estilo_Naye\Estilo_Naye_Nails\system\BaseModel.php(713): CodeIgniter\Model->doFirst()
#6 C:\xampp\htdocs\Nuevo_Estilo_Naye\Estilo_Naye_Nails\app\Models\Tabla_usuarios.php(33): CodeIgniter\BaseModel->first()
#7 C:\xampp\htdocs\Nuevo_Estilo_Naye\Estilo_Naye_Nails\app\Controllers\Usuarios\Login.php(58): App\Models\Tabla_usuarios->login('superadmin@esna...', 'e34f92a20532a87...')
#8 C:\xampp\htdocs\Nuevo_Estilo_Naye\Estilo_Naye_Nails\system\CodeIgniter.php(933): App\Controllers\Usuarios\Login->comprobar()
#9 C:\xampp\htdocs\Nuevo_Estilo_Naye\Estilo_Naye_Nails\system\CodeIgniter.php(507): CodeIgniter\CodeIgniter->runController(Object(App\Controllers\Usuarios\Login))
#10 C:\xampp\htdocs\Nuevo_Estilo_Naye\Estilo_Naye_Nails\system\CodeIgniter.php(354): CodeIgniter\CodeIgniter->handleRequest(NULL, Object(Config\Cache), false)
#11 C:\xampp\htdocs\Nuevo_Estilo_Naye\Estilo_Naye_Nails\system\Boot.php(334): CodeIgniter\CodeIgniter->run()
#12 C:\xampp\htdocs\Nuevo_Estilo_Naye\Estilo_Naye_Nails\system\Boot.php(67): CodeIgniter\Boot::runCodeIgniter(Object(CodeIgniter\CodeIgniter))
#13 C:\xampp\htdocs\Nuevo_Estilo_Naye\Estilo_Naye_Nails\public\index.php(56): CodeIgniter\Boot::bootWeb(Object(Config\Paths))
#14 C:\xampp\htdocs\Nuevo_Estilo_Naye\Estilo_Naye_Nails\system\rewrite.php(44): require_once('C:\\xampp\\htdocs...')
#15 {main}

Next CodeIgniter\Database\Exceptions\DatabaseException: No se puede establecer una conexión ya que el equipo de destino denegó expresamente dicha conexión in C:\xampp\htdocs\Nuevo_Estilo_Naye\Estilo_Naye_Nails\system\Database\MySQLi\Connection.php:246
Stack trace:
#0 C:\xampp\htdocs\Nuevo_Estilo_Naye\Estilo_Naye_Nails\system\Database\BaseConnection.php(421): CodeIgniter\Database\MySQLi\Connection->connect(false)
#1 C:\xampp\htdocs\Nuevo_Estilo_Naye\Estilo_Naye_Nails\system\Database\BaseConnection.php(620): CodeIgniter\Database\BaseConnection->initialize()
#2 C:\xampp\htdocs\Nuevo_Estilo_Naye\Estilo_Naye_Nails\system\Database\BaseBuilder.php(1649): CodeIgniter\Database\BaseConnection->query('SELECT `estatus...', Array, false)
#3 C:\xampp\htdocs\Nuevo_Estilo_Naye\Estilo_Naye_Nails\system\Model.php(330): CodeIgniter\Database\BaseBuilder->get()
#4 C:\xampp\htdocs\Nuevo_Estilo_Naye\Estilo_Naye_Nails\system\BaseModel.php(713): CodeIgniter\Model->doFirst()
#5 C:\xampp\htdocs\Nuevo_Estilo_Naye\Estilo_Naye_Nails\app\Models\Tabla_usuarios.php(33): CodeIgniter\BaseModel->first()
#6 C:\xampp\htdocs\Nuevo_Estilo_Naye\Estilo_Naye_Nails\app\Controllers\Usuarios\Login.php(58): App\Models\Tabla_usuarios->login('superadmin@esna...', 'e34f92a20532a87...')
#7 C:\xampp\htdocs\Nuevo_Estilo_Naye\Estilo_Naye_Nails\system\CodeIgniter.php(933): App\Controllers\Usuarios\Login->comprobar()
#8 C:\xampp\htdocs\Nuevo_Estilo_Naye\Estilo_Naye_Nails\system\CodeIgniter.php(507): CodeIgniter\CodeIgniter->runController(Object(App\Controllers\Usuarios\Login))
#9 C:\xampp\htdocs\Nuevo_Estilo_Naye\Estilo_Naye_Nails\system\CodeIgniter.php(354): CodeIgniter\CodeIgniter->handleRequest(NULL, Object(Config\Cache), false)
#10 C:\xampp\htdocs\Nuevo_Estilo_Naye\Estilo_Naye_Nails\system\Boot.php(334): CodeIgniter\CodeIgniter->run()
#11 C:\xampp\htdocs\Nuevo_Estilo_Naye\Estilo_Naye_Nails\system\Boot.php(67): CodeIgniter\Boot::runCodeIgniter(Object(CodeIgniter\CodeIgniter))
#12 C:\xampp\htdocs\Nuevo_Estilo_Naye\Estilo_Naye_Nails\public\index.php(56): CodeIgniter\Boot::bootWeb(Object(Config\Paths))
#13 C:\xampp\htdocs\Nuevo_Estilo_Naye\Estilo_Naye_Nails\system\rewrite.php(44): require_once('C:\\xampp\\htdocs...')
#14 {main}
CRITICAL - 2025-03-11 16:06:08 --> CodeIgniter\Database\Exceptions\DatabaseException: Unable to connect to the database.
Main connection [MySQLi]: No se puede establecer una conexión ya que el equipo de destino denegó expresamente dicha conexión
[Method: POST, Route: validar_usuario]
in SYSTEMPATH\Database\BaseConnection.php on line 467.
 1 SYSTEMPATH\Database\BaseConnection.php(620): CodeIgniter\Database\BaseConnection->initialize()
 2 SYSTEMPATH\Database\BaseBuilder.php(1649): CodeIgniter\Database\BaseConnection->query('SELECT `estatus_usuario`, `id_usuario`, `nombre_usuario`, `ap_paterno_usuario`, `ap_materno_usuario`, `sexo_usuario`, `email_usuario`, `imagen_usuario`, `usuarios`.`id_rol` AS `clave_rol`, `rol` AS `nombre_rol`
FROM `usuarios`
JOIN `roles` ON `usuarios`.`id_rol` = `roles`.`id_rol`
WHERE `email_usuario` = :email_usuario:
AND `password_usuario` = :password_usuario:
AND `usuarios`.`eliminacion` IS NULL
 LIMIT 1', [...], false)
 3 SYSTEMPATH\Model.php(330): CodeIgniter\Database\BaseBuilder->get()
 4 SYSTEMPATH\BaseModel.php(713): CodeIgniter\Model->doFirst()
 5 APPPATH\Models\Tabla_usuarios.php(33): CodeIgniter\BaseModel->first()
 6 APPPATH\Controllers\Usuarios\Login.php(58): App\Models\Tabla_usuarios->login('superadmin@esnaye.com', 'e34f92a20532a873cb3184398070b4b82a8fa29cf48572c203dc5f0fa6158231')
 7 SYSTEMPATH\CodeIgniter.php(933): App\Controllers\Usuarios\Login->comprobar()
 8 SYSTEMPATH\CodeIgniter.php(507): CodeIgniter\CodeIgniter->runController(Object(App\Controllers\Usuarios\Login))
 9 SYSTEMPATH\CodeIgniter.php(354): CodeIgniter\CodeIgniter->handleRequest(null, Object(Config\Cache), false)
10 SYSTEMPATH\Boot.php(334): CodeIgniter\CodeIgniter->run()
11 SYSTEMPATH\Boot.php(67): CodeIgniter\Boot::runCodeIgniter(Object(CodeIgniter\CodeIgniter))
12 FCPATH\index.php(56): CodeIgniter\Boot::bootWeb(Object(Config\Paths))
13 SYSTEMPATH\rewrite.php(44): require_once('C:\\xampp\\htdocs\\Nuevo_Estilo_Naye\\Estilo_Naye_Nails\\public\\index.php')
DEBUG - 2025-03-11 16:12:03 --> Session: Class initialized using 'CodeIgniter\Session\Handlers\FileHandler' driver.
DEBUG - 2025-03-11 18:22:08 --> Session: Class initialized using 'CodeIgniter\Session\Handlers\FileHandler' driver.
DEBUG - 2025-03-11 18:24:49 --> Session: Class initialized using 'CodeIgniter\Session\Handlers\FileHandler' driver.
DEBUG - 2025-03-11 21:55:01 --> Session: Class initialized using 'CodeIgniter\Session\Handlers\FileHandler' driver.
DEBUG - 2025-03-11 21:57:37 --> Session: Class initialized using 'CodeIgniter\Session\Handlers\FileHandler' driver.
CRITICAL - 2025-03-11 22:08:23 --> ErrorException: Maximum execution time of 60 seconds exceeded
[Method: POST, Route: validar_usuario]
in SYSTEMPATH\Debug\Exceptions.php on line 208.
 1 [internal function]: CodeIgniter\Debug\Exceptions->shutdownHandler()
ERROR - 2025-03-11 22:10:14 --> Error connecting to the database: ErrorException: mysqli::real_connect(): Error while reading greeting packet. PID=6408 in C:\xampp\htdocs\Nuevo_Estilo_Naye\Estilo_Naye_Nails\system\Database\MySQLi\Connection.php:201
Stack trace:
#0 [internal function]: CodeIgniter\Debug\Exceptions->errorHandler(2, 'mysqli::real_co...', 'C:\\xampp\\htdocs...', 201)
#1 C:\xampp\htdocs\Nuevo_Estilo_Naye\Estilo_Naye_Nails\system\Database\MySQLi\Connection.php(201): mysqli->real_connect('localhost', 'root', Object(SensitiveParameterValue), 'naye_nails', 3307, '', 0)
#2 C:\xampp\htdocs\Nuevo_Estilo_Naye\Estilo_Naye_Nails\system\Database\BaseConnection.php(421): CodeIgniter\Database\MySQLi\Connection->connect(false)
#3 C:\xampp\htdocs\Nuevo_Estilo_Naye\Estilo_Naye_Nails\system\Database\BaseConnection.php(620): CodeIgniter\Database\BaseConnection->initialize()
#4 C:\xampp\htdocs\Nuevo_Estilo_Naye\Estilo_Naye_Nails\system\Database\BaseBuilder.php(1649): CodeIgniter\Database\BaseConnection->query('SELECT `estatus...', Array, false)
#5 C:\xampp\htdocs\Nuevo_Estilo_Naye\Estilo_Naye_Nails\system\Model.php(330): CodeIgniter\Database\BaseBuilder->get()
#6 C:\xampp\htdocs\Nuevo_Estilo_Naye\Estilo_Naye_Nails\system\BaseModel.php(713): CodeIgniter\Model->doFirst()
#7 C:\xampp\htdocs\Nuevo_Estilo_Naye\Estilo_Naye_Nails\app\Models\Tabla_usuarios.php(33): CodeIgniter\BaseModel->first()
#8 C:\xampp\htdocs\Nuevo_Estilo_Naye\Estilo_Naye_Nails\app\Controllers\Usuarios\Login.php(58): App\Models\Tabla_usuarios->login('superadmin@esna...', 'e34f92a20532a87...')
#9 C:\xampp\htdocs\Nuevo_Estilo_Naye\Estilo_Naye_Nails\system\CodeIgniter.php(933): App\Controllers\Usuarios\Login->comprobar()
#10 C:\xampp\htdocs\Nuevo_Estilo_Naye\Estilo_Naye_Nails\system\CodeIgniter.php(507): CodeIgniter\CodeIgniter->runController(Object(App\Controllers\Usuarios\Login))
#11 C:\xampp\htdocs\Nuevo_Estilo_Naye\Estilo_Naye_Nails\system\CodeIgniter.php(354): CodeIgniter\CodeIgniter->handleRequest(NULL, Object(Config\Cache), false)
#12 C:\xampp\htdocs\Nuevo_Estilo_Naye\Estilo_Naye_Nails\system\Boot.php(334): CodeIgniter\CodeIgniter->run()
#13 C:\xampp\htdocs\Nuevo_Estilo_Naye\Estilo_Naye_Nails\system\Boot.php(67): CodeIgniter\Boot::runCodeIgniter(Object(CodeIgniter\CodeIgniter))
#14 C:\xampp\htdocs\Nuevo_Estilo_Naye\Estilo_Naye_Nails\public\index.php(56): CodeIgniter\Boot::bootWeb(Object(Config\Paths))
#15 C:\xampp\htdocs\Nuevo_Estilo_Naye\Estilo_Naye_Nails\system\rewrite.php(44): require_once('C:\\xampp\\htdocs...')
#16 {main}

Next mysqli_sql_exception: MySQL server has gone away in C:\xampp\htdocs\Nuevo_Estilo_Naye\Estilo_Naye_Nails\system\Database\MySQLi\Connection.php:201
Stack trace:
#0 C:\xampp\htdocs\Nuevo_Estilo_Naye\Estilo_Naye_Nails\system\Database\MySQLi\Connection.php(201): mysqli->real_connect('localhost', 'root', Object(SensitiveParameterValue), 'naye_nails', 3307, '', 0)
#1 C:\xampp\htdocs\Nuevo_Estilo_Naye\Estilo_Naye_Nails\system\Database\BaseConnection.php(421): CodeIgniter\Database\MySQLi\Connection->connect(false)
#2 C:\xampp\htdocs\Nuevo_Estilo_Naye\Estilo_Naye_Nails\system\Database\BaseConnection.php(620): CodeIgniter\Database\BaseConnection->initialize()
#3 C:\xampp\htdocs\Nuevo_Estilo_Naye\Estilo_Naye_Nails\system\Database\BaseBuilder.php(1649): CodeIgniter\Database\BaseConnection->query('SELECT `estatus...', Array, false)
#4 C:\xampp\htdocs\Nuevo_Estilo_Naye\Estilo_Naye_Nails\system\Model.php(330): CodeIgniter\Database\BaseBuilder->get()
#5 C:\xampp\htdocs\Nuevo_Estilo_Naye\Estilo_Naye_Nails\system\BaseModel.php(713): CodeIgniter\Model->doFirst()
#6 C:\xampp\htdocs\Nuevo_Estilo_Naye\Estilo_Naye_Nails\app\Models\Tabla_usuarios.php(33): CodeIgniter\BaseModel->first()
#7 C:\xampp\htdocs\Nuevo_Estilo_Naye\Estilo_Naye_Nails\app\Controllers\Usuarios\Login.php(58): App\Models\Tabla_usuarios->login('superadmin@esna...', 'e34f92a20532a87...')
#8 C:\xampp\htdocs\Nuevo_Estilo_Naye\Estilo_Naye_Nails\system\CodeIgniter.php(933): App\Controllers\Usuarios\Login->comprobar()
#9 C:\xampp\htdocs\Nuevo_Estilo_Naye\Estilo_Naye_Nails\system\CodeIgniter.php(507): CodeIgniter\CodeIgniter->runController(Object(App\Controllers\Usuarios\Login))
#10 C:\xampp\htdocs\Nuevo_Estilo_Naye\Estilo_Naye_Nails\system\CodeIgniter.php(354): CodeIgniter\CodeIgniter->handleRequest(NULL, Object(Config\Cache), false)
#11 C:\xampp\htdocs\Nuevo_Estilo_Naye\Estilo_Naye_Nails\system\Boot.php(334): CodeIgniter\CodeIgniter->run()
#12 C:\xampp\htdocs\Nuevo_Estilo_Naye\Estilo_Naye_Nails\system\Boot.php(67): CodeIgniter\Boot::runCodeIgniter(Object(CodeIgniter\CodeIgniter))
#13 C:\xampp\htdocs\Nuevo_Estilo_Naye\Estilo_Naye_Nails\public\index.php(56): CodeIgniter\Boot::bootWeb(Object(Config\Paths))
#14 C:\xampp\htdocs\Nuevo_Estilo_Naye\Estilo_Naye_Nails\system\rewrite.php(44): require_once('C:\\xampp\\htdocs...')
#15 {main}

Next CodeIgniter\Database\Exceptions\DatabaseException: MySQL server has gone away in C:\xampp\htdocs\Nuevo_Estilo_Naye\Estilo_Naye_Nails\system\Database\MySQLi\Connection.php:246
Stack trace:
#0 C:\xampp\htdocs\Nuevo_Estilo_Naye\Estilo_Naye_Nails\system\Database\BaseConnection.php(421): CodeIgniter\Database\MySQLi\Connection->connect(false)
#1 C:\xampp\htdocs\Nuevo_Estilo_Naye\Estilo_Naye_Nails\system\Database\BaseConnection.php(620): CodeIgniter\Database\BaseConnection->initialize()
#2 C:\xampp\htdocs\Nuevo_Estilo_Naye\Estilo_Naye_Nails\system\Database\BaseBuilder.php(1649): CodeIgniter\Database\BaseConnection->query('SELECT `estatus...', Array, false)
#3 C:\xampp\htdocs\Nuevo_Estilo_Naye\Estilo_Naye_Nails\system\Model.php(330): CodeIgniter\Database\BaseBuilder->get()
#4 C:\xampp\htdocs\Nuevo_Estilo_Naye\Estilo_Naye_Nails\system\BaseModel.php(713): CodeIgniter\Model->doFirst()
#5 C:\xampp\htdocs\Nuevo_Estilo_Naye\Estilo_Naye_Nails\app\Models\Tabla_usuarios.php(33): CodeIgniter\BaseModel->first()
#6 C:\xampp\htdocs\Nuevo_Estilo_Naye\Estilo_Naye_Nails\app\Controllers\Usuarios\Login.php(58): App\Models\Tabla_usuarios->login('superadmin@esna...', 'e34f92a20532a87...')
#7 C:\xampp\htdocs\Nuevo_Estilo_Naye\Estilo_Naye_Nails\system\CodeIgniter.php(933): App\Controllers\Usuarios\Login->comprobar()
#8 C:\xampp\htdocs\Nuevo_Estilo_Naye\Estilo_Naye_Nails\system\CodeIgniter.php(507): CodeIgniter\CodeIgniter->runController(Object(App\Controllers\Usuarios\Login))
#9 C:\xampp\htdocs\Nuevo_Estilo_Naye\Estilo_Naye_Nails\system\CodeIgniter.php(354): CodeIgniter\CodeIgniter->handleRequest(NULL, Object(Config\Cache), false)
#10 C:\xampp\htdocs\Nuevo_Estilo_Naye\Estilo_Naye_Nails\system\Boot.php(334): CodeIgniter\CodeIgniter->run()
#11 C:\xampp\htdocs\Nuevo_Estilo_Naye\Estilo_Naye_Nails\system\Boot.php(67): CodeIgniter\Boot::runCodeIgniter(Object(CodeIgniter\CodeIgniter))
#12 C:\xampp\htdocs\Nuevo_Estilo_Naye\Estilo_Naye_Nails\public\index.php(56): CodeIgniter\Boot::bootWeb(Object(Config\Paths))
#13 C:\xampp\htdocs\Nuevo_Estilo_Naye\Estilo_Naye_Nails\system\rewrite.php(44): require_once('C:\\xampp\\htdocs...')
#14 {main}
CRITICAL - 2025-03-11 22:10:14 --> CodeIgniter\Database\Exceptions\DatabaseException: Unable to connect to the database.
Main connection [MySQLi]: MySQL server has gone away
[Method: POST, Route: validar_usuario]
in SYSTEMPATH\Database\BaseConnection.php on line 467.
 1 SYSTEMPATH\Database\BaseConnection.php(620): CodeIgniter\Database\BaseConnection->initialize()
 2 SYSTEMPATH\Database\BaseBuilder.php(1649): CodeIgniter\Database\BaseConnection->query('SELECT `estatus_usuario`, `id_usuario`, `nombre_usuario`, `ap_paterno_usuario`, `ap_materno_usuario`, `sexo_usuario`, `email_usuario`, `imagen_usuario`, `usuarios`.`id_rol` AS `clave_rol`, `rol` AS `nombre_rol`
FROM `usuarios`
JOIN `roles` ON `usuarios`.`id_rol` = `roles`.`id_rol`
WHERE `email_usuario` = :email_usuario:
AND `password_usuario` = :password_usuario:
AND `usuarios`.`eliminacion` IS NULL
 LIMIT 1', [...], false)
 3 SYSTEMPATH\Model.php(330): CodeIgniter\Database\BaseBuilder->get()
 4 SYSTEMPATH\BaseModel.php(713): CodeIgniter\Model->doFirst()
 5 APPPATH\Models\Tabla_usuarios.php(33): CodeIgniter\BaseModel->first()
 6 APPPATH\Controllers\Usuarios\Login.php(58): App\Models\Tabla_usuarios->login('superadmin@esnaye.com', 'e34f92a20532a873cb3184398070b4b82a8fa29cf48572c203dc5f0fa6158231')
 7 SYSTEMPATH\CodeIgniter.php(933): App\Controllers\Usuarios\Login->comprobar()
 8 SYSTEMPATH\CodeIgniter.php(507): CodeIgniter\CodeIgniter->runController(Object(App\Controllers\Usuarios\Login))
 9 SYSTEMPATH\CodeIgniter.php(354): CodeIgniter\CodeIgniter->handleRequest(null, Object(Config\Cache), false)
10 SYSTEMPATH\Boot.php(334): CodeIgniter\CodeIgniter->run()
11 SYSTEMPATH\Boot.php(67): CodeIgniter\Boot::runCodeIgniter(Object(CodeIgniter\CodeIgniter))
12 FCPATH\index.php(56): CodeIgniter\Boot::bootWeb(Object(Config\Paths))
13 SYSTEMPATH\rewrite.php(44): require_once('C:\\xampp\\htdocs\\Nuevo_Estilo_Naye\\Estilo_Naye_Nails\\public\\index.php')
CRITICAL - 2025-03-11 22:27:35 --> ErrorException: Maximum execution time of 60 seconds exceeded
[Method: POST, Route: validar_usuario]
in SYSTEMPATH\Debug\Exceptions.php on line 208.
 1 [internal function]: CodeIgniter\Debug\Exceptions->shutdownHandler()
ERROR - 2025-03-11 22:27:40 --> Error connecting to the database: ErrorException: mysqli::real_connect(): Error while reading greeting packet. PID=6408 in C:\xampp\htdocs\Nuevo_Estilo_Naye\Estilo_Naye_Nails\system\Database\MySQLi\Connection.php:201
Stack trace:
#0 [internal function]: CodeIgniter\Debug\Exceptions->errorHandler(2, 'mysqli::real_co...', 'C:\\xampp\\htdocs...', 201)
#1 C:\xampp\htdocs\Nuevo_Estilo_Naye\Estilo_Naye_Nails\system\Database\MySQLi\Connection.php(201): mysqli->real_connect('localhost', 'root', Object(SensitiveParameterValue), 'naye_nails', 3307, '', 0)
#2 C:\xampp\htdocs\Nuevo_Estilo_Naye\Estilo_Naye_Nails\system\Database\BaseConnection.php(421): CodeIgniter\Database\MySQLi\Connection->connect(false)
#3 C:\xampp\htdocs\Nuevo_Estilo_Naye\Estilo_Naye_Nails\system\Database\BaseConnection.php(620): CodeIgniter\Database\BaseConnection->initialize()
#4 C:\xampp\htdocs\Nuevo_Estilo_Naye\Estilo_Naye_Nails\system\Database\BaseBuilder.php(1649): CodeIgniter\Database\BaseConnection->query('SELECT `estatus...', Array, false)
#5 C:\xampp\htdocs\Nuevo_Estilo_Naye\Estilo_Naye_Nails\system\Model.php(330): CodeIgniter\Database\BaseBuilder->get()
#6 C:\xampp\htdocs\Nuevo_Estilo_Naye\Estilo_Naye_Nails\system\BaseModel.php(713): CodeIgniter\Model->doFirst()
#7 C:\xampp\htdocs\Nuevo_Estilo_Naye\Estilo_Naye_Nails\app\Models\Tabla_usuarios.php(33): CodeIgniter\BaseModel->first()
#8 C:\xampp\htdocs\Nuevo_Estilo_Naye\Estilo_Naye_Nails\app\Controllers\Usuarios\Login.php(58): App\Models\Tabla_usuarios->login('superadmin@esna...', 'e34f92a20532a87...')
#9 C:\xampp\htdocs\Nuevo_Estilo_Naye\Estilo_Naye_Nails\system\CodeIgniter.php(933): App\Controllers\Usuarios\Login->comprobar()
#10 C:\xampp\htdocs\Nuevo_Estilo_Naye\Estilo_Naye_Nails\system\CodeIgniter.php(507): CodeIgniter\CodeIgniter->runController(Object(App\Controllers\Usuarios\Login))
#11 C:\xampp\htdocs\Nuevo_Estilo_Naye\Estilo_Naye_Nails\system\CodeIgniter.php(354): CodeIgniter\CodeIgniter->handleRequest(NULL, Object(Config\Cache), false)
#12 C:\xampp\htdocs\Nuevo_Estilo_Naye\Estilo_Naye_Nails\system\Boot.php(334): CodeIgniter\CodeIgniter->run()
#13 C:\xampp\htdocs\Nuevo_Estilo_Naye\Estilo_Naye_Nails\system\Boot.php(67): CodeIgniter\Boot::runCodeIgniter(Object(CodeIgniter\CodeIgniter))
#14 C:\xampp\htdocs\Nuevo_Estilo_Naye\Estilo_Naye_Nails\public\index.php(56): CodeIgniter\Boot::bootWeb(Object(Config\Paths))
#15 C:\xampp\htdocs\Nuevo_Estilo_Naye\Estilo_Naye_Nails\system\rewrite.php(44): require_once('C:\\xampp\\htdocs...')
#16 {main}

Next mysqli_sql_exception: MySQL server has gone away in C:\xampp\htdocs\Nuevo_Estilo_Naye\Estilo_Naye_Nails\system\Database\MySQLi\Connection.php:201
Stack trace:
#0 C:\xampp\htdocs\Nuevo_Estilo_Naye\Estilo_Naye_Nails\system\Database\MySQLi\Connection.php(201): mysqli->real_connect('localhost', 'root', Object(SensitiveParameterValue), 'naye_nails', 3307, '', 0)
#1 C:\xampp\htdocs\Nuevo_Estilo_Naye\Estilo_Naye_Nails\system\Database\BaseConnection.php(421): CodeIgniter\Database\MySQLi\Connection->connect(false)
#2 C:\xampp\htdocs\Nuevo_Estilo_Naye\Estilo_Naye_Nails\system\Database\BaseConnection.php(620): CodeIgniter\Database\BaseConnection->initialize()
#3 C:\xampp\htdocs\Nuevo_Estilo_Naye\Estilo_Naye_Nails\system\Database\BaseBuilder.php(1649): CodeIgniter\Database\BaseConnection->query('SELECT `estatus...', Array, false)
#4 C:\xampp\htdocs\Nuevo_Estilo_Naye\Estilo_Naye_Nails\system\Model.php(330): CodeIgniter\Database\BaseBuilder->get()
#5 C:\xampp\htdocs\Nuevo_Estilo_Naye\Estilo_Naye_Nails\system\BaseModel.php(713): CodeIgniter\Model->doFirst()
#6 C:\xampp\htdocs\Nuevo_Estilo_Naye\Estilo_Naye_Nails\app\Models\Tabla_usuarios.php(33): CodeIgniter\BaseModel->first()
#7 C:\xampp\htdocs\Nuevo_Estilo_Naye\Estilo_Naye_Nails\app\Controllers\Usuarios\Login.php(58): App\Models\Tabla_usuarios->login('superadmin@esna...', 'e34f92a20532a87...')
#8 C:\xampp\htdocs\Nuevo_Estilo_Naye\Estilo_Naye_Nails\system\CodeIgniter.php(933): App\Controllers\Usuarios\Login->comprobar()
#9 C:\xampp\htdocs\Nuevo_Estilo_Naye\Estilo_Naye_Nails\system\CodeIgniter.php(507): CodeIgniter\CodeIgniter->runController(Object(App\Controllers\Usuarios\Login))
#10 C:\xampp\htdocs\Nuevo_Estilo_Naye\Estilo_Naye_Nails\system\CodeIgniter.php(354): CodeIgniter\CodeIgniter->handleRequest(NULL, Object(Config\Cache), false)
#11 C:\xampp\htdocs\Nuevo_Estilo_Naye\Estilo_Naye_Nails\system\Boot.php(334): CodeIgniter\CodeIgniter->run()
#12 C:\xampp\htdocs\Nuevo_Estilo_Naye\Estilo_Naye_Nails\system\Boot.php(67): CodeIgniter\Boot::runCodeIgniter(Object(CodeIgniter\CodeIgniter))
#13 C:\xampp\htdocs\Nuevo_Estilo_Naye\Estilo_Naye_Nails\public\index.php(56): CodeIgniter\Boot::bootWeb(Object(Config\Paths))
#14 C:\xampp\htdocs\Nuevo_Estilo_Naye\Estilo_Naye_Nails\system\rewrite.php(44): require_once('C:\\xampp\\htdocs...')
#15 {main}

Next CodeIgniter\Database\Exceptions\DatabaseException: MySQL server has gone away in C:\xampp\htdocs\Nuevo_Estilo_Naye\Estilo_Naye_Nails\system\Database\MySQLi\Connection.php:246
Stack trace:
#0 C:\xampp\htdocs\Nuevo_Estilo_Naye\Estilo_Naye_Nails\system\Database\BaseConnection.php(421): CodeIgniter\Database\MySQLi\Connection->connect(false)
#1 C:\xampp\htdocs\Nuevo_Estilo_Naye\Estilo_Naye_Nails\system\Database\BaseConnection.php(620): CodeIgniter\Database\BaseConnection->initialize()
#2 C:\xampp\htdocs\Nuevo_Estilo_Naye\Estilo_Naye_Nails\system\Database\BaseBuilder.php(1649): CodeIgniter\Database\BaseConnection->query('SELECT `estatus...', Array, false)
#3 C:\xampp\htdocs\Nuevo_Estilo_Naye\Estilo_Naye_Nails\system\Model.php(330): CodeIgniter\Database\BaseBuilder->get()
#4 C:\xampp\htdocs\Nuevo_Estilo_Naye\Estilo_Naye_Nails\system\BaseModel.php(713): CodeIgniter\Model->doFirst()
#5 C:\xampp\htdocs\Nuevo_Estilo_Naye\Estilo_Naye_Nails\app\Models\Tabla_usuarios.php(33): CodeIgniter\BaseModel->first()
#6 C:\xampp\htdocs\Nuevo_Estilo_Naye\Estilo_Naye_Nails\app\Controllers\Usuarios\Login.php(58): App\Models\Tabla_usuarios->login('superadmin@esna...', 'e34f92a20532a87...')
#7 C:\xampp\htdocs\Nuevo_Estilo_Naye\Estilo_Naye_Nails\system\CodeIgniter.php(933): App\Controllers\Usuarios\Login->comprobar()
#8 C:\xampp\htdocs\Nuevo_Estilo_Naye\Estilo_Naye_Nails\system\CodeIgniter.php(507): CodeIgniter\CodeIgniter->runController(Object(App\Controllers\Usuarios\Login))
#9 C:\xampp\htdocs\Nuevo_Estilo_Naye\Estilo_Naye_Nails\system\CodeIgniter.php(354): CodeIgniter\CodeIgniter->handleRequest(NULL, Object(Config\Cache), false)
#10 C:\xampp\htdocs\Nuevo_Estilo_Naye\Estilo_Naye_Nails\system\Boot.php(334): CodeIgniter\CodeIgniter->run()
#11 C:\xampp\htdocs\Nuevo_Estilo_Naye\Estilo_Naye_Nails\system\Boot.php(67): CodeIgniter\Boot::runCodeIgniter(Object(CodeIgniter\CodeIgniter))
#12 C:\xampp\htdocs\Nuevo_Estilo_Naye\Estilo_Naye_Nails\public\index.php(56): CodeIgniter\Boot::bootWeb(Object(Config\Paths))
#13 C:\xampp\htdocs\Nuevo_Estilo_Naye\Estilo_Naye_Nails\system\rewrite.php(44): require_once('C:\\xampp\\htdocs...')
#14 {main}
CRITICAL - 2025-03-11 22:27:40 --> CodeIgniter\Database\Exceptions\DatabaseException: Unable to connect to the database.
Main connection [MySQLi]: MySQL server has gone away
[Method: POST, Route: validar_usuario]
in SYSTEMPATH\Database\BaseConnection.php on line 467.
 1 SYSTEMPATH\Database\BaseConnection.php(620): CodeIgniter\Database\BaseConnection->initialize()
 2 SYSTEMPATH\Database\BaseBuilder.php(1649): CodeIgniter\Database\BaseConnection->query('SELECT `estatus_usuario`, `id_usuario`, `nombre_usuario`, `ap_paterno_usuario`, `ap_materno_usuario`, `sexo_usuario`, `email_usuario`, `imagen_usuario`, `usuarios`.`id_rol` AS `clave_rol`, `rol` AS `nombre_rol`
FROM `usuarios`
JOIN `roles` ON `usuarios`.`id_rol` = `roles`.`id_rol`
WHERE `email_usuario` = :email_usuario:
AND `password_usuario` = :password_usuario:
AND `usuarios`.`eliminacion` IS NULL
 LIMIT 1', [...], false)
 3 SYSTEMPATH\Model.php(330): CodeIgniter\Database\BaseBuilder->get()
 4 SYSTEMPATH\BaseModel.php(713): CodeIgniter\Model->doFirst()
 5 APPPATH\Models\Tabla_usuarios.php(33): CodeIgniter\BaseModel->first()
 6 APPPATH\Controllers\Usuarios\Login.php(58): App\Models\Tabla_usuarios->login('superadmin@esnaye.com', 'e34f92a20532a873cb3184398070b4b82a8fa29cf48572c203dc5f0fa6158231')
 7 SYSTEMPATH\CodeIgniter.php(933): App\Controllers\Usuarios\Login->comprobar()
 8 SYSTEMPATH\CodeIgniter.php(507): CodeIgniter\CodeIgniter->runController(Object(App\Controllers\Usuarios\Login))
 9 SYSTEMPATH\CodeIgniter.php(354): CodeIgniter\CodeIgniter->handleRequest(null, Object(Config\Cache), false)
10 SYSTEMPATH\Boot.php(334): CodeIgniter\CodeIgniter->run()
11 SYSTEMPATH\Boot.php(67): CodeIgniter\Boot::runCodeIgniter(Object(CodeIgniter\CodeIgniter))
12 FCPATH\index.php(56): CodeIgniter\Boot::bootWeb(Object(Config\Paths))
13 SYSTEMPATH\rewrite.php(44): require_once('C:\\xampp\\htdocs\\Nuevo_Estilo_Naye\\Estilo_Naye_Nails\\public\\index.php')
DEBUG - 2025-03-11 22:33:31 --> Session: Class initialized using 'CodeIgniter\Session\Handlers\FileHandler' driver.
ERROR - 2025-03-11 22:33:48 --> Error connecting to the database: mysqli_sql_exception: No se puede establecer una conexión ya que el equipo de destino denegó expresamente dicha conexión in C:\xampp\htdocs\Nuevo_Estilo_Naye\Estilo_Naye_Nails\system\Database\MySQLi\Connection.php:201
Stack trace:
#0 C:\xampp\htdocs\Nuevo_Estilo_Naye\Estilo_Naye_Nails\system\Database\MySQLi\Connection.php(201): mysqli->real_connect('localhost', 'root', Object(SensitiveParameterValue), 'naye_nails', 3307, '', 0)
#1 C:\xampp\htdocs\Nuevo_Estilo_Naye\Estilo_Naye_Nails\system\Database\BaseConnection.php(421): CodeIgniter\Database\MySQLi\Connection->connect(false)
#2 C:\xampp\htdocs\Nuevo_Estilo_Naye\Estilo_Naye_Nails\system\Database\BaseConnection.php(620): CodeIgniter\Database\BaseConnection->initialize()
#3 C:\xampp\htdocs\Nuevo_Estilo_Naye\Estilo_Naye_Nails\system\Database\BaseBuilder.php(1649): CodeIgniter\Database\BaseConnection->query('SELECT `estatus...', Array, false)
#4 C:\xampp\htdocs\Nuevo_Estilo_Naye\Estilo_Naye_Nails\system\Model.php(330): CodeIgniter\Database\BaseBuilder->get()
#5 C:\xampp\htdocs\Nuevo_Estilo_Naye\Estilo_Naye_Nails\system\BaseModel.php(713): CodeIgniter\Model->doFirst()
#6 C:\xampp\htdocs\Nuevo_Estilo_Naye\Estilo_Naye_Nails\app\Models\Tabla_usuarios.php(33): CodeIgniter\BaseModel->first()
#7 C:\xampp\htdocs\Nuevo_Estilo_Naye\Estilo_Naye_Nails\app\Controllers\Usuarios\Login.php(58): App\Models\Tabla_usuarios->login('superadmin@esna...', 'e34f92a20532a87...')
#8 C:\xampp\htdocs\Nuevo_Estilo_Naye\Estilo_Naye_Nails\system\CodeIgniter.php(933): App\Controllers\Usuarios\Login->comprobar()
#9 C:\xampp\htdocs\Nuevo_Estilo_Naye\Estilo_Naye_Nails\system\CodeIgniter.php(507): CodeIgniter\CodeIgniter->runController(Object(App\Controllers\Usuarios\Login))
#10 C:\xampp\htdocs\Nuevo_Estilo_Naye\Estilo_Naye_Nails\system\CodeIgniter.php(354): CodeIgniter\CodeIgniter->handleRequest(NULL, Object(Config\Cache), false)
#11 C:\xampp\htdocs\Nuevo_Estilo_Naye\Estilo_Naye_Nails\system\Boot.php(334): CodeIgniter\CodeIgniter->run()
#12 C:\xampp\htdocs\Nuevo_Estilo_Naye\Estilo_Naye_Nails\system\Boot.php(67): CodeIgniter\Boot::runCodeIgniter(Object(CodeIgniter\CodeIgniter))
#13 C:\xampp\htdocs\Nuevo_Estilo_Naye\Estilo_Naye_Nails\public\index.php(56): CodeIgniter\Boot::bootWeb(Object(Config\Paths))
#14 C:\xampp\htdocs\Nuevo_Estilo_Naye\Estilo_Naye_Nails\system\rewrite.php(44): require_once('C:\\xampp\\htdocs...')
#15 {main}

Next CodeIgniter\Database\Exceptions\DatabaseException: No se puede establecer una conexión ya que el equipo de destino denegó expresamente dicha conexión in C:\xampp\htdocs\Nuevo_Estilo_Naye\Estilo_Naye_Nails\system\Database\MySQLi\Connection.php:246
Stack trace:
#0 C:\xampp\htdocs\Nuevo_Estilo_Naye\Estilo_Naye_Nails\system\Database\BaseConnection.php(421): CodeIgniter\Database\MySQLi\Connection->connect(false)
#1 C:\xampp\htdocs\Nuevo_Estilo_Naye\Estilo_Naye_Nails\system\Database\BaseConnection.php(620): CodeIgniter\Database\BaseConnection->initialize()
#2 C:\xampp\htdocs\Nuevo_Estilo_Naye\Estilo_Naye_Nails\system\Database\BaseBuilder.php(1649): CodeIgniter\Database\BaseConnection->query('SELECT `estatus...', Array, false)
#3 C:\xampp\htdocs\Nuevo_Estilo_Naye\Estilo_Naye_Nails\system\Model.php(330): CodeIgniter\Database\BaseBuilder->get()
#4 C:\xampp\htdocs\Nuevo_Estilo_Naye\Estilo_Naye_Nails\system\BaseModel.php(713): CodeIgniter\Model->doFirst()
#5 C:\xampp\htdocs\Nuevo_Estilo_Naye\Estilo_Naye_Nails\app\Models\Tabla_usuarios.php(33): CodeIgniter\BaseModel->first()
#6 C:\xampp\htdocs\Nuevo_Estilo_Naye\Estilo_Naye_Nails\app\Controllers\Usuarios\Login.php(58): App\Models\Tabla_usuarios->login('superadmin@esna...', 'e34f92a20532a87...')
#7 C:\xampp\htdocs\Nuevo_Estilo_Naye\Estilo_Naye_Nails\system\CodeIgniter.php(933): App\Controllers\Usuarios\Login->comprobar()
#8 C:\xampp\htdocs\Nuevo_Estilo_Naye\Estilo_Naye_Nails\system\CodeIgniter.php(507): CodeIgniter\CodeIgniter->runController(Object(App\Controllers\Usuarios\Login))
#9 C:\xampp\htdocs\Nuevo_Estilo_Naye\Estilo_Naye_Nails\system\CodeIgniter.php(354): CodeIgniter\CodeIgniter->handleRequest(NULL, Object(Config\Cache), false)
#10 C:\xampp\htdocs\Nuevo_Estilo_Naye\Estilo_Naye_Nails\system\Boot.php(334): CodeIgniter\CodeIgniter->run()
#11 C:\xampp\htdocs\Nuevo_Estilo_Naye\Estilo_Naye_Nails\system\Boot.php(67): CodeIgniter\Boot::runCodeIgniter(Object(CodeIgniter\CodeIgniter))
#12 C:\xampp\htdocs\Nuevo_Estilo_Naye\Estilo_Naye_Nails\public\index.php(56): CodeIgniter\Boot::bootWeb(Object(Config\Paths))
#13 C:\xampp\htdocs\Nuevo_Estilo_Naye\Estilo_Naye_Nails\system\rewrite.php(44): require_once('C:\\xampp\\htdocs...')
#14 {main}
CRITICAL - 2025-03-11 22:33:48 --> CodeIgniter\Database\Exceptions\DatabaseException: Unable to connect to the database.
Main connection [MySQLi]: No se puede establecer una conexión ya que el equipo de destino denegó expresamente dicha conexión
[Method: POST, Route: validar_usuario]
in SYSTEMPATH\Database\BaseConnection.php on line 467.
 1 SYSTEMPATH\Database\BaseConnection.php(620): CodeIgniter\Database\BaseConnection->initialize()
 2 SYSTEMPATH\Database\BaseBuilder.php(1649): CodeIgniter\Database\BaseConnection->query('SELECT `estatus_usuario`, `id_usuario`, `nombre_usuario`, `ap_paterno_usuario`, `ap_materno_usuario`, `sexo_usuario`, `email_usuario`, `imagen_usuario`, `usuarios`.`id_rol` AS `clave_rol`, `rol` AS `nombre_rol`
FROM `usuarios`
JOIN `roles` ON `usuarios`.`id_rol` = `roles`.`id_rol`
WHERE `email_usuario` = :email_usuario:
AND `password_usuario` = :password_usuario:
AND `usuarios`.`eliminacion` IS NULL
 LIMIT 1', [...], false)
 3 SYSTEMPATH\Model.php(330): CodeIgniter\Database\BaseBuilder->get()
 4 SYSTEMPATH\BaseModel.php(713): CodeIgniter\Model->doFirst()
 5 APPPATH\Models\Tabla_usuarios.php(33): CodeIgniter\BaseModel->first()
 6 APPPATH\Controllers\Usuarios\Login.php(58): App\Models\Tabla_usuarios->login('superadmin@esnaye.com', 'e34f92a20532a873cb3184398070b4b82a8fa29cf48572c203dc5f0fa6158231')
 7 SYSTEMPATH\CodeIgniter.php(933): App\Controllers\Usuarios\Login->comprobar()
 8 SYSTEMPATH\CodeIgniter.php(507): CodeIgniter\CodeIgniter->runController(Object(App\Controllers\Usuarios\Login))
 9 SYSTEMPATH\CodeIgniter.php(354): CodeIgniter\CodeIgniter->handleRequest(null, Object(Config\Cache), false)
10 SYSTEMPATH\Boot.php(334): CodeIgniter\CodeIgniter->run()
11 SYSTEMPATH\Boot.php(67): CodeIgniter\Boot::runCodeIgniter(Object(CodeIgniter\CodeIgniter))
12 FCPATH\index.php(56): CodeIgniter\Boot::bootWeb(Object(Config\Paths))
13 SYSTEMPATH\rewrite.php(44): require_once('C:\\xampp\\htdocs\\Nuevo_Estilo_Naye\\Estilo_Naye_Nails\\public\\index.php')
CRITICAL - 2025-03-11 22:48:47 --> ErrorException: Maximum execution time of 60 seconds exceeded
[Method: POST, Route: validar_usuario]
in SYSTEMPATH\Debug\Exceptions.php on line 208.
 1 [internal function]: CodeIgniter\Debug\Exceptions->shutdownHandler()
DEBUG - 2025-03-11 22:48:47 --> Session: Class initialized using 'CodeIgniter\Session\Handlers\FileHandler' driver.
DEBUG - 2025-03-11 22:49:30 --> Session: Class initialized using 'CodeIgniter\Session\Handlers\FileHandler' driver.
DEBUG - 2025-03-11 22:51:16 --> Session: Class initialized using 'CodeIgniter\Session\Handlers\FileHandler' driver.
CRITICAL - 2025-03-11 23:18:40 --> ErrorException: Maximum execution time of 60 seconds exceeded
[Method: POST, Route: validar_usuario]
in SYSTEMPATH\Debug\Exceptions.php on line 208.
 1 [internal function]: CodeIgniter\Debug\Exceptions->shutdownHandler()
DEBUG - 2025-03-11 23:18:40 --> Session: Class initialized using 'CodeIgniter\Session\Handlers\FileHandler' driver.
