DEBUG - 2025-03-12 17:41:41 --> Session: Class initialized using 'CodeIgniter\Session\Handlers\FileHandler' driver.
DEBUG - 2025-03-12 11:43:10 --> Session: Class initialized using 'CodeIgniter\Session\Handlers\FileHandler' driver.
INFO - 2025-03-12 11:43:27 --> Usuario encontrado: Superadmin
DEBUG - 2025-03-12 11:43:27 --> Session: Class initialized using 'CodeIgniter\Session\Handlers\FileHandler' driver.
INFO - 2025-03-12 11:43:27 --> Redirigiendo a dashboard para el rol SUPERADMIN
DEBUG - 2025-03-12 17:43:27 --> Session: Class initialized using 'CodeIgniter\Session\Handlers\FileHandler' driver.
DEBUG - 2025-03-12 17:43:49 --> Session: Class initialized using 'CodeIgniter\Session\Handlers\FileHandler' driver.
DEBUG - 2025-03-12 17:44:00 --> Session: Class initialized using 'CodeIgniter\Session\Handlers\FileHandler' driver.
DEBUG - 2025-03-12 17:44:08 --> Session: Class initialized using 'CodeIgniter\Session\Handlers\FileHandler' driver.
DEBUG - 2025-03-12 18:43:23 --> Session: Class initialized using 'CodeIgniter\Session\Handlers\FileHandler' driver.
DEBUG - 2025-03-12 18:45:03 --> Session: Class initialized using 'CodeIgniter\Session\Handlers\FileHandler' driver.
DEBUG - 2025-03-12 18:45:07 --> Session: Class initialized using 'CodeIgniter\Session\Handlers\FileHandler' driver.
DEBUG - 2025-03-12 19:05:09 --> Session: Class initialized using 'CodeIgniter\Session\Handlers\FileHandler' driver.
DEBUG - 2025-03-12 19:06:13 --> Session: Class initialized using 'CodeIgniter\Session\Handlers\FileHandler' driver.
ERROR - 2025-03-12 13:06:13 --> mysqli_sql_exception: Unknown column 'producto_categoria.id_cita' in 'on clause' in C:\xampp\htdocs\ESTILO_NAYE\system\Database\MySQLi\Connection.php:327
Stack trace:
#0 C:\xampp\htdocs\ESTILO_NAYE\system\Database\MySQLi\Connection.php(327): mysqli->query('SELECT `product...', 0)
#1 C:\xampp\htdocs\ESTILO_NAYE\system\Database\BaseConnection.php(738): CodeIgniter\Database\MySQLi\Connection->execute('SELECT `product...')
#2 C:\xampp\htdocs\ESTILO_NAYE\system\Database\BaseConnection.php(652): CodeIgniter\Database\BaseConnection->simpleQuery('SELECT `product...')
#3 C:\xampp\htdocs\ESTILO_NAYE\system\Database\BaseBuilder.php(1649): CodeIgniter\Database\BaseConnection->query('SELECT `product...', Array, false)
#4 C:\xampp\htdocs\ESTILO_NAYE\system\Model.php(286): CodeIgniter\Database\BaseBuilder->get()
#5 C:\xampp\htdocs\ESTILO_NAYE\system\BaseModel.php(675): CodeIgniter\Model->doFindAll(0, 0)
#6 C:\xampp\htdocs\ESTILO_NAYE\app\Models\Tabla_producto_categoria.php(31): CodeIgniter\BaseModel->findAll()
#7 C:\xampp\htdocs\ESTILO_NAYE\app\Controllers\Panel\Productos_categorias.php(54): App\Models\Tabla_producto_categoria->datatable_producto_categoria()
#8 C:\xampp\htdocs\ESTILO_NAYE\app\Controllers\Panel\Productos_categorias.php(26): App\Controllers\Panel\Productos_categorias->cargar_datos()
#9 C:\xampp\htdocs\ESTILO_NAYE\system\CodeIgniter.php(933): App\Controllers\Panel\Productos_categorias->index()
#10 C:\xampp\htdocs\ESTILO_NAYE\system\CodeIgniter.php(507): CodeIgniter\CodeIgniter->runController(Object(App\Controllers\Panel\Productos_categorias))
#11 C:\xampp\htdocs\ESTILO_NAYE\system\CodeIgniter.php(354): CodeIgniter\CodeIgniter->handleRequest(NULL, Object(Config\Cache), false)
#12 C:\xampp\htdocs\ESTILO_NAYE\system\Boot.php(334): CodeIgniter\CodeIgniter->run()
#13 C:\xampp\htdocs\ESTILO_NAYE\system\Boot.php(67): CodeIgniter\Boot::runCodeIgniter(Object(CodeIgniter\CodeIgniter))
#14 C:\xampp\htdocs\ESTILO_NAYE\public\index.php(56): CodeIgniter\Boot::bootWeb(Object(Config\Paths))
#15 C:\xampp\htdocs\ESTILO_NAYE\system\rewrite.php(44): require_once('C:\\xampp\\htdocs...')
#16 {main}
CRITICAL - 2025-03-12 13:06:13 --> CodeIgniter\Database\Exceptions\DatabaseException: Unknown column 'producto_categoria.id_cita' in 'on clause'
[Method: GET, Route: administracion_productos_categorias]
in SYSTEMPATH\Database\BaseConnection.php on line 692.
 1 SYSTEMPATH\Database\BaseBuilder.php(1649): CodeIgniter\Database\BaseConnection->query('SELECT `productos`.`nombre_producto`, `productos`.`descripcion_producto`, `categorias`.`nombre_categoria`, `categorias`.`descripcion_categoria`
FROM `producto_categoria`
JOIN `categorias` ON `producto_categoria`.`id_cita` = `categorias`.`id_cita`
JOIN `productos` ON `producto_categoria`.`id_producto` = `productos`.`id_producto`
ORDER BY `productos`.`nombre_producto` ASC', [], false)
 2 SYSTEMPATH\Model.php(286): CodeIgniter\Database\BaseBuilder->get()
 3 SYSTEMPATH\BaseModel.php(675): CodeIgniter\Model->doFindAll(0, 0)
 4 APPPATH\Models\Tabla_producto_categoria.php(31): CodeIgniter\BaseModel->findAll()
 5 APPPATH\Controllers\Panel\Productos_categorias.php(54): App\Models\Tabla_producto_categoria->datatable_producto_categoria()
 6 APPPATH\Controllers\Panel\Productos_categorias.php(26): App\Controllers\Panel\Productos_categorias->cargar_datos()
 7 SYSTEMPATH\CodeIgniter.php(933): App\Controllers\Panel\Productos_categorias->index()
 8 SYSTEMPATH\CodeIgniter.php(507): CodeIgniter\CodeIgniter->runController(Object(App\Controllers\Panel\Productos_categorias))
 9 SYSTEMPATH\CodeIgniter.php(354): CodeIgniter\CodeIgniter->handleRequest(null, Object(Config\Cache), false)
10 SYSTEMPATH\Boot.php(334): CodeIgniter\CodeIgniter->run()
11 SYSTEMPATH\Boot.php(67): CodeIgniter\Boot::runCodeIgniter(Object(CodeIgniter\CodeIgniter))
12 FCPATH\index.php(56): CodeIgniter\Boot::bootWeb(Object(Config\Paths))
13 SYSTEMPATH\rewrite.php(44): require_once('C:\\xampp\\htdocs\\ESTILO_NAYE\\public\\index.php')
CRITICAL - 2025-03-12 13:06:13 --> [Caused by] CodeIgniter\Database\Exceptions\DatabaseException: Unknown column 'producto_categoria.id_cita' in 'on clause'
in SYSTEMPATH\Database\MySQLi\Connection.php on line 332.
 1 SYSTEMPATH\Database\BaseConnection.php(738): CodeIgniter\Database\MySQLi\Connection->execute('SELECT `productos`.`nombre_producto`, `productos`.`descripcion_producto`, `categorias`.`nombre_categoria`, `categorias`.`descripcion_categoria`
FROM `producto_categoria`
JOIN `categorias` ON `producto_categoria`.`id_cita` = `categorias`.`id_cita`
JOIN `productos` ON `producto_categoria`.`id_producto` = `productos`.`id_producto`
ORDER BY `productos`.`nombre_producto` ASC')
 2 SYSTEMPATH\Database\BaseConnection.php(652): CodeIgniter\Database\BaseConnection->simpleQuery('SELECT `productos`.`nombre_producto`, `productos`.`descripcion_producto`, `categorias`.`nombre_categoria`, `categorias`.`descripcion_categoria`
FROM `producto_categoria`
JOIN `categorias` ON `producto_categoria`.`id_cita` = `categorias`.`id_cita`
JOIN `productos` ON `producto_categoria`.`id_producto` = `productos`.`id_producto`
ORDER BY `productos`.`nombre_producto` ASC')
 3 SYSTEMPATH\Database\BaseBuilder.php(1649): CodeIgniter\Database\BaseConnection->query('SELECT `productos`.`nombre_producto`, `productos`.`descripcion_producto`, `categorias`.`nombre_categoria`, `categorias`.`descripcion_categoria`
FROM `producto_categoria`
JOIN `categorias` ON `producto_categoria`.`id_cita` = `categorias`.`id_cita`
JOIN `productos` ON `producto_categoria`.`id_producto` = `productos`.`id_producto`
ORDER BY `productos`.`nombre_producto` ASC', [], false)
 4 SYSTEMPATH\Model.php(286): CodeIgniter\Database\BaseBuilder->get()
 5 SYSTEMPATH\BaseModel.php(675): CodeIgniter\Model->doFindAll(0, 0)
 6 APPPATH\Models\Tabla_producto_categoria.php(31): CodeIgniter\BaseModel->findAll()
 7 APPPATH\Controllers\Panel\Productos_categorias.php(54): App\Models\Tabla_producto_categoria->datatable_producto_categoria()
 8 APPPATH\Controllers\Panel\Productos_categorias.php(26): App\Controllers\Panel\Productos_categorias->cargar_datos()
 9 SYSTEMPATH\CodeIgniter.php(933): App\Controllers\Panel\Productos_categorias->index()
10 SYSTEMPATH\CodeIgniter.php(507): CodeIgniter\CodeIgniter->runController(Object(App\Controllers\Panel\Productos_categorias))
11 SYSTEMPATH\CodeIgniter.php(354): CodeIgniter\CodeIgniter->handleRequest(null, Object(Config\Cache), false)
12 SYSTEMPATH\Boot.php(334): CodeIgniter\CodeIgniter->run()
13 SYSTEMPATH\Boot.php(67): CodeIgniter\Boot::runCodeIgniter(Object(CodeIgniter\CodeIgniter))
14 FCPATH\index.php(56): CodeIgniter\Boot::bootWeb(Object(Config\Paths))
15 SYSTEMPATH\rewrite.php(44): require_once('C:\\xampp\\htdocs\\ESTILO_NAYE\\public\\index.php')
CRITICAL - 2025-03-12 13:06:13 --> [Caused by] mysqli_sql_exception: Unknown column 'producto_categoria.id_cita' in 'on clause'
in SYSTEMPATH\Database\MySQLi\Connection.php on line 327.
 1 SYSTEMPATH\Database\MySQLi\Connection.php(327): mysqli->query('SELECT `productos`.`nombre_producto`, `productos`.`descripcion_producto`, `categorias`.`nombre_categoria`, `categorias`.`descripcion_categoria`
FROM `producto_categoria`
JOIN `categorias` ON `producto_categoria`.`id_cita` = `categorias`.`id_cita`
JOIN `productos` ON `producto_categoria`.`id_producto` = `productos`.`id_producto`
ORDER BY `productos`.`nombre_producto` ASC', 0)
 2 SYSTEMPATH\Database\BaseConnection.php(738): CodeIgniter\Database\MySQLi\Connection->execute('SELECT `productos`.`nombre_producto`, `productos`.`descripcion_producto`, `categorias`.`nombre_categoria`, `categorias`.`descripcion_categoria`
FROM `producto_categoria`
JOIN `categorias` ON `producto_categoria`.`id_cita` = `categorias`.`id_cita`
JOIN `productos` ON `producto_categoria`.`id_producto` = `productos`.`id_producto`
ORDER BY `productos`.`nombre_producto` ASC')
 3 SYSTEMPATH\Database\BaseConnection.php(652): CodeIgniter\Database\BaseConnection->simpleQuery('SELECT `productos`.`nombre_producto`, `productos`.`descripcion_producto`, `categorias`.`nombre_categoria`, `categorias`.`descripcion_categoria`
FROM `producto_categoria`
JOIN `categorias` ON `producto_categoria`.`id_cita` = `categorias`.`id_cita`
JOIN `productos` ON `producto_categoria`.`id_producto` = `productos`.`id_producto`
ORDER BY `productos`.`nombre_producto` ASC')
 4 SYSTEMPATH\Database\BaseBuilder.php(1649): CodeIgniter\Database\BaseConnection->query('SELECT `productos`.`nombre_producto`, `productos`.`descripcion_producto`, `categorias`.`nombre_categoria`, `categorias`.`descripcion_categoria`
FROM `producto_categoria`
JOIN `categorias` ON `producto_categoria`.`id_cita` = `categorias`.`id_cita`
JOIN `productos` ON `producto_categoria`.`id_producto` = `productos`.`id_producto`
ORDER BY `productos`.`nombre_producto` ASC', [], false)
 5 SYSTEMPATH\Model.php(286): CodeIgniter\Database\BaseBuilder->get()
 6 SYSTEMPATH\BaseModel.php(675): CodeIgniter\Model->doFindAll(0, 0)
 7 APPPATH\Models\Tabla_producto_categoria.php(31): CodeIgniter\BaseModel->findAll()
 8 APPPATH\Controllers\Panel\Productos_categorias.php(54): App\Models\Tabla_producto_categoria->datatable_producto_categoria()
 9 APPPATH\Controllers\Panel\Productos_categorias.php(26): App\Controllers\Panel\Productos_categorias->cargar_datos()
10 SYSTEMPATH\CodeIgniter.php(933): App\Controllers\Panel\Productos_categorias->index()
11 SYSTEMPATH\CodeIgniter.php(507): CodeIgniter\CodeIgniter->runController(Object(App\Controllers\Panel\Productos_categorias))
12 SYSTEMPATH\CodeIgniter.php(354): CodeIgniter\CodeIgniter->handleRequest(null, Object(Config\Cache), false)
13 SYSTEMPATH\Boot.php(334): CodeIgniter\CodeIgniter->run()
14 SYSTEMPATH\Boot.php(67): CodeIgniter\Boot::runCodeIgniter(Object(CodeIgniter\CodeIgniter))
15 FCPATH\index.php(56): CodeIgniter\Boot::bootWeb(Object(Config\Paths))
16 SYSTEMPATH\rewrite.php(44): require_once('C:\\xampp\\htdocs\\ESTILO_NAYE\\public\\index.php')
DEBUG - 2025-03-12 19:06:40 --> Session: Class initialized using 'CodeIgniter\Session\Handlers\FileHandler' driver.
ERROR - 2025-03-12 13:06:40 --> mysqli_sql_exception: Unknown column 'producto_categoria.id_cita' in 'on clause' in C:\xampp\htdocs\ESTILO_NAYE\system\Database\MySQLi\Connection.php:327
Stack trace:
#0 C:\xampp\htdocs\ESTILO_NAYE\system\Database\MySQLi\Connection.php(327): mysqli->query('SELECT `product...', 0)
#1 C:\xampp\htdocs\ESTILO_NAYE\system\Database\BaseConnection.php(738): CodeIgniter\Database\MySQLi\Connection->execute('SELECT `product...')
#2 C:\xampp\htdocs\ESTILO_NAYE\system\Database\BaseConnection.php(652): CodeIgniter\Database\BaseConnection->simpleQuery('SELECT `product...')
#3 C:\xampp\htdocs\ESTILO_NAYE\system\Database\BaseBuilder.php(1649): CodeIgniter\Database\BaseConnection->query('SELECT `product...', Array, false)
#4 C:\xampp\htdocs\ESTILO_NAYE\system\Model.php(286): CodeIgniter\Database\BaseBuilder->get()
#5 C:\xampp\htdocs\ESTILO_NAYE\system\BaseModel.php(675): CodeIgniter\Model->doFindAll(0, 0)
#6 C:\xampp\htdocs\ESTILO_NAYE\app\Models\Tabla_producto_categoria.php(31): CodeIgniter\BaseModel->findAll()
#7 C:\xampp\htdocs\ESTILO_NAYE\app\Controllers\Panel\Productos_categorias.php(54): App\Models\Tabla_producto_categoria->datatable_producto_categoria()
#8 C:\xampp\htdocs\ESTILO_NAYE\app\Controllers\Panel\Productos_categorias.php(26): App\Controllers\Panel\Productos_categorias->cargar_datos()
#9 C:\xampp\htdocs\ESTILO_NAYE\system\CodeIgniter.php(933): App\Controllers\Panel\Productos_categorias->index()
#10 C:\xampp\htdocs\ESTILO_NAYE\system\CodeIgniter.php(507): CodeIgniter\CodeIgniter->runController(Object(App\Controllers\Panel\Productos_categorias))
#11 C:\xampp\htdocs\ESTILO_NAYE\system\CodeIgniter.php(354): CodeIgniter\CodeIgniter->handleRequest(NULL, Object(Config\Cache), false)
#12 C:\xampp\htdocs\ESTILO_NAYE\system\Boot.php(334): CodeIgniter\CodeIgniter->run()
#13 C:\xampp\htdocs\ESTILO_NAYE\system\Boot.php(67): CodeIgniter\Boot::runCodeIgniter(Object(CodeIgniter\CodeIgniter))
#14 C:\xampp\htdocs\ESTILO_NAYE\public\index.php(56): CodeIgniter\Boot::bootWeb(Object(Config\Paths))
#15 C:\xampp\htdocs\ESTILO_NAYE\system\rewrite.php(44): require_once('C:\\xampp\\htdocs...')
#16 {main}
CRITICAL - 2025-03-12 13:06:40 --> CodeIgniter\Database\Exceptions\DatabaseException: Unknown column 'producto_categoria.id_cita' in 'on clause'
[Method: GET, Route: administracion_productos_categorias]
in SYSTEMPATH\Database\BaseConnection.php on line 692.
 1 SYSTEMPATH\Database\BaseBuilder.php(1649): CodeIgniter\Database\BaseConnection->query('SELECT `productos`.`nombre_producto`, `productos`.`descripcion_producto`, `categorias`.`nombre_categoria`, `categorias`.`descripcion_categoria`
FROM `producto_categoria`
JOIN `categorias` ON `producto_categoria`.`id_cita` = `categorias`.`id_categoria`
JOIN `productos` ON `producto_categoria`.`id_producto` = `productos`.`id_producto`
ORDER BY `productos`.`nombre_producto` ASC', [], false)
 2 SYSTEMPATH\Model.php(286): CodeIgniter\Database\BaseBuilder->get()
 3 SYSTEMPATH\BaseModel.php(675): CodeIgniter\Model->doFindAll(0, 0)
 4 APPPATH\Models\Tabla_producto_categoria.php(31): CodeIgniter\BaseModel->findAll()
 5 APPPATH\Controllers\Panel\Productos_categorias.php(54): App\Models\Tabla_producto_categoria->datatable_producto_categoria()
 6 APPPATH\Controllers\Panel\Productos_categorias.php(26): App\Controllers\Panel\Productos_categorias->cargar_datos()
 7 SYSTEMPATH\CodeIgniter.php(933): App\Controllers\Panel\Productos_categorias->index()
 8 SYSTEMPATH\CodeIgniter.php(507): CodeIgniter\CodeIgniter->runController(Object(App\Controllers\Panel\Productos_categorias))
 9 SYSTEMPATH\CodeIgniter.php(354): CodeIgniter\CodeIgniter->handleRequest(null, Object(Config\Cache), false)
10 SYSTEMPATH\Boot.php(334): CodeIgniter\CodeIgniter->run()
11 SYSTEMPATH\Boot.php(67): CodeIgniter\Boot::runCodeIgniter(Object(CodeIgniter\CodeIgniter))
12 FCPATH\index.php(56): CodeIgniter\Boot::bootWeb(Object(Config\Paths))
13 SYSTEMPATH\rewrite.php(44): require_once('C:\\xampp\\htdocs\\ESTILO_NAYE\\public\\index.php')
CRITICAL - 2025-03-12 13:06:40 --> [Caused by] CodeIgniter\Database\Exceptions\DatabaseException: Unknown column 'producto_categoria.id_cita' in 'on clause'
in SYSTEMPATH\Database\MySQLi\Connection.php on line 332.
 1 SYSTEMPATH\Database\BaseConnection.php(738): CodeIgniter\Database\MySQLi\Connection->execute('SELECT `productos`.`nombre_producto`, `productos`.`descripcion_producto`, `categorias`.`nombre_categoria`, `categorias`.`descripcion_categoria`
FROM `producto_categoria`
JOIN `categorias` ON `producto_categoria`.`id_cita` = `categorias`.`id_categoria`
JOIN `productos` ON `producto_categoria`.`id_producto` = `productos`.`id_producto`
ORDER BY `productos`.`nombre_producto` ASC')
 2 SYSTEMPATH\Database\BaseConnection.php(652): CodeIgniter\Database\BaseConnection->simpleQuery('SELECT `productos`.`nombre_producto`, `productos`.`descripcion_producto`, `categorias`.`nombre_categoria`, `categorias`.`descripcion_categoria`
FROM `producto_categoria`
JOIN `categorias` ON `producto_categoria`.`id_cita` = `categorias`.`id_categoria`
JOIN `productos` ON `producto_categoria`.`id_producto` = `productos`.`id_producto`
ORDER BY `productos`.`nombre_producto` ASC')
 3 SYSTEMPATH\Database\BaseBuilder.php(1649): CodeIgniter\Database\BaseConnection->query('SELECT `productos`.`nombre_producto`, `productos`.`descripcion_producto`, `categorias`.`nombre_categoria`, `categorias`.`descripcion_categoria`
FROM `producto_categoria`
JOIN `categorias` ON `producto_categoria`.`id_cita` = `categorias`.`id_categoria`
JOIN `productos` ON `producto_categoria`.`id_producto` = `productos`.`id_producto`
ORDER BY `productos`.`nombre_producto` ASC', [], false)
 4 SYSTEMPATH\Model.php(286): CodeIgniter\Database\BaseBuilder->get()
 5 SYSTEMPATH\BaseModel.php(675): CodeIgniter\Model->doFindAll(0, 0)
 6 APPPATH\Models\Tabla_producto_categoria.php(31): CodeIgniter\BaseModel->findAll()
 7 APPPATH\Controllers\Panel\Productos_categorias.php(54): App\Models\Tabla_producto_categoria->datatable_producto_categoria()
 8 APPPATH\Controllers\Panel\Productos_categorias.php(26): App\Controllers\Panel\Productos_categorias->cargar_datos()
 9 SYSTEMPATH\CodeIgniter.php(933): App\Controllers\Panel\Productos_categorias->index()
10 SYSTEMPATH\CodeIgniter.php(507): CodeIgniter\CodeIgniter->runController(Object(App\Controllers\Panel\Productos_categorias))
11 SYSTEMPATH\CodeIgniter.php(354): CodeIgniter\CodeIgniter->handleRequest(null, Object(Config\Cache), false)
12 SYSTEMPATH\Boot.php(334): CodeIgniter\CodeIgniter->run()
13 SYSTEMPATH\Boot.php(67): CodeIgniter\Boot::runCodeIgniter(Object(CodeIgniter\CodeIgniter))
14 FCPATH\index.php(56): CodeIgniter\Boot::bootWeb(Object(Config\Paths))
15 SYSTEMPATH\rewrite.php(44): require_once('C:\\xampp\\htdocs\\ESTILO_NAYE\\public\\index.php')
CRITICAL - 2025-03-12 13:06:40 --> [Caused by] mysqli_sql_exception: Unknown column 'producto_categoria.id_cita' in 'on clause'
in SYSTEMPATH\Database\MySQLi\Connection.php on line 327.
 1 SYSTEMPATH\Database\MySQLi\Connection.php(327): mysqli->query('SELECT `productos`.`nombre_producto`, `productos`.`descripcion_producto`, `categorias`.`nombre_categoria`, `categorias`.`descripcion_categoria`
FROM `producto_categoria`
JOIN `categorias` ON `producto_categoria`.`id_cita` = `categorias`.`id_categoria`
JOIN `productos` ON `producto_categoria`.`id_producto` = `productos`.`id_producto`
ORDER BY `productos`.`nombre_producto` ASC', 0)
 2 SYSTEMPATH\Database\BaseConnection.php(738): CodeIgniter\Database\MySQLi\Connection->execute('SELECT `productos`.`nombre_producto`, `productos`.`descripcion_producto`, `categorias`.`nombre_categoria`, `categorias`.`descripcion_categoria`
FROM `producto_categoria`
JOIN `categorias` ON `producto_categoria`.`id_cita` = `categorias`.`id_categoria`
JOIN `productos` ON `producto_categoria`.`id_producto` = `productos`.`id_producto`
ORDER BY `productos`.`nombre_producto` ASC')
 3 SYSTEMPATH\Database\BaseConnection.php(652): CodeIgniter\Database\BaseConnection->simpleQuery('SELECT `productos`.`nombre_producto`, `productos`.`descripcion_producto`, `categorias`.`nombre_categoria`, `categorias`.`descripcion_categoria`
FROM `producto_categoria`
JOIN `categorias` ON `producto_categoria`.`id_cita` = `categorias`.`id_categoria`
JOIN `productos` ON `producto_categoria`.`id_producto` = `productos`.`id_producto`
ORDER BY `productos`.`nombre_producto` ASC')
 4 SYSTEMPATH\Database\BaseBuilder.php(1649): CodeIgniter\Database\BaseConnection->query('SELECT `productos`.`nombre_producto`, `productos`.`descripcion_producto`, `categorias`.`nombre_categoria`, `categorias`.`descripcion_categoria`
FROM `producto_categoria`
JOIN `categorias` ON `producto_categoria`.`id_cita` = `categorias`.`id_categoria`
JOIN `productos` ON `producto_categoria`.`id_producto` = `productos`.`id_producto`
ORDER BY `productos`.`nombre_producto` ASC', [], false)
 5 SYSTEMPATH\Model.php(286): CodeIgniter\Database\BaseBuilder->get()
 6 SYSTEMPATH\BaseModel.php(675): CodeIgniter\Model->doFindAll(0, 0)
 7 APPPATH\Models\Tabla_producto_categoria.php(31): CodeIgniter\BaseModel->findAll()
 8 APPPATH\Controllers\Panel\Productos_categorias.php(54): App\Models\Tabla_producto_categoria->datatable_producto_categoria()
 9 APPPATH\Controllers\Panel\Productos_categorias.php(26): App\Controllers\Panel\Productos_categorias->cargar_datos()
10 SYSTEMPATH\CodeIgniter.php(933): App\Controllers\Panel\Productos_categorias->index()
11 SYSTEMPATH\CodeIgniter.php(507): CodeIgniter\CodeIgniter->runController(Object(App\Controllers\Panel\Productos_categorias))
12 SYSTEMPATH\CodeIgniter.php(354): CodeIgniter\CodeIgniter->handleRequest(null, Object(Config\Cache), false)
13 SYSTEMPATH\Boot.php(334): CodeIgniter\CodeIgniter->run()
14 SYSTEMPATH\Boot.php(67): CodeIgniter\Boot::runCodeIgniter(Object(CodeIgniter\CodeIgniter))
15 FCPATH\index.php(56): CodeIgniter\Boot::bootWeb(Object(Config\Paths))
16 SYSTEMPATH\rewrite.php(44): require_once('C:\\xampp\\htdocs\\ESTILO_NAYE\\public\\index.php')
DEBUG - 2025-03-12 19:06:53 --> Session: Class initialized using 'CodeIgniter\Session\Handlers\FileHandler' driver.
DEBUG - 2025-03-12 19:34:54 --> Session: Class initialized using 'CodeIgniter\Session\Handlers\FileHandler' driver.
ERROR - 2025-03-12 13:34:54 --> mysqli_sql_exception: Column 'eliminacion' in field list is ambiguous in C:\xampp\htdocs\ESTILO_NAYE\system\Database\MySQLi\Connection.php:327
Stack trace:
#0 C:\xampp\htdocs\ESTILO_NAYE\system\Database\MySQLi\Connection.php(327): mysqli->query('SELECT `citas`....', 0)
#1 C:\xampp\htdocs\ESTILO_NAYE\system\Database\BaseConnection.php(738): CodeIgniter\Database\MySQLi\Connection->execute('SELECT `citas`....')
#2 C:\xampp\htdocs\ESTILO_NAYE\system\Database\BaseConnection.php(652): CodeIgniter\Database\BaseConnection->simpleQuery('SELECT `citas`....')
#3 C:\xampp\htdocs\ESTILO_NAYE\system\Database\BaseBuilder.php(1649): CodeIgniter\Database\BaseConnection->query('SELECT `citas`....', Array, false)
#4 C:\xampp\htdocs\ESTILO_NAYE\system\Model.php(286): CodeIgniter\Database\BaseBuilder->get()
#5 C:\xampp\htdocs\ESTILO_NAYE\system\BaseModel.php(675): CodeIgniter\Model->doFindAll(0, 0)
#6 C:\xampp\htdocs\ESTILO_NAYE\app\Models\Tabla_citas.php(37): CodeIgniter\BaseModel->findAll()
#7 C:\xampp\htdocs\ESTILO_NAYE\app\Controllers\Panel\Citas.php(54): App\Models\Tabla_citas->datatable_citas('901')
#8 C:\xampp\htdocs\ESTILO_NAYE\app\Controllers\Panel\Citas.php(26): App\Controllers\Panel\Citas->cargar_datos()
#9 C:\xampp\htdocs\ESTILO_NAYE\system\CodeIgniter.php(933): App\Controllers\Panel\Citas->index()
#10 C:\xampp\htdocs\ESTILO_NAYE\system\CodeIgniter.php(507): CodeIgniter\CodeIgniter->runController(Object(App\Controllers\Panel\Citas))
#11 C:\xampp\htdocs\ESTILO_NAYE\system\CodeIgniter.php(354): CodeIgniter\CodeIgniter->handleRequest(NULL, Object(Config\Cache), false)
#12 C:\xampp\htdocs\ESTILO_NAYE\system\Boot.php(334): CodeIgniter\CodeIgniter->run()
#13 C:\xampp\htdocs\ESTILO_NAYE\system\Boot.php(67): CodeIgniter\Boot::runCodeIgniter(Object(CodeIgniter\CodeIgniter))
#14 C:\xampp\htdocs\ESTILO_NAYE\public\index.php(56): CodeIgniter\Boot::bootWeb(Object(Config\Paths))
#15 C:\xampp\htdocs\ESTILO_NAYE\system\rewrite.php(44): require_once('C:\\xampp\\htdocs...')
#16 {main}
CRITICAL - 2025-03-12 13:34:54 --> CodeIgniter\Database\Exceptions\DatabaseException: Column 'eliminacion' in field list is ambiguous
[Method: GET, Route: administracion_citas]
in SYSTEMPATH\Database\BaseConnection.php on line 692.
 1 SYSTEMPATH\Database\BaseBuilder.php(1649): CodeIgniter\Database\BaseConnection->query('SELECT `citas`.`id_cita`, `citas`.`fecha_cita`, `citas`.`hora_cita`, `citas`.`estado_cita`, `personas`.`nombre`, `personas`.`ap_paterno`, `personas`.`ap_materno`, `servicios`.`nombre_servicio`, `eliminacion`
FROM `citas`
JOIN `personas` ON `citas`.`id_persona` = `personas`.`id_persona`
JOIN `servicios` ON `citas`.`id_servicio` = `servicios`.`id_servicio`
ORDER BY `citas`.`fecha_cita` DESC', [], false)
 2 SYSTEMPATH\Model.php(286): CodeIgniter\Database\BaseBuilder->get()
 3 SYSTEMPATH\BaseModel.php(675): CodeIgniter\Model->doFindAll(0, 0)
 4 APPPATH\Models\Tabla_citas.php(37): CodeIgniter\BaseModel->findAll()
 5 APPPATH\Controllers\Panel\Citas.php(54): App\Models\Tabla_citas->datatable_citas('901')
 6 APPPATH\Controllers\Panel\Citas.php(26): App\Controllers\Panel\Citas->cargar_datos()
 7 SYSTEMPATH\CodeIgniter.php(933): App\Controllers\Panel\Citas->index()
 8 SYSTEMPATH\CodeIgniter.php(507): CodeIgniter\CodeIgniter->runController(Object(App\Controllers\Panel\Citas))
 9 SYSTEMPATH\CodeIgniter.php(354): CodeIgniter\CodeIgniter->handleRequest(null, Object(Config\Cache), false)
10 SYSTEMPATH\Boot.php(334): CodeIgniter\CodeIgniter->run()
11 SYSTEMPATH\Boot.php(67): CodeIgniter\Boot::runCodeIgniter(Object(CodeIgniter\CodeIgniter))
12 FCPATH\index.php(56): CodeIgniter\Boot::bootWeb(Object(Config\Paths))
13 SYSTEMPATH\rewrite.php(44): require_once('C:\\xampp\\htdocs\\ESTILO_NAYE\\public\\index.php')
CRITICAL - 2025-03-12 13:34:54 --> [Caused by] CodeIgniter\Database\Exceptions\DatabaseException: Column 'eliminacion' in field list is ambiguous
in SYSTEMPATH\Database\MySQLi\Connection.php on line 332.
 1 SYSTEMPATH\Database\BaseConnection.php(738): CodeIgniter\Database\MySQLi\Connection->execute('SELECT `citas`.`id_cita`, `citas`.`fecha_cita`, `citas`.`hora_cita`, `citas`.`estado_cita`, `personas`.`nombre`, `personas`.`ap_paterno`, `personas`.`ap_materno`, `servicios`.`nombre_servicio`, `eliminacion`
FROM `citas`
JOIN `personas` ON `citas`.`id_persona` = `personas`.`id_persona`
JOIN `servicios` ON `citas`.`id_servicio` = `servicios`.`id_servicio`
ORDER BY `citas`.`fecha_cita` DESC')
 2 SYSTEMPATH\Database\BaseConnection.php(652): CodeIgniter\Database\BaseConnection->simpleQuery('SELECT `citas`.`id_cita`, `citas`.`fecha_cita`, `citas`.`hora_cita`, `citas`.`estado_cita`, `personas`.`nombre`, `personas`.`ap_paterno`, `personas`.`ap_materno`, `servicios`.`nombre_servicio`, `eliminacion`
FROM `citas`
JOIN `personas` ON `citas`.`id_persona` = `personas`.`id_persona`
JOIN `servicios` ON `citas`.`id_servicio` = `servicios`.`id_servicio`
ORDER BY `citas`.`fecha_cita` DESC')
 3 SYSTEMPATH\Database\BaseBuilder.php(1649): CodeIgniter\Database\BaseConnection->query('SELECT `citas`.`id_cita`, `citas`.`fecha_cita`, `citas`.`hora_cita`, `citas`.`estado_cita`, `personas`.`nombre`, `personas`.`ap_paterno`, `personas`.`ap_materno`, `servicios`.`nombre_servicio`, `eliminacion`
FROM `citas`
JOIN `personas` ON `citas`.`id_persona` = `personas`.`id_persona`
JOIN `servicios` ON `citas`.`id_servicio` = `servicios`.`id_servicio`
ORDER BY `citas`.`fecha_cita` DESC', [], false)
 4 SYSTEMPATH\Model.php(286): CodeIgniter\Database\BaseBuilder->get()
 5 SYSTEMPATH\BaseModel.php(675): CodeIgniter\Model->doFindAll(0, 0)
 6 APPPATH\Models\Tabla_citas.php(37): CodeIgniter\BaseModel->findAll()
 7 APPPATH\Controllers\Panel\Citas.php(54): App\Models\Tabla_citas->datatable_citas('901')
 8 APPPATH\Controllers\Panel\Citas.php(26): App\Controllers\Panel\Citas->cargar_datos()
 9 SYSTEMPATH\CodeIgniter.php(933): App\Controllers\Panel\Citas->index()
10 SYSTEMPATH\CodeIgniter.php(507): CodeIgniter\CodeIgniter->runController(Object(App\Controllers\Panel\Citas))
11 SYSTEMPATH\CodeIgniter.php(354): CodeIgniter\CodeIgniter->handleRequest(null, Object(Config\Cache), false)
12 SYSTEMPATH\Boot.php(334): CodeIgniter\CodeIgniter->run()
13 SYSTEMPATH\Boot.php(67): CodeIgniter\Boot::runCodeIgniter(Object(CodeIgniter\CodeIgniter))
14 FCPATH\index.php(56): CodeIgniter\Boot::bootWeb(Object(Config\Paths))
15 SYSTEMPATH\rewrite.php(44): require_once('C:\\xampp\\htdocs\\ESTILO_NAYE\\public\\index.php')
CRITICAL - 2025-03-12 13:34:54 --> [Caused by] mysqli_sql_exception: Column 'eliminacion' in field list is ambiguous
in SYSTEMPATH\Database\MySQLi\Connection.php on line 327.
 1 SYSTEMPATH\Database\MySQLi\Connection.php(327): mysqli->query('SELECT `citas`.`id_cita`, `citas`.`fecha_cita`, `citas`.`hora_cita`, `citas`.`estado_cita`, `personas`.`nombre`, `personas`.`ap_paterno`, `personas`.`ap_materno`, `servicios`.`nombre_servicio`, `eliminacion`
FROM `citas`
JOIN `personas` ON `citas`.`id_persona` = `personas`.`id_persona`
JOIN `servicios` ON `citas`.`id_servicio` = `servicios`.`id_servicio`
ORDER BY `citas`.`fecha_cita` DESC', 0)
 2 SYSTEMPATH\Database\BaseConnection.php(738): CodeIgniter\Database\MySQLi\Connection->execute('SELECT `citas`.`id_cita`, `citas`.`fecha_cita`, `citas`.`hora_cita`, `citas`.`estado_cita`, `personas`.`nombre`, `personas`.`ap_paterno`, `personas`.`ap_materno`, `servicios`.`nombre_servicio`, `eliminacion`
FROM `citas`
JOIN `personas` ON `citas`.`id_persona` = `personas`.`id_persona`
JOIN `servicios` ON `citas`.`id_servicio` = `servicios`.`id_servicio`
ORDER BY `citas`.`fecha_cita` DESC')
 3 SYSTEMPATH\Database\BaseConnection.php(652): CodeIgniter\Database\BaseConnection->simpleQuery('SELECT `citas`.`id_cita`, `citas`.`fecha_cita`, `citas`.`hora_cita`, `citas`.`estado_cita`, `personas`.`nombre`, `personas`.`ap_paterno`, `personas`.`ap_materno`, `servicios`.`nombre_servicio`, `eliminacion`
FROM `citas`
JOIN `personas` ON `citas`.`id_persona` = `personas`.`id_persona`
JOIN `servicios` ON `citas`.`id_servicio` = `servicios`.`id_servicio`
ORDER BY `citas`.`fecha_cita` DESC')
 4 SYSTEMPATH\Database\BaseBuilder.php(1649): CodeIgniter\Database\BaseConnection->query('SELECT `citas`.`id_cita`, `citas`.`fecha_cita`, `citas`.`hora_cita`, `citas`.`estado_cita`, `personas`.`nombre`, `personas`.`ap_paterno`, `personas`.`ap_materno`, `servicios`.`nombre_servicio`, `eliminacion`
FROM `citas`
JOIN `personas` ON `citas`.`id_persona` = `personas`.`id_persona`
JOIN `servicios` ON `citas`.`id_servicio` = `servicios`.`id_servicio`
ORDER BY `citas`.`fecha_cita` DESC', [], false)
 5 SYSTEMPATH\Model.php(286): CodeIgniter\Database\BaseBuilder->get()
 6 SYSTEMPATH\BaseModel.php(675): CodeIgniter\Model->doFindAll(0, 0)
 7 APPPATH\Models\Tabla_citas.php(37): CodeIgniter\BaseModel->findAll()
 8 APPPATH\Controllers\Panel\Citas.php(54): App\Models\Tabla_citas->datatable_citas('901')
 9 APPPATH\Controllers\Panel\Citas.php(26): App\Controllers\Panel\Citas->cargar_datos()
10 SYSTEMPATH\CodeIgniter.php(933): App\Controllers\Panel\Citas->index()
11 SYSTEMPATH\CodeIgniter.php(507): CodeIgniter\CodeIgniter->runController(Object(App\Controllers\Panel\Citas))
12 SYSTEMPATH\CodeIgniter.php(354): CodeIgniter\CodeIgniter->handleRequest(null, Object(Config\Cache), false)
13 SYSTEMPATH\Boot.php(334): CodeIgniter\CodeIgniter->run()
14 SYSTEMPATH\Boot.php(67): CodeIgniter\Boot::runCodeIgniter(Object(CodeIgniter\CodeIgniter))
15 FCPATH\index.php(56): CodeIgniter\Boot::bootWeb(Object(Config\Paths))
16 SYSTEMPATH\rewrite.php(44): require_once('C:\\xampp\\htdocs\\ESTILO_NAYE\\public\\index.php')
DEBUG - 2025-03-12 19:35:12 --> Session: Class initialized using 'CodeIgniter\Session\Handlers\FileHandler' driver.
ERROR - 2025-03-12 13:35:12 --> mysqli_sql_exception: Column 'eliminacion' in field list is ambiguous in C:\xampp\htdocs\ESTILO_NAYE\system\Database\MySQLi\Connection.php:327
Stack trace:
#0 C:\xampp\htdocs\ESTILO_NAYE\system\Database\MySQLi\Connection.php(327): mysqli->query('SELECT `citas`....', 0)
#1 C:\xampp\htdocs\ESTILO_NAYE\system\Database\BaseConnection.php(738): CodeIgniter\Database\MySQLi\Connection->execute('SELECT `citas`....')
#2 C:\xampp\htdocs\ESTILO_NAYE\system\Database\BaseConnection.php(652): CodeIgniter\Database\BaseConnection->simpleQuery('SELECT `citas`....')
#3 C:\xampp\htdocs\ESTILO_NAYE\system\Database\BaseBuilder.php(1649): CodeIgniter\Database\BaseConnection->query('SELECT `citas`....', Array, false)
#4 C:\xampp\htdocs\ESTILO_NAYE\system\Model.php(286): CodeIgniter\Database\BaseBuilder->get()
#5 C:\xampp\htdocs\ESTILO_NAYE\system\BaseModel.php(675): CodeIgniter\Model->doFindAll(0, 0)
#6 C:\xampp\htdocs\ESTILO_NAYE\app\Models\Tabla_citas.php(38): CodeIgniter\BaseModel->findAll()
#7 C:\xampp\htdocs\ESTILO_NAYE\app\Controllers\Panel\Citas.php(54): App\Models\Tabla_citas->datatable_citas('901')
#8 C:\xampp\htdocs\ESTILO_NAYE\app\Controllers\Panel\Citas.php(26): App\Controllers\Panel\Citas->cargar_datos()
#9 C:\xampp\htdocs\ESTILO_NAYE\system\CodeIgniter.php(933): App\Controllers\Panel\Citas->index()
#10 C:\xampp\htdocs\ESTILO_NAYE\system\CodeIgniter.php(507): CodeIgniter\CodeIgniter->runController(Object(App\Controllers\Panel\Citas))
#11 C:\xampp\htdocs\ESTILO_NAYE\system\CodeIgniter.php(354): CodeIgniter\CodeIgniter->handleRequest(NULL, Object(Config\Cache), false)
#12 C:\xampp\htdocs\ESTILO_NAYE\system\Boot.php(334): CodeIgniter\CodeIgniter->run()
#13 C:\xampp\htdocs\ESTILO_NAYE\system\Boot.php(67): CodeIgniter\Boot::runCodeIgniter(Object(CodeIgniter\CodeIgniter))
#14 C:\xampp\htdocs\ESTILO_NAYE\public\index.php(56): CodeIgniter\Boot::bootWeb(Object(Config\Paths))
#15 C:\xampp\htdocs\ESTILO_NAYE\system\rewrite.php(44): require_once('C:\\xampp\\htdocs...')
#16 {main}
CRITICAL - 2025-03-12 13:35:12 --> CodeIgniter\Database\Exceptions\DatabaseException: Column 'eliminacion' in field list is ambiguous
[Method: GET, Route: administracion_citas]
in SYSTEMPATH\Database\BaseConnection.php on line 692.
 1 SYSTEMPATH\Database\BaseBuilder.php(1649): CodeIgniter\Database\BaseConnection->query('SELECT `citas`.`id_cita`, `citas`.`fecha_cita`, `citas`.`hora_cita`, `citas`.`estado_cita`, `personas`.`nombre`, `personas`.`ap_paterno`, `personas`.`ap_materno`, `servicios`.`nombre_servicio`, `eliminacion`
FROM `citas`
JOIN `personas` ON `citas`.`id_persona` = `personas`.`id_persona`
JOIN `servicios` ON `citas`.`id_servicio` = `servicios`.`id_servicio`
ORDER BY `citas`.`fecha_cita` DESC', [], false)
 2 SYSTEMPATH\Model.php(286): CodeIgniter\Database\BaseBuilder->get()
 3 SYSTEMPATH\BaseModel.php(675): CodeIgniter\Model->doFindAll(0, 0)
 4 APPPATH\Models\Tabla_citas.php(38): CodeIgniter\BaseModel->findAll()
 5 APPPATH\Controllers\Panel\Citas.php(54): App\Models\Tabla_citas->datatable_citas('901')
 6 APPPATH\Controllers\Panel\Citas.php(26): App\Controllers\Panel\Citas->cargar_datos()
 7 SYSTEMPATH\CodeIgniter.php(933): App\Controllers\Panel\Citas->index()
 8 SYSTEMPATH\CodeIgniter.php(507): CodeIgniter\CodeIgniter->runController(Object(App\Controllers\Panel\Citas))
 9 SYSTEMPATH\CodeIgniter.php(354): CodeIgniter\CodeIgniter->handleRequest(null, Object(Config\Cache), false)
10 SYSTEMPATH\Boot.php(334): CodeIgniter\CodeIgniter->run()
11 SYSTEMPATH\Boot.php(67): CodeIgniter\Boot::runCodeIgniter(Object(CodeIgniter\CodeIgniter))
12 FCPATH\index.php(56): CodeIgniter\Boot::bootWeb(Object(Config\Paths))
13 SYSTEMPATH\rewrite.php(44): require_once('C:\\xampp\\htdocs\\ESTILO_NAYE\\public\\index.php')
CRITICAL - 2025-03-12 13:35:12 --> [Caused by] CodeIgniter\Database\Exceptions\DatabaseException: Column 'eliminacion' in field list is ambiguous
in SYSTEMPATH\Database\MySQLi\Connection.php on line 332.
 1 SYSTEMPATH\Database\BaseConnection.php(738): CodeIgniter\Database\MySQLi\Connection->execute('SELECT `citas`.`id_cita`, `citas`.`fecha_cita`, `citas`.`hora_cita`, `citas`.`estado_cita`, `personas`.`nombre`, `personas`.`ap_paterno`, `personas`.`ap_materno`, `servicios`.`nombre_servicio`, `eliminacion`
FROM `citas`
JOIN `personas` ON `citas`.`id_persona` = `personas`.`id_persona`
JOIN `servicios` ON `citas`.`id_servicio` = `servicios`.`id_servicio`
ORDER BY `citas`.`fecha_cita` DESC')
 2 SYSTEMPATH\Database\BaseConnection.php(652): CodeIgniter\Database\BaseConnection->simpleQuery('SELECT `citas`.`id_cita`, `citas`.`fecha_cita`, `citas`.`hora_cita`, `citas`.`estado_cita`, `personas`.`nombre`, `personas`.`ap_paterno`, `personas`.`ap_materno`, `servicios`.`nombre_servicio`, `eliminacion`
FROM `citas`
JOIN `personas` ON `citas`.`id_persona` = `personas`.`id_persona`
JOIN `servicios` ON `citas`.`id_servicio` = `servicios`.`id_servicio`
ORDER BY `citas`.`fecha_cita` DESC')
 3 SYSTEMPATH\Database\BaseBuilder.php(1649): CodeIgniter\Database\BaseConnection->query('SELECT `citas`.`id_cita`, `citas`.`fecha_cita`, `citas`.`hora_cita`, `citas`.`estado_cita`, `personas`.`nombre`, `personas`.`ap_paterno`, `personas`.`ap_materno`, `servicios`.`nombre_servicio`, `eliminacion`
FROM `citas`
JOIN `personas` ON `citas`.`id_persona` = `personas`.`id_persona`
JOIN `servicios` ON `citas`.`id_servicio` = `servicios`.`id_servicio`
ORDER BY `citas`.`fecha_cita` DESC', [], false)
 4 SYSTEMPATH\Model.php(286): CodeIgniter\Database\BaseBuilder->get()
 5 SYSTEMPATH\BaseModel.php(675): CodeIgniter\Model->doFindAll(0, 0)
 6 APPPATH\Models\Tabla_citas.php(38): CodeIgniter\BaseModel->findAll()
 7 APPPATH\Controllers\Panel\Citas.php(54): App\Models\Tabla_citas->datatable_citas('901')
 8 APPPATH\Controllers\Panel\Citas.php(26): App\Controllers\Panel\Citas->cargar_datos()
 9 SYSTEMPATH\CodeIgniter.php(933): App\Controllers\Panel\Citas->index()
10 SYSTEMPATH\CodeIgniter.php(507): CodeIgniter\CodeIgniter->runController(Object(App\Controllers\Panel\Citas))
11 SYSTEMPATH\CodeIgniter.php(354): CodeIgniter\CodeIgniter->handleRequest(null, Object(Config\Cache), false)
12 SYSTEMPATH\Boot.php(334): CodeIgniter\CodeIgniter->run()
13 SYSTEMPATH\Boot.php(67): CodeIgniter\Boot::runCodeIgniter(Object(CodeIgniter\CodeIgniter))
14 FCPATH\index.php(56): CodeIgniter\Boot::bootWeb(Object(Config\Paths))
15 SYSTEMPATH\rewrite.php(44): require_once('C:\\xampp\\htdocs\\ESTILO_NAYE\\public\\index.php')
CRITICAL - 2025-03-12 13:35:12 --> [Caused by] mysqli_sql_exception: Column 'eliminacion' in field list is ambiguous
in SYSTEMPATH\Database\MySQLi\Connection.php on line 327.
 1 SYSTEMPATH\Database\MySQLi\Connection.php(327): mysqli->query('SELECT `citas`.`id_cita`, `citas`.`fecha_cita`, `citas`.`hora_cita`, `citas`.`estado_cita`, `personas`.`nombre`, `personas`.`ap_paterno`, `personas`.`ap_materno`, `servicios`.`nombre_servicio`, `eliminacion`
FROM `citas`
JOIN `personas` ON `citas`.`id_persona` = `personas`.`id_persona`
JOIN `servicios` ON `citas`.`id_servicio` = `servicios`.`id_servicio`
ORDER BY `citas`.`fecha_cita` DESC', 0)
 2 SYSTEMPATH\Database\BaseConnection.php(738): CodeIgniter\Database\MySQLi\Connection->execute('SELECT `citas`.`id_cita`, `citas`.`fecha_cita`, `citas`.`hora_cita`, `citas`.`estado_cita`, `personas`.`nombre`, `personas`.`ap_paterno`, `personas`.`ap_materno`, `servicios`.`nombre_servicio`, `eliminacion`
FROM `citas`
JOIN `personas` ON `citas`.`id_persona` = `personas`.`id_persona`
JOIN `servicios` ON `citas`.`id_servicio` = `servicios`.`id_servicio`
ORDER BY `citas`.`fecha_cita` DESC')
 3 SYSTEMPATH\Database\BaseConnection.php(652): CodeIgniter\Database\BaseConnection->simpleQuery('SELECT `citas`.`id_cita`, `citas`.`fecha_cita`, `citas`.`hora_cita`, `citas`.`estado_cita`, `personas`.`nombre`, `personas`.`ap_paterno`, `personas`.`ap_materno`, `servicios`.`nombre_servicio`, `eliminacion`
FROM `citas`
JOIN `personas` ON `citas`.`id_persona` = `personas`.`id_persona`
JOIN `servicios` ON `citas`.`id_servicio` = `servicios`.`id_servicio`
ORDER BY `citas`.`fecha_cita` DESC')
 4 SYSTEMPATH\Database\BaseBuilder.php(1649): CodeIgniter\Database\BaseConnection->query('SELECT `citas`.`id_cita`, `citas`.`fecha_cita`, `citas`.`hora_cita`, `citas`.`estado_cita`, `personas`.`nombre`, `personas`.`ap_paterno`, `personas`.`ap_materno`, `servicios`.`nombre_servicio`, `eliminacion`
FROM `citas`
JOIN `personas` ON `citas`.`id_persona` = `personas`.`id_persona`
JOIN `servicios` ON `citas`.`id_servicio` = `servicios`.`id_servicio`
ORDER BY `citas`.`fecha_cita` DESC', [], false)
 5 SYSTEMPATH\Model.php(286): CodeIgniter\Database\BaseBuilder->get()
 6 SYSTEMPATH\BaseModel.php(675): CodeIgniter\Model->doFindAll(0, 0)
 7 APPPATH\Models\Tabla_citas.php(38): CodeIgniter\BaseModel->findAll()
 8 APPPATH\Controllers\Panel\Citas.php(54): App\Models\Tabla_citas->datatable_citas('901')
 9 APPPATH\Controllers\Panel\Citas.php(26): App\Controllers\Panel\Citas->cargar_datos()
10 SYSTEMPATH\CodeIgniter.php(933): App\Controllers\Panel\Citas->index()
11 SYSTEMPATH\CodeIgniter.php(507): CodeIgniter\CodeIgniter->runController(Object(App\Controllers\Panel\Citas))
12 SYSTEMPATH\CodeIgniter.php(354): CodeIgniter\CodeIgniter->handleRequest(null, Object(Config\Cache), false)
13 SYSTEMPATH\Boot.php(334): CodeIgniter\CodeIgniter->run()
14 SYSTEMPATH\Boot.php(67): CodeIgniter\Boot::runCodeIgniter(Object(CodeIgniter\CodeIgniter))
15 FCPATH\index.php(56): CodeIgniter\Boot::bootWeb(Object(Config\Paths))
16 SYSTEMPATH\rewrite.php(44): require_once('C:\\xampp\\htdocs\\ESTILO_NAYE\\public\\index.php')
DEBUG - 2025-03-12 19:35:47 --> Session: Class initialized using 'CodeIgniter\Session\Handlers\FileHandler' driver.
DEBUG - 2025-03-12 19:39:38 --> Session: Class initialized using 'CodeIgniter\Session\Handlers\FileHandler' driver.
DEBUG - 2025-03-12 19:40:00 --> Session: Class initialized using 'CodeIgniter\Session\Handlers\FileHandler' driver.
DEBUG - 2025-03-12 19:40:21 --> Session: Class initialized using 'CodeIgniter\Session\Handlers\FileHandler' driver.
DEBUG - 2025-03-12 19:40:55 --> Session: Class initialized using 'CodeIgniter\Session\Handlers\FileHandler' driver.
DEBUG - 2025-03-12 19:41:06 --> Session: Class initialized using 'CodeIgniter\Session\Handlers\FileHandler' driver.
DEBUG - 2025-03-12 19:41:34 --> Session: Class initialized using 'CodeIgniter\Session\Handlers\FileHandler' driver.
DEBUG - 2025-03-12 19:42:12 --> Session: Class initialized using 'CodeIgniter\Session\Handlers\FileHandler' driver.
DEBUG - 2025-03-12 19:50:29 --> Session: Class initialized using 'CodeIgniter\Session\Handlers\FileHandler' driver.
DEBUG - 2025-03-12 19:50:31 --> Session: Class initialized using 'CodeIgniter\Session\Handlers\FileHandler' driver.
DEBUG - 2025-03-12 19:51:34 --> Session: Class initialized using 'CodeIgniter\Session\Handlers\FileHandler' driver.
DEBUG - 2025-03-12 19:51:36 --> Session: Class initialized using 'CodeIgniter\Session\Handlers\FileHandler' driver.
DEBUG - 2025-03-12 13:51:42 --> Session: Class initialized using 'CodeIgniter\Session\Handlers\FileHandler' driver.
DEBUG - 2025-03-12 19:51:42 --> Session: Class initialized using 'CodeIgniter\Session\Handlers\FileHandler' driver.
DEBUG - 2025-03-12 19:52:19 --> Session: Class initialized using 'CodeIgniter\Session\Handlers\FileHandler' driver.
DEBUG - 2025-03-12 19:52:21 --> Session: Class initialized using 'CodeIgniter\Session\Handlers\FileHandler' driver.
DEBUG - 2025-03-12 19:54:07 --> Session: Class initialized using 'CodeIgniter\Session\Handlers\FileHandler' driver.
DEBUG - 2025-03-12 19:55:09 --> Session: Class initialized using 'CodeIgniter\Session\Handlers\FileHandler' driver.
DEBUG - 2025-03-12 20:06:01 --> Session: Class initialized using 'CodeIgniter\Session\Handlers\FileHandler' driver.
DEBUG - 2025-03-12 20:07:03 --> Session: Class initialized using 'CodeIgniter\Session\Handlers\FileHandler' driver.
DEBUG - 2025-03-12 20:07:03 --> Session: Class initialized using 'CodeIgniter\Session\Handlers\FileHandler' driver.
DEBUG - 2025-03-12 20:09:43 --> Session: Class initialized using 'CodeIgniter\Session\Handlers\FileHandler' driver.
DEBUG - 2025-03-12 20:09:46 --> Session: Class initialized using 'CodeIgniter\Session\Handlers\FileHandler' driver.
DEBUG - 2025-03-12 20:10:15 --> Session: Class initialized using 'CodeIgniter\Session\Handlers\FileHandler' driver.
DEBUG - 2025-03-12 20:10:18 --> Session: Class initialized using 'CodeIgniter\Session\Handlers\FileHandler' driver.
DEBUG - 2025-03-12 20:10:22 --> Session: Class initialized using 'CodeIgniter\Session\Handlers\FileHandler' driver.
DEBUG - 2025-03-12 20:10:26 --> Session: Class initialized using 'CodeIgniter\Session\Handlers\FileHandler' driver.
DEBUG - 2025-03-12 20:10:35 --> Session: Class initialized using 'CodeIgniter\Session\Handlers\FileHandler' driver.
DEBUG - 2025-03-12 20:10:43 --> Session: Class initialized using 'CodeIgniter\Session\Handlers\FileHandler' driver.
DEBUG - 2025-03-12 20:10:47 --> Session: Class initialized using 'CodeIgniter\Session\Handlers\FileHandler' driver.
DEBUG - 2025-03-12 20:10:55 --> Session: Class initialized using 'CodeIgniter\Session\Handlers\FileHandler' driver.
DEBUG - 2025-03-12 20:11:57 --> Session: Class initialized using 'CodeIgniter\Session\Handlers\FileHandler' driver.
DEBUG - 2025-03-12 20:12:00 --> Session: Class initialized using 'CodeIgniter\Session\Handlers\FileHandler' driver.
DEBUG - 2025-03-12 20:12:02 --> Session: Class initialized using 'CodeIgniter\Session\Handlers\FileHandler' driver.
DEBUG - 2025-03-12 20:12:06 --> Session: Class initialized using 'CodeIgniter\Session\Handlers\FileHandler' driver.
DEBUG - 2025-03-12 20:12:16 --> Session: Class initialized using 'CodeIgniter\Session\Handlers\FileHandler' driver.
DEBUG - 2025-03-12 20:13:58 --> Session: Class initialized using 'CodeIgniter\Session\Handlers\FileHandler' driver.
DEBUG - 2025-03-12 20:14:47 --> Session: Class initialized using 'CodeIgniter\Session\Handlers\FileHandler' driver.
DEBUG - 2025-03-12 20:15:46 --> Session: Class initialized using 'CodeIgniter\Session\Handlers\FileHandler' driver.
DEBUG - 2025-03-12 20:24:21 --> Session: Class initialized using 'CodeIgniter\Session\Handlers\FileHandler' driver.
DEBUG - 2025-03-12 20:46:55 --> Session: Class initialized using 'CodeIgniter\Session\Handlers\FileHandler' driver.
DEBUG - 2025-03-12 20:46:59 --> Session: Class initialized using 'CodeIgniter\Session\Handlers\FileHandler' driver.
CRITICAL - 2025-03-12 14:46:59 --> CodeIgniter\View\Exceptions\ViewException: Invalid file: "panel/detalles_servicio.php"
[Method: GET, Route: detalles_servicio/9]
in SYSTEMPATH\Exceptions\FrameworkException.php on line 39.
 1 SYSTEMPATH\View\View.php(212): CodeIgniter\Exceptions\FrameworkException::forInvalidFile('panel/detalles_servicio.php')
 2 SYSTEMPATH\Common.php(1173): CodeIgniter\View\View->render('panel/detalles_servicio', [], true)
 3 APPPATH\Controllers\Panel\Servicio_detalles.php(83): view('panel/detalles_servicio', [...])
 4 APPPATH\Controllers\Panel\Servicio_detalles.php(34): App\Controllers\Panel\Servicio_detalles->crear_vista('panel/detalles_servicio', [...])
 5 SYSTEMPATH\CodeIgniter.php(933): App\Controllers\Panel\Servicio_detalles->index('9')
 6 SYSTEMPATH\CodeIgniter.php(507): CodeIgniter\CodeIgniter->runController(Object(App\Controllers\Panel\Servicio_detalles))
 7 SYSTEMPATH\CodeIgniter.php(354): CodeIgniter\CodeIgniter->handleRequest(null, Object(Config\Cache), false)
 8 SYSTEMPATH\Boot.php(334): CodeIgniter\CodeIgniter->run()
 9 SYSTEMPATH\Boot.php(67): CodeIgniter\Boot::runCodeIgniter(Object(CodeIgniter\CodeIgniter))
10 FCPATH\index.php(56): CodeIgniter\Boot::bootWeb(Object(Config\Paths))
11 SYSTEMPATH\rewrite.php(44): require_once('C:\\xampp\\htdocs\\ESTILO_NAYE\\public\\index.php')
DEBUG - 2025-03-12 20:47:23 --> Session: Class initialized using 'CodeIgniter\Session\Handlers\FileHandler' driver.
CRITICAL - 2025-03-12 14:47:23 --> ErrorException: Undefined property: stdClass::$descripcion
[Method: GET, Route: detalles_servicio/9]
in APPPATH\Views\panel\servicio_detalles.php on line 51.
 1 APPPATH\Views\panel\servicio_detalles.php(51): CodeIgniter\Debug\Exceptions->errorHandler(2, 'Undefined property: stdClass::$descripcion', 'C:\\xampp\\htdocs\\ESTILO_NAYE\\app\\Views\\panel\\servicio_detalles.php', 51)
 2 SYSTEMPATH\View\View.php(224): include('C:\\xampp\\htdocs\\ESTILO_NAYE\\app\\Views\\panel\\servicio_detalles.php')
 3 SYSTEMPATH\View\View.php(227): CodeIgniter\View\View->CodeIgniter\View\{closure}()
 4 SYSTEMPATH\Common.php(1173): CodeIgniter\View\View->render('panel/servicio_detalles', [], true)
 5 APPPATH\Controllers\Panel\Servicio_detalles.php(83): view('panel/servicio_detalles', [...])
 6 APPPATH\Controllers\Panel\Servicio_detalles.php(34): App\Controllers\Panel\Servicio_detalles->crear_vista('panel/servicio_detalles', [...])
 7 SYSTEMPATH\CodeIgniter.php(933): App\Controllers\Panel\Servicio_detalles->index('9')
 8 SYSTEMPATH\CodeIgniter.php(507): CodeIgniter\CodeIgniter->runController(Object(App\Controllers\Panel\Servicio_detalles))
 9 SYSTEMPATH\CodeIgniter.php(354): CodeIgniter\CodeIgniter->handleRequest(null, Object(Config\Cache), false)
10 SYSTEMPATH\Boot.php(334): CodeIgniter\CodeIgniter->run()
11 SYSTEMPATH\Boot.php(67): CodeIgniter\Boot::runCodeIgniter(Object(CodeIgniter\CodeIgniter))
12 FCPATH\index.php(56): CodeIgniter\Boot::bootWeb(Object(Config\Paths))
13 SYSTEMPATH\rewrite.php(44): require_once('C:\\xampp\\htdocs\\ESTILO_NAYE\\public\\index.php')
DEBUG - 2025-03-12 20:47:46 --> Session: Class initialized using 'CodeIgniter\Session\Handlers\FileHandler' driver.
CRITICAL - 2025-03-12 14:47:46 --> ErrorException: Undefined property: stdClass::$precio_servicio
[Method: GET, Route: detalles_servicio/9]
in APPPATH\Views\panel\servicio_detalles.php on line 73.
 1 APPPATH\Views\panel\servicio_detalles.php(73): CodeIgniter\Debug\Exceptions->errorHandler(2, 'Undefined property: stdClass::$precio_servicio', 'C:\\xampp\\htdocs\\ESTILO_NAYE\\app\\Views\\panel\\servicio_detalles.php', 73)
 2 SYSTEMPATH\View\View.php(224): include('C:\\xampp\\htdocs\\ESTILO_NAYE\\app\\Views\\panel\\servicio_detalles.php')
 3 SYSTEMPATH\View\View.php(227): CodeIgniter\View\View->CodeIgniter\View\{closure}()
 4 SYSTEMPATH\Common.php(1173): CodeIgniter\View\View->render('panel/servicio_detalles', [], true)
 5 APPPATH\Controllers\Panel\Servicio_detalles.php(83): view('panel/servicio_detalles', [...])
 6 APPPATH\Controllers\Panel\Servicio_detalles.php(34): App\Controllers\Panel\Servicio_detalles->crear_vista('panel/servicio_detalles', [...])
 7 SYSTEMPATH\CodeIgniter.php(933): App\Controllers\Panel\Servicio_detalles->index('9')
 8 SYSTEMPATH\CodeIgniter.php(507): CodeIgniter\CodeIgniter->runController(Object(App\Controllers\Panel\Servicio_detalles))
 9 SYSTEMPATH\CodeIgniter.php(354): CodeIgniter\CodeIgniter->handleRequest(null, Object(Config\Cache), false)
10 SYSTEMPATH\Boot.php(334): CodeIgniter\CodeIgniter->run()
11 SYSTEMPATH\Boot.php(67): CodeIgniter\Boot::runCodeIgniter(Object(CodeIgniter\CodeIgniter))
12 FCPATH\index.php(56): CodeIgniter\Boot::bootWeb(Object(Config\Paths))
13 SYSTEMPATH\rewrite.php(44): require_once('C:\\xampp\\htdocs\\ESTILO_NAYE\\public\\index.php')
DEBUG - 2025-03-12 20:48:21 --> Session: Class initialized using 'CodeIgniter\Session\Handlers\FileHandler' driver.
CRITICAL - 2025-03-12 14:48:21 --> ErrorException: Undefined variable $usuario
[Method: GET, Route: detalles_servicio/9]
in APPPATH\Views\panel\servicio_detalles.php on line 125.
 1 APPPATH\Views\panel\servicio_detalles.php(125): CodeIgniter\Debug\Exceptions->errorHandler(2, 'Undefined variable $usuario', 'C:\\xampp\\htdocs\\ESTILO_NAYE\\app\\Views\\panel\\servicio_detalles.php', 125)
 2 SYSTEMPATH\View\View.php(224): include('C:\\xampp\\htdocs\\ESTILO_NAYE\\app\\Views\\panel\\servicio_detalles.php')
 3 SYSTEMPATH\View\View.php(227): CodeIgniter\View\View->CodeIgniter\View\{closure}()
 4 SYSTEMPATH\Common.php(1173): CodeIgniter\View\View->render('panel/servicio_detalles', [], true)
 5 APPPATH\Controllers\Panel\Servicio_detalles.php(83): view('panel/servicio_detalles', [...])
 6 APPPATH\Controllers\Panel\Servicio_detalles.php(34): App\Controllers\Panel\Servicio_detalles->crear_vista('panel/servicio_detalles', [...])
 7 SYSTEMPATH\CodeIgniter.php(933): App\Controllers\Panel\Servicio_detalles->index('9')
 8 SYSTEMPATH\CodeIgniter.php(507): CodeIgniter\CodeIgniter->runController(Object(App\Controllers\Panel\Servicio_detalles))
 9 SYSTEMPATH\CodeIgniter.php(354): CodeIgniter\CodeIgniter->handleRequest(null, Object(Config\Cache), false)
10 SYSTEMPATH\Boot.php(334): CodeIgniter\CodeIgniter->run()
11 SYSTEMPATH\Boot.php(67): CodeIgniter\Boot::runCodeIgniter(Object(CodeIgniter\CodeIgniter))
12 FCPATH\index.php(56): CodeIgniter\Boot::bootWeb(Object(Config\Paths))
13 SYSTEMPATH\rewrite.php(44): require_once('C:\\xampp\\htdocs\\ESTILO_NAYE\\public\\index.php')
DEBUG - 2025-03-12 20:48:35 --> Session: Class initialized using 'CodeIgniter\Session\Handlers\FileHandler' driver.
DEBUG - 2025-03-12 20:48:58 --> Session: Class initialized using 'CodeIgniter\Session\Handlers\FileHandler' driver.
DEBUG - 2025-03-12 20:49:01 --> Session: Class initialized using 'CodeIgniter\Session\Handlers\FileHandler' driver.
DEBUG - 2025-03-12 20:49:07 --> Session: Class initialized using 'CodeIgniter\Session\Handlers\FileHandler' driver.
DEBUG - 2025-03-12 20:50:01 --> Session: Class initialized using 'CodeIgniter\Session\Handlers\FileHandler' driver.
CRITICAL - 2025-03-12 14:50:01 --> ErrorException: Undefined array key "nombre"
[Method: POST, Route: editar_servicio]
in APPPATH\Controllers\Panel\Servicio_detalles.php on line 122.
 1 APPPATH\Controllers\Panel\Servicio_detalles.php(122): CodeIgniter\Debug\Exceptions->errorHandler(2, 'Undefined array key "nombre"', 'C:\\xampp\\htdocs\\ESTILO_NAYE\\app\\Controllers\\Panel\\Servicio_detalles.php', 122)
 2 SYSTEMPATH\CodeIgniter.php(933): App\Controllers\Panel\Servicio_detalles->editar()
 3 SYSTEMPATH\CodeIgniter.php(507): CodeIgniter\CodeIgniter->runController(Object(App\Controllers\Panel\Servicio_detalles))
 4 SYSTEMPATH\CodeIgniter.php(354): CodeIgniter\CodeIgniter->handleRequest(null, Object(Config\Cache), false)
 5 SYSTEMPATH\Boot.php(334): CodeIgniter\CodeIgniter->run()
 6 SYSTEMPATH\Boot.php(67): CodeIgniter\Boot::runCodeIgniter(Object(CodeIgniter\CodeIgniter))
 7 FCPATH\index.php(56): CodeIgniter\Boot::bootWeb(Object(Config\Paths))
 8 SYSTEMPATH\rewrite.php(44): require_once('C:\\xampp\\htdocs\\ESTILO_NAYE\\public\\index.php')
DEBUG - 2025-03-12 20:50:18 --> Session: Class initialized using 'CodeIgniter\Session\Handlers\FileHandler' driver.
DEBUG - 2025-03-12 20:50:18 --> Session: Class initialized using 'CodeIgniter\Session\Handlers\FileHandler' driver.
DEBUG - 2025-03-12 20:50:25 --> Session: Class initialized using 'CodeIgniter\Session\Handlers\FileHandler' driver.
DEBUG - 2025-03-12 20:50:30 --> Session: Class initialized using 'CodeIgniter\Session\Handlers\FileHandler' driver.
DEBUG - 2025-03-12 20:52:55 --> Session: Class initialized using 'CodeIgniter\Session\Handlers\FileHandler' driver.
DEBUG - 2025-03-12 20:53:45 --> Session: Class initialized using 'CodeIgniter\Session\Handlers\FileHandler' driver.
DEBUG - 2025-03-12 20:53:45 --> Session: Class initialized using 'CodeIgniter\Session\Handlers\FileHandler' driver.
DEBUG - 2025-03-12 20:53:50 --> Session: Class initialized using 'CodeIgniter\Session\Handlers\FileHandler' driver.
DEBUG - 2025-03-12 20:54:21 --> Session: Class initialized using 'CodeIgniter\Session\Handlers\FileHandler' driver.
DEBUG - 2025-03-12 20:54:23 --> Session: Class initialized using 'CodeIgniter\Session\Handlers\FileHandler' driver.
